<?xml version="1.0" encoding="UTF-8"?>
<!-- Generated by org.testng.reporters.JUnitXMLReporter -->
<testsuite ignored="4" hostname="Dipak" failures="2" tests="56" name="Test" time="1787.945" errors="0" timestamp="2023-03-28T16:46:10 IST">
  <testcase classname="tests.TestBase" name="@AfterMethod afterMethodUpdateExtentReportWithTestDetails" time="0.004">
    <failure type="org.openqa.selenium.NoSuchWindowException" message="no such window: target window already closed
from unknown error: web view not found
  (Session info: chrome=111.0.5563.111)
Build info: version: &amp;apos;3.141.59&amp;apos;, revision: &amp;apos;e82be7d358&amp;apos;, time: &amp;apos;2018-11-14T08:17:03&amp;apos;
System info: host: &amp;apos;DIPAK&amp;apos;, ip: &amp;apos;192.168.2.176&amp;apos;, os.name: &amp;apos;Windows 10&amp;apos;, os.arch: &amp;apos;amd64&amp;apos;, os.version: &amp;apos;10.0&amp;apos;, java.version: &amp;apos;17.0.5&amp;apos;
Driver info: org.openqa.selenium.chrome.ChromeDriver
Capabilities {acceptInsecureCerts: false, browserName: chrome, browserVersion: 111.0.5563.111, chrome: {chromedriverVersion: 111.0.5563.64 (c710e93d5b63..., userDataDir: C:\Users\DHOLKA~1\AppData\L...}, goog:chromeOptions: {debuggerAddress: localhost:55275}, javascriptEnabled: true, networkConnectionEnabled: false, pageLoadStrategy: normal, platform: WINDOWS, platformName: WINDOWS, proxy: Proxy(), setWindowRect: true, strictFileInteractability: false, timeouts: {implicit: 0, pageLoad: 300000, script: 30000}, unhandledPromptBehavior: dismiss and notify, webauthn:extension:credBlob: true, webauthn:extension:largeBlob: true, webauthn:extension:minPinLength: true, webauthn:extension:prf: true, webauthn:virtualAuthenticators: true}
Session ID: ab06c1432bbf4de58028badf87298ecf">
      <![CDATA[org.openqa.selenium.NoSuchWindowException: no such window: target window already closed
from unknown error: web view not found
  (Session info: chrome=111.0.5563.111)
Build info: version: '3.141.59', revision: 'e82be7d358', time: '2018-11-14T08:17:03'
System info: host: 'DIPAK', ip: '192.168.2.176', os.name: 'Windows 10', os.arch: 'amd64', os.version: '10.0', java.version: '17.0.5'
Driver info: org.openqa.selenium.chrome.ChromeDriver
Capabilities {acceptInsecureCerts: false, browserName: chrome, browserVersion: 111.0.5563.111, chrome: {chromedriverVersion: 111.0.5563.64 (c710e93d5b63..., userDataDir: C:\Users\DHOLKA~1\AppData\L...}, goog:chromeOptions: {debuggerAddress: localhost:55275}, javascriptEnabled: true, networkConnectionEnabled: false, pageLoadStrategy: normal, platform: WINDOWS, platformName: WINDOWS, proxy: Proxy(), setWindowRect: true, strictFileInteractability: false, timeouts: {implicit: 0, pageLoad: 300000, script: 30000}, unhandledPromptBehavior: dismiss and notify, webauthn:extension:credBlob: true, webauthn:extension:largeBlob: true, webauthn:extension:minPinLength: true, webauthn:extension:prf: true, webauthn:virtualAuthenticators: true}
Session ID: ab06c1432bbf4de58028badf87298ecf
at org.openqa.selenium.remote.http.W3CHttpResponseCodec.createException(W3CHttpResponseCodec.java:187)
at org.openqa.selenium.remote.http.W3CHttpResponseCodec.decode(W3CHttpResponseCodec.java:122)
at org.openqa.selenium.remote.http.W3CHttpResponseCodec.decode(W3CHttpResponseCodec.java:49)
at org.openqa.selenium.remote.HttpCommandExecutor.execute(HttpCommandExecutor.java:158)
at org.openqa.selenium.remote.service.DriverCommandExecutor.execute(DriverCommandExecutor.java:83)
at org.openqa.selenium.remote.RemoteWebDriver.execute(RemoteWebDriver.java:552)
at org.openqa.selenium.remote.RemoteWebDriver.execute(RemoteWebDriver.java:609)
at org.openqa.selenium.remote.RemoteWebDriver.getScreenshotAs(RemoteWebDriver.java:295)
at utils.ScreenshotHelper.takeScreenshot(ScreenshotHelper.java:53)
at utils.ExtentReport.addScreenshot(ExtentReport.java:223)
at utils.logger.LogsManager.addScreenshot(LogsManager.java:258)
at tests.TestBase.afterMethodUpdateExtentReportWithTestDetails(TestBase.java:136)
at java.base/java.util.ArrayList.forEach(ArrayList.java:1511)
... Removed 37 stack frames]]>
    </failure>
  </testcase> <!-- @AfterMethod afterMethodUpdateExtentReportWithTestDetails -->
  <testcase classname="tests.TestBase" name="@BeforeMethod initializeExtentTest" time="-1.680000527886E9">
    <skipped/>
  </testcase> <!-- @BeforeMethod initializeExtentTest -->
  <testcase classname="tests.TestBase" name="@AfterMethod afterMethodUpdateExtentReportWithTestDetails" time="-1.680000527898E9">
    <skipped/>
  </testcase> <!-- @AfterMethod afterMethodUpdateExtentReportWithTestDetails -->
  <testcase classname="tests.TestBase" name="@BeforeMethod initializeExtentTest" time="-1.6800005279E9">
    <skipped/>
  </testcase> <!-- @BeforeMethod initializeExtentTest -->
  <testcase classname="tests.TestBase" name="@AfterMethod afterMethodUpdateExtentReportWithTestDetails" time="-1.680000527907E9">
    <skipped/>
  </testcase> <!-- @AfterMethod afterMethodUpdateExtentReportWithTestDetails -->
  <testcase classname="tests.TestBase" name="@BeforeMethod initializeExtentTest" time="-1.68000052791E9">
    <skipped/>
  </testcase> <!-- @BeforeMethod initializeExtentTest -->
  <testcase classname="tests.TestBase" name="@AfterMethod afterMethodUpdateExtentReportWithTestDetails" time="-1.68000052792E9">
    <skipped/>
  </testcase> <!-- @AfterMethod afterMethodUpdateExtentReportWithTestDetails -->
  <testcase classname="tests.TestBase" name="@AfterClass logClassExecutionCompletedMsg" time="-1.680000527923E9">
    <skipped/>
  </testcase> <!-- @AfterClass logClassExecutionCompletedMsg -->
  <testcase classname="tests.PmoModuleTest.PmoAdminPartsUOMPageTest" name="LaunchPmomodule" time="23.586"/>
  <testcase classname="tests.PmoModuleTest.PmoAdminPartsUOMPageTest" name="clickPartsUOMLink" time="10.449"/>
  <testcase classname="tests.PmoModuleTest.PmoAdminPartsUOMPageTest" name="verifyPartsUOMHeader" time="10.104"/>
  <testcase classname="tests.PmoModuleTest.PmoAdminPartsUOMPageTest" name="spaceInPartsUOM" time="26.078"/>
  <testcase classname="tests.PmoModuleTest.PmoAdminPartsUOMPageTest" name="addPartsUOM" time="37.726"/>
  <testcase classname="tests.PmoModuleTest.PmoAdminPartsUOMPageTest" name="editPartsUOM" time="20.954">
    <failure type="java.lang.AssertionError" message="edit button in Parts uom is not clickable">
      <![CDATA[java.lang.AssertionError: edit button in Parts uom is not clickable
at pages.PMOAdministratorModule.PmoAdminPartsUOMModule.editPartsuomButton(PmoAdminPartsUOMModule.java:284)
at tests.PmoModuleTest.PmoAdminPartsUOMPageTest.editPartsUOM(PmoAdminPartsUOMPageTest.java:85)
at java.base/java.util.ArrayList.forEach(ArrayList.java:1511)
... Removed 28 stack frames]]>
    </failure>
  </testcase> <!-- editPartsUOM -->
  <testcase classname="tests.PmoModuleTest.PmoAdminPartsUOMPageTest" name="duplicatePartsUOM" time="10.527">
    <failure type="org.openqa.selenium.NoSuchWindowException" message="no such window: target window already closed
from unknown error: web view not found
  (Session info: chrome=111.0.5563.111)
Build info: version: &amp;apos;3.141.59&amp;apos;, revision: &amp;apos;e82be7d358&amp;apos;, time: &amp;apos;2018-11-14T08:17:03&amp;apos;
System info: host: &amp;apos;DIPAK&amp;apos;, ip: &amp;apos;192.168.2.176&amp;apos;, os.name: &amp;apos;Windows 10&amp;apos;, os.arch: &amp;apos;amd64&amp;apos;, os.version: &amp;apos;10.0&amp;apos;, java.version: &amp;apos;17.0.5&amp;apos;
Driver info: org.openqa.selenium.chrome.ChromeDriver
Capabilities {acceptInsecureCerts: false, browserName: chrome, browserVersion: 111.0.5563.111, chrome: {chromedriverVersion: 111.0.5563.64 (c710e93d5b63..., userDataDir: C:\Users\DHOLKA~1\AppData\L...}, goog:chromeOptions: {debuggerAddress: localhost:55275}, javascriptEnabled: true, networkConnectionEnabled: false, pageLoadStrategy: normal, platform: WINDOWS, platformName: WINDOWS, proxy: Proxy(), setWindowRect: true, strictFileInteractability: false, timeouts: {implicit: 0, pageLoad: 300000, script: 30000}, unhandledPromptBehavior: dismiss and notify, webauthn:extension:credBlob: true, webauthn:extension:largeBlob: true, webauthn:extension:minPinLength: true, webauthn:extension:prf: true, webauthn:virtualAuthenticators: true}
Session ID: ab06c1432bbf4de58028badf87298ecf">
      <![CDATA[org.openqa.selenium.NoSuchWindowException: no such window: target window already closed
from unknown error: web view not found
  (Session info: chrome=111.0.5563.111)
Build info: version: '3.141.59', revision: 'e82be7d358', time: '2018-11-14T08:17:03'
System info: host: 'DIPAK', ip: '192.168.2.176', os.name: 'Windows 10', os.arch: 'amd64', os.version: '10.0', java.version: '17.0.5'
Driver info: org.openqa.selenium.chrome.ChromeDriver
Capabilities {acceptInsecureCerts: false, browserName: chrome, browserVersion: 111.0.5563.111, chrome: {chromedriverVersion: 111.0.5563.64 (c710e93d5b63..., userDataDir: C:\Users\DHOLKA~1\AppData\L...}, goog:chromeOptions: {debuggerAddress: localhost:55275}, javascriptEnabled: true, networkConnectionEnabled: false, pageLoadStrategy: normal, platform: WINDOWS, platformName: WINDOWS, proxy: Proxy(), setWindowRect: true, strictFileInteractability: false, timeouts: {implicit: 0, pageLoad: 300000, script: 30000}, unhandledPromptBehavior: dismiss and notify, webauthn:extension:credBlob: true, webauthn:extension:largeBlob: true, webauthn:extension:minPinLength: true, webauthn:extension:prf: true, webauthn:virtualAuthenticators: true}
Session ID: ab06c1432bbf4de58028badf87298ecf
at org.openqa.selenium.remote.http.W3CHttpResponseCodec.createException(W3CHttpResponseCodec.java:187)
at org.openqa.selenium.remote.http.W3CHttpResponseCodec.decode(W3CHttpResponseCodec.java:122)
at org.openqa.selenium.remote.http.W3CHttpResponseCodec.decode(W3CHttpResponseCodec.java:49)
at org.openqa.selenium.remote.HttpCommandExecutor.execute(HttpCommandExecutor.java:158)
at org.openqa.selenium.remote.service.DriverCommandExecutor.execute(DriverCommandExecutor.java:83)
at org.openqa.selenium.remote.RemoteWebDriver.execute(RemoteWebDriver.java:552)
at org.openqa.selenium.remote.RemoteWebDriver.execute(RemoteWebDriver.java:609)
at org.openqa.selenium.remote.RemoteWebDriver.getScreenshotAs(RemoteWebDriver.java:295)
at utils.ScreenshotHelper.takeScreenshot(ScreenshotHelper.java:53)
at utils.ExtentReport.addScreenshot(ExtentReport.java:223)
at utils.logger.LogsManager.addScreenshot(LogsManager.java:258)
at utils.BrowserActionBase.clickButton(BrowserActionBase.java:41)
at pages.PMOAdministratorModule.PmoAdminPartsUOMModule.addnewPartButton(PmoAdminPartsUOMModule.java:142)
at tests.PmoModuleTest.PmoAdminPartsUOMPageTest.duplicatePartsUOM(PmoAdminPartsUOMPageTest.java:100)
at java.base/java.util.ArrayList.forEach(ArrayList.java:1511)
... Removed 32 stack frames]]>
    </failure>
  </testcase> <!-- duplicatePartsUOM -->
  <testcase classname="tests.PmoModuleTest.PmoAdminPartsUOMPageTest" name="deletePartsUOM" time="0.0">
    <skipped/>
  </testcase> <!-- deletePartsUOM -->
  <testcase classname="tests.PmoModuleTest.PmoAdminPartsUOMPageTest" name="excelExportPartsUOM" time="0.0">
    <skipped/>
  </testcase> <!-- excelExportPartsUOM -->
  <testcase classname="tests.PmoModuleTest.PmoAdminPartsUOMPageTest" name="saveDisablePartsUOM" time="0.0">
    <skipped/>
  </testcase> <!-- saveDisablePartsUOM -->
  <testcase classname="tests.PmoModuleTest.PmoAdminMeasurePageTest" name="LaunchPmomodule" time="23.241"/>
  <testcase classname="tests.PmoModuleTest.PmoAdminMeasurePageTest" name="clickMeasureLink" time="10.226"/>
  <testcase classname="tests.PmoModuleTest.PmoAdminMeasurePageTest" name="verifyMeasureHeader" time="10.457"/>
  <testcase classname="tests.PmoModuleTest.PmoAdminMeasurePageTest" name="spaceInMeasure" time="15.869"/>
  <testcase classname="tests.PmoModuleTest.PmoAdminMeasurePageTest" name="addMeasure" time="92.146"/>
  <testcase classname="tests.PmoModuleTest.PmoAdminMeasurePageTest" name="editMeasure" time="112.027"/>
  <testcase classname="tests.PmoModuleTest.PmoAdminMeasurePageTest" name="duplicateMeasure" time="61.631"/>
  <testcase classname="tests.PmoModuleTest.PmoAdminMeasurePageTest" name="removeUomList" time="36.994"/>
  <testcase classname="tests.PmoModuleTest.PmoAdminMeasurePageTest" name="resetmeasure" time="25.872"/>
  <testcase classname="tests.PmoModuleTest.PmoAdminMeasurePageTest" name="deleteMeasure" time="56.572"/>
  <testcase classname="tests.PmoModuleTest.PmoAdminMeasurePageTest" name="addnewuom" time="46.93"/>
  <testcase classname="tests.PmoModuleTest.PmoAdminMeasurePageTest" name="EditUOM" time="56.949"/>
  <testcase classname="tests.PmoModuleTest.PmoAdminMeasurePageTest" name="newUomInDropDown" time="119.089"/>
  <testcase classname="tests.PmoModuleTest.PmoAdminMeasurePageTest" name="deleteMeasurementUOMInMeasure" time="31.49"/>
  <testcase classname="tests.PmoModuleTest.PmoAdminMeasurePageTest" name="excelExportMeasurementUOMInMeasure" time="10.349"/>
  <testcase classname="tests.PmoModuleTest.PmoAdminMeasurePageTest" name="saveDisableMeasure" time="0.051"/>
  <testcase classname="tests.PmoModuleTest.PmoAdminMaterialPageTest" name="LaunchPmomodule" time="22.984"/>
  <testcase classname="tests.PmoModuleTest.PmoAdminMaterialPageTest" name="clickMaterialLink" time="5.229"/>
  <testcase classname="tests.PmoModuleTest.PmoAdminMaterialPageTest" name="verifyMaterialHeader" time="10.874"/>
  <testcase classname="tests.PmoModuleTest.PmoAdminMaterialPageTest" name="spaceInMaterial" time="26.283"/>
  <testcase classname="tests.PmoModuleTest.PmoAdminMaterialPageTest" name="addPart" time="47.221"/>
  <testcase classname="tests.PmoModuleTest.PmoAdminMaterialPageTest" name="editPart" time="68.49"/>
  <testcase classname="tests.PmoModuleTest.PmoAdminMaterialPageTest" name="deleteMaterial" time="52.041"/>
  <testcase classname="tests.PmoModuleTest.PmoAdminMaterialPageTest" name="numericValidationMaterial" time="37.84"/>
  <testcase classname="tests.PmoModuleTest.PmoAdminMaterialPageTest" name="excelExportMMaterial" time="5.323"/>
  <testcase classname="tests.PmoModuleTest.PmoAdminMaterialPageTest" name="verifyMaterialSaveButtonIsDisable" time="10.562"/>
  <testcase classname="tests.PmoModuleTest.PmoAdminMaterialPageTest" name="navigateToTotalInventory" time="5.365"/>
  <testcase classname="tests.PmoModuleTest.PmoAdminMaterialPageTest" name="searchItemTotalInventory" time="70.918"/>
  <testcase classname="tests.PmoModuleTest.PmoAdminMaterialPageTest" name="addItemTotalInventory" time="90.207"/>
  <testcase classname="tests.PmoModuleTest.PmoAdministratorRPNPageTest" name="LaunchPmomodule" time="24.594"/>
  <testcase classname="tests.PmoModuleTest.PmoAdministratorRPNPageTest" name="clickRPNsLink" time="0.295"/>
  <testcase classname="tests.PmoModuleTest.PmoAdministratorRPNPageTest" name="verifyHeader" time="10.434"/>
  <testcase classname="tests.PmoModuleTest.PmoAdministratorRPNPageTest" name="editRPNs" time="61.74"/>
  <testcase classname="tests.PmoModuleTest.PmoAdministratorRPNPageTest" name="checkAddedRPNsInList" time="40.767"/>
  <testcase classname="tests.PmoModuleTest.PmoAdministratorRPNPageTest" name="spaceInRPNs" time="41.128"/>
  <testcase classname="tests.PmoModuleTest.PmoAdministratorRPNPageTest" name="severityExcelExport" time="10.204"/>
  <testcase classname="tests.PmoModuleTest.PmoAdministratorRPNPageTest" name="clickOccuranceLink" time="10.517"/>
  <testcase classname="tests.PmoModuleTest.PmoAdministratorRPNPageTest" name="editOccurance" time="71.568"/>
  <testcase classname="tests.PmoModuleTest.PmoAdministratorRPNPageTest" name="checkUpdatedOccuranceInList" time="40.761"/>
  <testcase classname="tests.PmoModuleTest.PmoAdministratorRPNPageTest" name="spaceInOccurance" time="51.106"/>
  <testcase classname="tests.PmoModuleTest.PmoAdministratorRPNPageTest" name="occuranceExcelExport" time="10.177"/>
  <testcase classname="tests.PmoModuleTest.PmoAdministratorRPNPageTest" name="clickRPNLink" time="10.398"/>
  <testcase classname="tests.PmoModuleTest.PmoAdministratorRPNPageTest" name="editRPN" time="41.246"/>
  <testcase classname="tests.PmoModuleTest.PmoAdministratorRPNPageTest" name="checkUpdatedRPNInList" time="10.129"/>
  <testcase classname="tests.PmoModuleTest.PmoAdministratorRPNPageTest" name="spaceInRPN" time="31.038"/>
  <testcase classname="tests.PmoModuleTest.PmoAdministratorRPNPageTest" name="rpnExcelExport" time="0.17"/>
  <testcase classname="tests.TestBase" name="@BeforeSuite initializeExtentReport" time="0.0">
    <ignored/>
  </testcase> <!-- @BeforeSuite initializeExtentReport -->
  <testcase classname="tests.TestBase" name="@BeforeSuite initializeExtentReport" time="0.0">
    <ignored/>
  </testcase> <!-- @BeforeSuite initializeExtentReport -->
  <testcase classname="tests.TestBase" name="@BeforeSuite initializeExtentReport" time="0.0">
    <ignored/>
  </testcase> <!-- @BeforeSuite initializeExtentReport -->
  <testcase classname="tests.PmoModuleTest.PmoAdminMaterialPageTest" name="duplicatePart" time="0.0">
    <ignored/>
  </testcase> <!-- duplicatePart -->
</testsuite> <!-- Test -->
