<html>
<head>
<title>TestNG:  Test</title>
<link href="../testng.css" rel="stylesheet" type="text/css" />
<link href="../my-testng.css" rel="stylesheet" type="text/css" />

<style type="text/css">
.log { display: none;} 
.stack-trace { display: none;} 
</style>
<script type="text/javascript">
<!--
function flip(e) {
  current = e.style.display;
  if (current == 'block') {
    e.style.display = 'none';
    return 0;
  }
  else {
    e.style.display = 'block';
    return 1;
  }
}

function toggleBox(szDivId, elem, msg1, msg2)
{
  var res = -1;  if (document.getElementById) {
    res = flip(document.getElementById(szDivId));
  }
  else if (document.all) {
    // this is the way old msie versions work
    res = flip(document.all[szDivId]);
  }
  if(elem) {
    if(res == 0) elem.innerHTML = msg1; else elem.innerHTML = msg2;
  }

}

function toggleAllBoxes() {
  if (document.getElementsByTagName) {
    d = document.getElementsByTagName('div');
    for (i = 0; i < d.length; i++) {
      if (d[i].className == 'log') {
        flip(d[i]);
      }
    }
  }
}

// -->
</script>

</head>
<body>
<h2 align='center'>Test</h2><table border='1' align="center">
<tr>
<td>Tests passed/Failed/Skipped:</td><td>51/2/3</td>
</tr><tr>
<td>Started on:</td><td>Tue Mar 28 16:16:22 IST 2023</td>
</tr>
<tr><td>Total time:</td><td>1787 seconds (1787945 ms)</td>
</tr><tr>
<td>Included groups:</td><td></td>
</tr><tr>
<td>Excluded groups:</td><td></td>
</tr>
</table><p/>
<small><i>(Hover the method name to see the test class name)</i></small><p/>
<table width='100%' border='1' class='invocation-failed'>
<tr><td colspan='4' align='center'><b>FAILED CONFIGURATIONS</b></td></tr>
<tr><td><b>Test method</b></td>
<td width="30%"><b>Exception</b></td>
<td width="10%"><b>Time (seconds)</b></td>
<td><b>Instance</b></td>
</tr>
<tr>
<td title='tests.PmoModuleTest.PmoAdminPartsUOMPageTest.afterMethodUpdateExtentReportWithTestDetails()'><b>afterMethodUpdateExtentReportWithTestDetails</b><br>Test class: tests.PmoModuleTest.PmoAdminPartsUOMPageTest<br>Parameters: [TestResult name=duplicatePartsUOM status=FAILURE method=PmoAdminPartsUOMPageTest.duplicatePartsUOM()[pri:7, instance:tests.PmoModuleTest.PmoAdminPartsUOMPageTest@60bdf15d] output={null}]</td>
<td><div><pre>org.openqa.selenium.NoSuchWindowException: no such window: target window already closed
from unknown error: web view not found
  (Session info: chrome=111.0.5563.111)
Build info: version: &apos;3.141.59&apos;, revision: &apos;e82be7d358&apos;, time: &apos;2018-11-14T08:17:03&apos;
System info: host: &apos;DIPAK&apos;, ip: &apos;192.168.2.176&apos;, os.name: &apos;Windows 10&apos;, os.arch: &apos;amd64&apos;, os.version: &apos;10.0&apos;, java.version: &apos;17.0.5&apos;
Driver info: org.openqa.selenium.chrome.ChromeDriver
Capabilities {acceptInsecureCerts: false, browserName: chrome, browserVersion: 111.0.5563.111, chrome: {chromedriverVersion: 111.0.5563.64 (c710e93d5b63..., userDataDir: C:\Users\DHOLKA~1\AppData\L...}, goog:chromeOptions: {debuggerAddress: localhost:55275}, javascriptEnabled: true, networkConnectionEnabled: false, pageLoadStrategy: normal, platform: WINDOWS, platformName: WINDOWS, proxy: Proxy(), setWindowRect: true, strictFileInteractability: false, timeouts: {implicit: 0, pageLoad: 300000, script: 30000}, unhandledPromptBehavior: dismiss and notify, webauthn:extension:credBlob: true, webauthn:extension:largeBlob: true, webauthn:extension:minPinLength: true, webauthn:extension:prf: true, webauthn:virtualAuthenticators: true}
Session ID: ab06c1432bbf4de58028badf87298ecf
	at org.openqa.selenium.remote.http.W3CHttpResponseCodec.createException(W3CHttpResponseCodec.java:187)
	at org.openqa.selenium.remote.http.W3CHttpResponseCodec.decode(W3CHttpResponseCodec.java:122)
	at org.openqa.selenium.remote.http.W3CHttpResponseCodec.decode(W3CHttpResponseCodec.java:49)
	at org.openqa.selenium.remote.HttpCommandExecutor.execute(HttpCommandExecutor.java:158)
	at org.openqa.selenium.remote.service.DriverCommandExecutor.execute(DriverCommandExecutor.java:83)
	at org.openqa.selenium.remote.RemoteWebDriver.execute(RemoteWebDriver.java:552)
	at org.openqa.selenium.remote.RemoteWebDriver.execute(RemoteWebDriver.java:609)
	at org.openqa.selenium.remote.RemoteWebDriver.getScreenshotAs(RemoteWebDriver.java:295)
	at utils.ScreenshotHelper.takeScreenshot(ScreenshotHelper.java:53)
	at utils.ExtentReport.addScreenshot(ExtentReport.java:223)
	at utils.logger.LogsManager.addScreenshot(LogsManager.java:258)
	at tests.TestBase.afterMethodUpdateExtentReportWithTestDetails(TestBase.java:136)
	at java.base/java.util.ArrayList.forEach(ArrayList.java:1511)
... Removed 37 stack frames</pre></div><a href='#' onClick='toggleBox("stack-trace1914435501", this, "Click to show all stack frames", "Click to hide stack frames")'>Click to show all stack frames</a>
<div class='stack-trace' id='stack-trace1914435501'><pre>org.openqa.selenium.NoSuchWindowException: no such window: target window already closed
from unknown error: web view not found
  (Session info: chrome=111.0.5563.111)
Build info: version: &apos;3.141.59&apos;, revision: &apos;e82be7d358&apos;, time: &apos;2018-11-14T08:17:03&apos;
System info: host: &apos;DIPAK&apos;, ip: &apos;192.168.2.176&apos;, os.name: &apos;Windows 10&apos;, os.arch: &apos;amd64&apos;, os.version: &apos;10.0&apos;, java.version: &apos;17.0.5&apos;
Driver info: org.openqa.selenium.chrome.ChromeDriver
Capabilities {acceptInsecureCerts: false, browserName: chrome, browserVersion: 111.0.5563.111, chrome: {chromedriverVersion: 111.0.5563.64 (c710e93d5b63..., userDataDir: C:\Users\DHOLKA~1\AppData\L...}, goog:chromeOptions: {debuggerAddress: localhost:55275}, javascriptEnabled: true, networkConnectionEnabled: false, pageLoadStrategy: normal, platform: WINDOWS, platformName: WINDOWS, proxy: Proxy(), setWindowRect: true, strictFileInteractability: false, timeouts: {implicit: 0, pageLoad: 300000, script: 30000}, unhandledPromptBehavior: dismiss and notify, webauthn:extension:credBlob: true, webauthn:extension:largeBlob: true, webauthn:extension:minPinLength: true, webauthn:extension:prf: true, webauthn:virtualAuthenticators: true}
Session ID: ab06c1432bbf4de58028badf87298ecf
	at java.base/jdk.internal.reflect.NativeConstructorAccessorImpl.newInstance0(Native Method)
	at java.base/jdk.internal.reflect.NativeConstructorAccessorImpl.newInstance(NativeConstructorAccessorImpl.java:77)
	at java.base/jdk.internal.reflect.DelegatingConstructorAccessorImpl.newInstance(DelegatingConstructorAccessorImpl.java:45)
	at java.base/java.lang.reflect.Constructor.newInstanceWithCaller(Constructor.java:499)
	at java.base/java.lang.reflect.Constructor.newInstance(Constructor.java:480)
	at org.openqa.selenium.remote.http.W3CHttpResponseCodec.createException(W3CHttpResponseCodec.java:187)
	at org.openqa.selenium.remote.http.W3CHttpResponseCodec.decode(W3CHttpResponseCodec.java:122)
	at org.openqa.selenium.remote.http.W3CHttpResponseCodec.decode(W3CHttpResponseCodec.java:49)
	at org.openqa.selenium.remote.HttpCommandExecutor.execute(HttpCommandExecutor.java:158)
	at org.openqa.selenium.remote.service.DriverCommandExecutor.execute(DriverCommandExecutor.java:83)
	at org.openqa.selenium.remote.RemoteWebDriver.execute(RemoteWebDriver.java:552)
	at org.openqa.selenium.remote.RemoteWebDriver.execute(RemoteWebDriver.java:609)
	at org.openqa.selenium.remote.RemoteWebDriver.getScreenshotAs(RemoteWebDriver.java:295)
	at utils.ScreenshotHelper.takeScreenshot(ScreenshotHelper.java:53)
	at utils.ExtentReport.addScreenshot(ExtentReport.java:223)
	at utils.logger.LogsManager.addScreenshot(LogsManager.java:258)
	at tests.TestBase.afterMethodUpdateExtentReportWithTestDetails(TestBase.java:136)
	at java.base/jdk.internal.reflect.NativeMethodAccessorImpl.invoke0(Native Method)
	at java.base/jdk.internal.reflect.NativeMethodAccessorImpl.invoke(NativeMethodAccessorImpl.java:77)
	at java.base/jdk.internal.reflect.DelegatingMethodAccessorImpl.invoke(DelegatingMethodAccessorImpl.java:43)
	at java.base/java.lang.reflect.Method.invoke(Method.java:568)
	at org.testng.internal.MethodInvocationHelper.invokeMethod(MethodInvocationHelper.java:133)
	at org.testng.internal.MethodInvocationHelper.invokeMethodConsideringTimeout(MethodInvocationHelper.java:62)
	at org.testng.internal.ConfigInvoker.invokeConfigurationMethod(ConfigInvoker.java:340)
	at org.testng.internal.ConfigInvoker.invokeConfigurations(ConfigInvoker.java:294)
	at org.testng.internal.TestInvoker.runConfigMethods(TestInvoker.java:683)
	at org.testng.internal.TestInvoker.runAfterGroupsConfigurations(TestInvoker.java:658)
	at org.testng.internal.TestInvoker.invokeMethod(TestInvoker.java:642)
	at org.testng.internal.TestInvoker.invokeTestMethod(TestInvoker.java:172)
	at org.testng.internal.MethodRunner.runInSequence(MethodRunner.java:46)
	at org.testng.internal.TestInvoker$MethodInvocationAgent.invoke(TestInvoker.java:804)
	at org.testng.internal.TestInvoker.invokeTestMethods(TestInvoker.java:145)
	at org.testng.internal.TestMethodWorker.invokeTestMethods(TestMethodWorker.java:146)
	at org.testng.internal.TestMethodWorker.run(TestMethodWorker.java:128)
	at java.base/java.util.ArrayList.forEach(ArrayList.java:1511)
	at org.testng.TestRunner.privateRun(TestRunner.java:770)
	at org.testng.TestRunner.run(TestRunner.java:591)
	at org.testng.SuiteRunner.runTest(SuiteRunner.java:402)
	at org.testng.SuiteRunner.runSequentially(SuiteRunner.java:396)
	at org.testng.SuiteRunner.privateRun(SuiteRunner.java:355)
	at org.testng.SuiteRunner.run(SuiteRunner.java:304)
	at org.testng.SuiteRunnerWorker.runSuite(SuiteRunnerWorker.java:53)
	at org.testng.SuiteRunnerWorker.run(SuiteRunnerWorker.java:96)
	at org.testng.TestNG.runSuitesSequentially(TestNG.java:1180)
	at org.testng.TestNG.runSuitesLocally(TestNG.java:1102)
	at org.testng.TestNG.runSuites(TestNG.java:1032)
	at org.testng.TestNG.run(TestNG.java:1000)
	at org.testng.remote.AbstractRemoteTestNG.run(AbstractRemoteTestNG.java:115)
	at org.testng.remote.RemoteTestNG.initAndRun(RemoteTestNG.java:251)
	at org.testng.remote.RemoteTestNG.main(RemoteTestNG.java:77)
</pre></div></td>
<td>0</td>
<td>tests.PmoModuleTest.PmoAdminPartsUOMPageTest@60bdf15d</td></tr>
</table><p>
<table width='100%' border='1' class='invocation-skipped'>
<tr><td colspan='4' align='center'><b>SKIPPED CONFIGURATIONS</b></td></tr>
<tr><td><b>Test method</b></td>
<td width="30%"><b>Exception</b></td>
<td width="10%"><b>Time (seconds)</b></td>
<td><b>Instance</b></td>
</tr>
<tr>
<td title='tests.PmoModuleTest.PmoAdminPartsUOMPageTest.initializeExtentTest()'><b>initializeExtentTest</b><br>Test class: tests.PmoModuleTest.PmoAdminPartsUOMPageTest</td>
<td></td>
<td>-1680000527</td>
<td>tests.PmoModuleTest.PmoAdminPartsUOMPageTest@60bdf15d</td></tr>
<tr>
<td title='tests.PmoModuleTest.PmoAdminPartsUOMPageTest.initializeExtentTest()'><b>initializeExtentTest</b><br>Test class: tests.PmoModuleTest.PmoAdminPartsUOMPageTest</td>
<td></td>
<td>-1680000527</td>
<td>tests.PmoModuleTest.PmoAdminPartsUOMPageTest@60bdf15d</td></tr>
<tr>
<td title='tests.PmoModuleTest.PmoAdminPartsUOMPageTest.initializeExtentTest()'><b>initializeExtentTest</b><br>Test class: tests.PmoModuleTest.PmoAdminPartsUOMPageTest</td>
<td></td>
<td>-1680000527</td>
<td>tests.PmoModuleTest.PmoAdminPartsUOMPageTest@60bdf15d</td></tr>
<tr>
<td title='tests.PmoModuleTest.PmoAdminPartsUOMPageTest.afterMethodUpdateExtentReportWithTestDetails()'><b>afterMethodUpdateExtentReportWithTestDetails</b><br>Test class: tests.PmoModuleTest.PmoAdminPartsUOMPageTest</td>
<td></td>
<td>-1680000527</td>
<td>tests.PmoModuleTest.PmoAdminPartsUOMPageTest@60bdf15d</td></tr>
<tr>
<td title='tests.PmoModuleTest.PmoAdminPartsUOMPageTest.afterMethodUpdateExtentReportWithTestDetails()'><b>afterMethodUpdateExtentReportWithTestDetails</b><br>Test class: tests.PmoModuleTest.PmoAdminPartsUOMPageTest</td>
<td></td>
<td>-1680000527</td>
<td>tests.PmoModuleTest.PmoAdminPartsUOMPageTest@60bdf15d</td></tr>
<tr>
<td title='tests.PmoModuleTest.PmoAdminPartsUOMPageTest.afterMethodUpdateExtentReportWithTestDetails()'><b>afterMethodUpdateExtentReportWithTestDetails</b><br>Test class: tests.PmoModuleTest.PmoAdminPartsUOMPageTest</td>
<td></td>
<td>-1680000527</td>
<td>tests.PmoModuleTest.PmoAdminPartsUOMPageTest@60bdf15d</td></tr>
<tr>
<td title='tests.PmoModuleTest.PmoAdminPartsUOMPageTest.logClassExecutionCompletedMsg()'><b>logClassExecutionCompletedMsg</b><br>Test class: tests.PmoModuleTest.PmoAdminPartsUOMPageTest</td>
<td></td>
<td>-1680000527</td>
<td>tests.PmoModuleTest.PmoAdminPartsUOMPageTest@60bdf15d</td></tr>
</table><p>
<table width='100%' border='1' class='invocation-failed'>
<tr><td colspan='4' align='center'><b>FAILED TESTS</b></td></tr>
<tr><td><b>Test method</b></td>
<td width="30%"><b>Exception</b></td>
<td width="10%"><b>Time (seconds)</b></td>
<td><b>Instance</b></td>
</tr>
<tr>
<td title='tests.PmoModuleTest.PmoAdminPartsUOMPageTest.duplicatePartsUOM()'><b>duplicatePartsUOM</b><br>Test class: tests.PmoModuleTest.PmoAdminPartsUOMPageTest<br>Test method: TC_PU_11-Check the functionality of duplicate Measurement UOM with the Same Data</td>
<td><div><pre>org.openqa.selenium.NoSuchWindowException: no such window: target window already closed
from unknown error: web view not found
  (Session info: chrome=111.0.5563.111)
Build info: version: &apos;3.141.59&apos;, revision: &apos;e82be7d358&apos;, time: &apos;2018-11-14T08:17:03&apos;
System info: host: &apos;DIPAK&apos;, ip: &apos;192.168.2.176&apos;, os.name: &apos;Windows 10&apos;, os.arch: &apos;amd64&apos;, os.version: &apos;10.0&apos;, java.version: &apos;17.0.5&apos;
Driver info: org.openqa.selenium.chrome.ChromeDriver
Capabilities {acceptInsecureCerts: false, browserName: chrome, browserVersion: 111.0.5563.111, chrome: {chromedriverVersion: 111.0.5563.64 (c710e93d5b63..., userDataDir: C:\Users\DHOLKA~1\AppData\L...}, goog:chromeOptions: {debuggerAddress: localhost:55275}, javascriptEnabled: true, networkConnectionEnabled: false, pageLoadStrategy: normal, platform: WINDOWS, platformName: WINDOWS, proxy: Proxy(), setWindowRect: true, strictFileInteractability: false, timeouts: {implicit: 0, pageLoad: 300000, script: 30000}, unhandledPromptBehavior: dismiss and notify, webauthn:extension:credBlob: true, webauthn:extension:largeBlob: true, webauthn:extension:minPinLength: true, webauthn:extension:prf: true, webauthn:virtualAuthenticators: true}
Session ID: ab06c1432bbf4de58028badf87298ecf
	at org.openqa.selenium.remote.http.W3CHttpResponseCodec.createException(W3CHttpResponseCodec.java:187)
	at org.openqa.selenium.remote.http.W3CHttpResponseCodec.decode(W3CHttpResponseCodec.java:122)
	at org.openqa.selenium.remote.http.W3CHttpResponseCodec.decode(W3CHttpResponseCodec.java:49)
	at org.openqa.selenium.remote.HttpCommandExecutor.execute(HttpCommandExecutor.java:158)
	at org.openqa.selenium.remote.service.DriverCommandExecutor.execute(DriverCommandExecutor.java:83)
	at org.openqa.selenium.remote.RemoteWebDriver.execute(RemoteWebDriver.java:552)
	at org.openqa.selenium.remote.RemoteWebDriver.execute(RemoteWebDriver.java:609)
	at org.openqa.selenium.remote.RemoteWebDriver.getScreenshotAs(RemoteWebDriver.java:295)
	at utils.ScreenshotHelper.takeScreenshot(ScreenshotHelper.java:53)
	at utils.ExtentReport.addScreenshot(ExtentReport.java:223)
	at utils.logger.LogsManager.addScreenshot(LogsManager.java:258)
	at utils.BrowserActionBase.clickButton(BrowserActionBase.java:41)
	at pages.PMOAdministratorModule.PmoAdminPartsUOMModule.addnewPartButton(PmoAdminPartsUOMModule.java:142)
	at tests.PmoModuleTest.PmoAdminPartsUOMPageTest.duplicatePartsUOM(PmoAdminPartsUOMPageTest.java:100)
	at java.base/java.util.ArrayList.forEach(ArrayList.java:1511)
... Removed 32 stack frames</pre></div><a href='#' onClick='toggleBox("stack-trace371037638", this, "Click to show all stack frames", "Click to hide stack frames")'>Click to show all stack frames</a>
<div class='stack-trace' id='stack-trace371037638'><pre>org.openqa.selenium.NoSuchWindowException: no such window: target window already closed
from unknown error: web view not found
  (Session info: chrome=111.0.5563.111)
Build info: version: &apos;3.141.59&apos;, revision: &apos;e82be7d358&apos;, time: &apos;2018-11-14T08:17:03&apos;
System info: host: &apos;DIPAK&apos;, ip: &apos;192.168.2.176&apos;, os.name: &apos;Windows 10&apos;, os.arch: &apos;amd64&apos;, os.version: &apos;10.0&apos;, java.version: &apos;17.0.5&apos;
Driver info: org.openqa.selenium.chrome.ChromeDriver
Capabilities {acceptInsecureCerts: false, browserName: chrome, browserVersion: 111.0.5563.111, chrome: {chromedriverVersion: 111.0.5563.64 (c710e93d5b63..., userDataDir: C:\Users\DHOLKA~1\AppData\L...}, goog:chromeOptions: {debuggerAddress: localhost:55275}, javascriptEnabled: true, networkConnectionEnabled: false, pageLoadStrategy: normal, platform: WINDOWS, platformName: WINDOWS, proxy: Proxy(), setWindowRect: true, strictFileInteractability: false, timeouts: {implicit: 0, pageLoad: 300000, script: 30000}, unhandledPromptBehavior: dismiss and notify, webauthn:extension:credBlob: true, webauthn:extension:largeBlob: true, webauthn:extension:minPinLength: true, webauthn:extension:prf: true, webauthn:virtualAuthenticators: true}
Session ID: ab06c1432bbf4de58028badf87298ecf
	at java.base/jdk.internal.reflect.NativeConstructorAccessorImpl.newInstance0(Native Method)
	at java.base/jdk.internal.reflect.NativeConstructorAccessorImpl.newInstance(NativeConstructorAccessorImpl.java:77)
	at java.base/jdk.internal.reflect.DelegatingConstructorAccessorImpl.newInstance(DelegatingConstructorAccessorImpl.java:45)
	at java.base/java.lang.reflect.Constructor.newInstanceWithCaller(Constructor.java:499)
	at java.base/java.lang.reflect.Constructor.newInstance(Constructor.java:480)
	at org.openqa.selenium.remote.http.W3CHttpResponseCodec.createException(W3CHttpResponseCodec.java:187)
	at org.openqa.selenium.remote.http.W3CHttpResponseCodec.decode(W3CHttpResponseCodec.java:122)
	at org.openqa.selenium.remote.http.W3CHttpResponseCodec.decode(W3CHttpResponseCodec.java:49)
	at org.openqa.selenium.remote.HttpCommandExecutor.execute(HttpCommandExecutor.java:158)
	at org.openqa.selenium.remote.service.DriverCommandExecutor.execute(DriverCommandExecutor.java:83)
	at org.openqa.selenium.remote.RemoteWebDriver.execute(RemoteWebDriver.java:552)
	at org.openqa.selenium.remote.RemoteWebDriver.execute(RemoteWebDriver.java:609)
	at org.openqa.selenium.remote.RemoteWebDriver.getScreenshotAs(RemoteWebDriver.java:295)
	at utils.ScreenshotHelper.takeScreenshot(ScreenshotHelper.java:53)
	at utils.ExtentReport.addScreenshot(ExtentReport.java:223)
	at utils.logger.LogsManager.addScreenshot(LogsManager.java:258)
	at utils.BrowserActionBase.clickButton(BrowserActionBase.java:41)
	at pages.PMOAdministratorModule.PmoAdminPartsUOMModule.addnewPartButton(PmoAdminPartsUOMModule.java:142)
	at tests.PmoModuleTest.PmoAdminPartsUOMPageTest.duplicatePartsUOM(PmoAdminPartsUOMPageTest.java:100)
	at java.base/jdk.internal.reflect.NativeMethodAccessorImpl.invoke0(Native Method)
	at java.base/jdk.internal.reflect.NativeMethodAccessorImpl.invoke(NativeMethodAccessorImpl.java:77)
	at java.base/jdk.internal.reflect.DelegatingMethodAccessorImpl.invoke(DelegatingMethodAccessorImpl.java:43)
	at java.base/java.lang.reflect.Method.invoke(Method.java:568)
	at org.testng.internal.MethodInvocationHelper.invokeMethod(MethodInvocationHelper.java:133)
	at org.testng.internal.TestInvoker.invokeMethod(TestInvoker.java:584)
	at org.testng.internal.TestInvoker.invokeTestMethod(TestInvoker.java:172)
	at org.testng.internal.MethodRunner.runInSequence(MethodRunner.java:46)
	at org.testng.internal.TestInvoker$MethodInvocationAgent.invoke(TestInvoker.java:804)
	at org.testng.internal.TestInvoker.invokeTestMethods(TestInvoker.java:145)
	at org.testng.internal.TestMethodWorker.invokeTestMethods(TestMethodWorker.java:146)
	at org.testng.internal.TestMethodWorker.run(TestMethodWorker.java:128)
	at java.base/java.util.ArrayList.forEach(ArrayList.java:1511)
	at org.testng.TestRunner.privateRun(TestRunner.java:770)
	at org.testng.TestRunner.run(TestRunner.java:591)
	at org.testng.SuiteRunner.runTest(SuiteRunner.java:402)
	at org.testng.SuiteRunner.runSequentially(SuiteRunner.java:396)
	at org.testng.SuiteRunner.privateRun(SuiteRunner.java:355)
	at org.testng.SuiteRunner.run(SuiteRunner.java:304)
	at org.testng.SuiteRunnerWorker.runSuite(SuiteRunnerWorker.java:53)
	at org.testng.SuiteRunnerWorker.run(SuiteRunnerWorker.java:96)
	at org.testng.TestNG.runSuitesSequentially(TestNG.java:1180)
	at org.testng.TestNG.runSuitesLocally(TestNG.java:1102)
	at org.testng.TestNG.runSuites(TestNG.java:1032)
	at org.testng.TestNG.run(TestNG.java:1000)
	at org.testng.remote.AbstractRemoteTestNG.run(AbstractRemoteTestNG.java:115)
	at org.testng.remote.RemoteTestNG.initAndRun(RemoteTestNG.java:251)
	at org.testng.remote.RemoteTestNG.main(RemoteTestNG.java:77)
</pre></div></td>
<td>10</td>
<td>tests.PmoModuleTest.PmoAdminPartsUOMPageTest@60bdf15d</td></tr>
<tr>
<td title='tests.PmoModuleTest.PmoAdminPartsUOMPageTest.editPartsUOM()'><b>editPartsUOM</b><br>Test class: tests.PmoModuleTest.PmoAdminPartsUOMPageTest<br>Test method: TC_PU_06/TC_PU_07- Check edit functionality of Parts UOM module with properly displayed</td>
<td><div><pre>java.lang.AssertionError: edit button in Parts uom is not clickable
	at pages.PMOAdministratorModule.PmoAdminPartsUOMModule.editPartsuomButton(PmoAdminPartsUOMModule.java:284)
	at tests.PmoModuleTest.PmoAdminPartsUOMPageTest.editPartsUOM(PmoAdminPartsUOMPageTest.java:85)
	at java.base/java.util.ArrayList.forEach(ArrayList.java:1511)
... Removed 28 stack frames</pre></div><a href='#' onClick='toggleBox("stack-trace1214368937", this, "Click to show all stack frames", "Click to hide stack frames")'>Click to show all stack frames</a>
<div class='stack-trace' id='stack-trace1214368937'><pre>java.lang.AssertionError: edit button in Parts uom is not clickable
	at org.testng.Assert.fail(Assert.java:97)
	at pages.PMOAdministratorModule.PmoAdminPartsUOMModule.editPartsuomButton(PmoAdminPartsUOMModule.java:284)
	at tests.PmoModuleTest.PmoAdminPartsUOMPageTest.editPartsUOM(PmoAdminPartsUOMPageTest.java:85)
	at java.base/jdk.internal.reflect.NativeMethodAccessorImpl.invoke0(Native Method)
	at java.base/jdk.internal.reflect.NativeMethodAccessorImpl.invoke(NativeMethodAccessorImpl.java:77)
	at java.base/jdk.internal.reflect.DelegatingMethodAccessorImpl.invoke(DelegatingMethodAccessorImpl.java:43)
	at java.base/java.lang.reflect.Method.invoke(Method.java:568)
	at org.testng.internal.MethodInvocationHelper.invokeMethod(MethodInvocationHelper.java:133)
	at org.testng.internal.TestInvoker.invokeMethod(TestInvoker.java:584)
	at org.testng.internal.TestInvoker.invokeTestMethod(TestInvoker.java:172)
	at org.testng.internal.MethodRunner.runInSequence(MethodRunner.java:46)
	at org.testng.internal.TestInvoker$MethodInvocationAgent.invoke(TestInvoker.java:804)
	at org.testng.internal.TestInvoker.invokeTestMethods(TestInvoker.java:145)
	at org.testng.internal.TestMethodWorker.invokeTestMethods(TestMethodWorker.java:146)
	at org.testng.internal.TestMethodWorker.run(TestMethodWorker.java:128)
	at java.base/java.util.ArrayList.forEach(ArrayList.java:1511)
	at org.testng.TestRunner.privateRun(TestRunner.java:770)
	at org.testng.TestRunner.run(TestRunner.java:591)
	at org.testng.SuiteRunner.runTest(SuiteRunner.java:402)
	at org.testng.SuiteRunner.runSequentially(SuiteRunner.java:396)
	at org.testng.SuiteRunner.privateRun(SuiteRunner.java:355)
	at org.testng.SuiteRunner.run(SuiteRunner.java:304)
	at org.testng.SuiteRunnerWorker.runSuite(SuiteRunnerWorker.java:53)
	at org.testng.SuiteRunnerWorker.run(SuiteRunnerWorker.java:96)
	at org.testng.TestNG.runSuitesSequentially(TestNG.java:1180)
	at org.testng.TestNG.runSuitesLocally(TestNG.java:1102)
	at org.testng.TestNG.runSuites(TestNG.java:1032)
	at org.testng.TestNG.run(TestNG.java:1000)
	at org.testng.remote.AbstractRemoteTestNG.run(AbstractRemoteTestNG.java:115)
	at org.testng.remote.RemoteTestNG.initAndRun(RemoteTestNG.java:251)
	at org.testng.remote.RemoteTestNG.main(RemoteTestNG.java:77)
</pre></div></td>
<td>20</td>
<td>tests.PmoModuleTest.PmoAdminPartsUOMPageTest@60bdf15d</td></tr>
</table><p>
<table width='100%' border='1' class='invocation-passed'>
<tr><td colspan='4' align='center'><b>PASSED TESTS</b></td></tr>
<tr><td><b>Test method</b></td>
<td width="30%"><b>Exception</b></td>
<td width="10%"><b>Time (seconds)</b></td>
<td><b>Instance</b></td>
</tr>
<tr>
<td title='tests.PmoModuleTest.PmoAdminMeasurePageTest.EditUOM()'><b>EditUOM</b><br>Test class: tests.PmoModuleTest.PmoAdminMeasurePageTest<br>Test method: TC_ME_16-Edit uom in master</td>
<td></td>
<td>56</td>
<td>tests.PmoModuleTest.PmoAdminMeasurePageTest@47da3952</td></tr>
<tr>
<td title='tests.PmoModuleTest.PmoAdminPartsUOMPageTest.LaunchPmomodule()'><b>LaunchPmomodule</b><br>Test class: tests.PmoModuleTest.PmoAdminPartsUOMPageTest<br>Test method: Login with PMO Module</td>
<td></td>
<td>23</td>
<td>tests.PmoModuleTest.PmoAdminPartsUOMPageTest@60bdf15d</td></tr>
<tr>
<td title='tests.PmoModuleTest.PmoAdminMeasurePageTest.LaunchPmomodule()'><b>LaunchPmomodule</b><br>Test class: tests.PmoModuleTest.PmoAdminMeasurePageTest<br>Test method: Login to PMO Module </td>
<td></td>
<td>23</td>
<td>tests.PmoModuleTest.PmoAdminMeasurePageTest@47da3952</td></tr>
<tr>
<td title='tests.PmoModuleTest.PmoAdminMaterialPageTest.LaunchPmomodule()'><b>LaunchPmomodule</b><br>Test class: tests.PmoModuleTest.PmoAdminMaterialPageTest<br>Test method: Login to PMO Module </td>
<td></td>
<td>22</td>
<td>tests.PmoModuleTest.PmoAdminMaterialPageTest@51e4ccb3</td></tr>
<tr>
<td title='tests.PmoModuleTest.PmoAdministratorRPNPageTest.LaunchPmomodule()'><b>LaunchPmomodule</b><br>Test class: tests.PmoModuleTest.PmoAdministratorRPNPageTest<br>Test method: Login to Pmo 360 Navigator Application</td>
<td></td>
<td>24</td>
<td>tests.PmoModuleTest.PmoAdministratorRPNPageTest@46e8a539</td></tr>
<tr>
<td title='tests.PmoModuleTest.PmoAdminMaterialPageTest.addItemTotalInventory()'><b>addItemTotalInventory</b><br>Test class: tests.PmoModuleTest.PmoAdminMaterialPageTest<br>Test method: TC_MA_20 Check Add New Item with all data</td>
<td></td>
<td>90</td>
<td>tests.PmoModuleTest.PmoAdminMaterialPageTest@51e4ccb3</td></tr>
<tr>
<td title='tests.PmoModuleTest.PmoAdminMeasurePageTest.addMeasure()'><b>addMeasure</b><br>Test class: tests.PmoModuleTest.PmoAdminMeasurePageTest<br>Test method: TC_ME_04/TC_ME_05- Check the functionality of Add Measure with all data with properly displayed </td>
<td></td>
<td>92</td>
<td>tests.PmoModuleTest.PmoAdminMeasurePageTest@47da3952</td></tr>
<tr>
<td title='tests.PmoModuleTest.PmoAdminMaterialPageTest.addPart()'><b>addPart</b><br>Test class: tests.PmoModuleTest.PmoAdminMaterialPageTest<br>Test method: TC_MA_04/TC_MA_05/TC-MA-06- Check the functionality of Add Part with all data with properly displayed </td>
<td></td>
<td>47</td>
<td>tests.PmoModuleTest.PmoAdminMaterialPageTest@51e4ccb3</td></tr>
<tr>
<td title='tests.PmoModuleTest.PmoAdminPartsUOMPageTest.addPartsUOM()'><b>addPartsUOM</b><br>Test class: tests.PmoModuleTest.PmoAdminPartsUOMPageTest<br>Test method: TC_PU_04/TC_PU_05- Check the functionality of Add Parts UOM with all data with properly displayed </td>
<td></td>
<td>37</td>
<td>tests.PmoModuleTest.PmoAdminPartsUOMPageTest@60bdf15d</td></tr>
<tr>
<td title='tests.PmoModuleTest.PmoAdminMeasurePageTest.addnewuom()'><b>addnewuom</b><br>Test class: tests.PmoModuleTest.PmoAdminMeasurePageTest<br>Test method: TC_ME_15-Add new Uom in master</td>
<td></td>
<td>46</td>
<td>tests.PmoModuleTest.PmoAdminMeasurePageTest@47da3952</td></tr>
<tr>
<td title='tests.PmoModuleTest.PmoAdministratorRPNPageTest.checkAddedRPNsInList()'><b>checkAddedRPNsInList</b><br>Test class: tests.PmoModuleTest.PmoAdministratorRPNPageTest<br>Test method: TC_RPN_04- Check Updated RPNs is displaying in RPNs list or not</td>
<td></td>
<td>40</td>
<td>tests.PmoModuleTest.PmoAdministratorRPNPageTest@46e8a539</td></tr>
<tr>
<td title='tests.PmoModuleTest.PmoAdministratorRPNPageTest.checkUpdatedOccuranceInList()'><b>checkUpdatedOccuranceInList</b><br>Test class: tests.PmoModuleTest.PmoAdministratorRPNPageTest<br>Test method: TC_RPN_10- Check Updated Occurance is displaying in Occurance list or not</td>
<td></td>
<td>40</td>
<td>tests.PmoModuleTest.PmoAdministratorRPNPageTest@46e8a539</td></tr>
<tr>
<td title='tests.PmoModuleTest.PmoAdministratorRPNPageTest.checkUpdatedRPNInList()'><b>checkUpdatedRPNInList</b><br>Test class: tests.PmoModuleTest.PmoAdministratorRPNPageTest<br>Test method: TC_RPN_16- Check Updated RPN is displaying in RPN Tab Screen list or not</td>
<td></td>
<td>10</td>
<td>tests.PmoModuleTest.PmoAdministratorRPNPageTest@46e8a539</td></tr>
<tr>
<td title='tests.PmoModuleTest.PmoAdminMaterialPageTest.clickMaterialLink()'><b>clickMaterialLink</b><br>Test class: tests.PmoModuleTest.PmoAdminMaterialPageTest<br>Test method: TC_MA_01-Check is user able to navigate to Material module </td>
<td></td>
<td>5</td>
<td>tests.PmoModuleTest.PmoAdminMaterialPageTest@51e4ccb3</td></tr>
<tr>
<td title='tests.PmoModuleTest.PmoAdminMeasurePageTest.clickMeasureLink()'><b>clickMeasureLink</b><br>Test class: tests.PmoModuleTest.PmoAdminMeasurePageTest<br>Test method: TC_ME_01-Check is user able to navigate to Measure module </td>
<td></td>
<td>10</td>
<td>tests.PmoModuleTest.PmoAdminMeasurePageTest@47da3952</td></tr>
<tr>
<td title='tests.PmoModuleTest.PmoAdministratorRPNPageTest.clickOccuranceLink()'><b>clickOccuranceLink</b><br>Test class: tests.PmoModuleTest.PmoAdministratorRPNPageTest<br>Test method: TC_RPN_07-Check is user able to navigate to Occurance Tab Screen </td>
<td></td>
<td>10</td>
<td>tests.PmoModuleTest.PmoAdministratorRPNPageTest@46e8a539</td></tr>
<tr>
<td title='tests.PmoModuleTest.PmoAdminPartsUOMPageTest.clickPartsUOMLink()'><b>clickPartsUOMLink</b><br>Test class: tests.PmoModuleTest.PmoAdminPartsUOMPageTest<br>Test method: TC_PU_01-Check is user able to navigate to Parts UOM module </td>
<td></td>
<td>10</td>
<td>tests.PmoModuleTest.PmoAdminPartsUOMPageTest@60bdf15d</td></tr>
<tr>
<td title='tests.PmoModuleTest.PmoAdministratorRPNPageTest.clickRPNLink()'><b>clickRPNLink</b><br>Test class: tests.PmoModuleTest.PmoAdministratorRPNPageTest<br>Test method: TC_RPN_13-Check is user able to navigate to RPN Tab Screen </td>
<td></td>
<td>10</td>
<td>tests.PmoModuleTest.PmoAdministratorRPNPageTest@46e8a539</td></tr>
<tr>
<td title='tests.PmoModuleTest.PmoAdministratorRPNPageTest.clickRPNsLink()'><b>clickRPNsLink</b><br>Test class: tests.PmoModuleTest.PmoAdministratorRPNPageTest<br>Test method: TC_RPN_01-Check is user able to navigate to RPNs module </td>
<td></td>
<td>0</td>
<td>tests.PmoModuleTest.PmoAdministratorRPNPageTest@46e8a539</td></tr>
<tr>
<td title='tests.PmoModuleTest.PmoAdminMaterialPageTest.deleteMaterial()'><b>deleteMaterial</b><br>Test class: tests.PmoModuleTest.PmoAdminMaterialPageTest<br>Test method: TC_MA_09/TC_MA_10/TC_MA_11 - Check delete functionality of Material  with Yes/No option with verifying properly deleted</td>
<td></td>
<td>52</td>
<td>tests.PmoModuleTest.PmoAdminMaterialPageTest@51e4ccb3</td></tr>
<tr>
<td title='tests.PmoModuleTest.PmoAdminMeasurePageTest.deleteMeasure()'><b>deleteMeasure</b><br>Test class: tests.PmoModuleTest.PmoAdminMeasurePageTest<br>Test method: TC_ME_08/TC_ME_09/TC_ME_10- Check delete functionality of Measure  with Yes/No option with verifying properly deleted</td>
<td></td>
<td>56</td>
<td>tests.PmoModuleTest.PmoAdminMeasurePageTest@47da3952</td></tr>
<tr>
<td title='tests.PmoModuleTest.PmoAdminMeasurePageTest.deleteMeasurementUOMInMeasure()'><b>deleteMeasurementUOMInMeasure</b><br>Test class: tests.PmoModuleTest.PmoAdminMeasurePageTest<br>Test method: TC_ME_18- Check delete functionality of Measurement UOM mAster In Measure with Yes/No option with verifying properly deleted</td>
<td></td>
<td>31</td>
<td>tests.PmoModuleTest.PmoAdminMeasurePageTest@47da3952</td></tr>
<tr>
<td title='tests.PmoModuleTest.PmoAdminMeasurePageTest.duplicateMeasure()'><b>duplicateMeasure</b><br>Test class: tests.PmoModuleTest.PmoAdminMeasurePageTest<br>Test method: TC_ME_11-Check the functionality of duplicate Measure with the Same Data</td>
<td></td>
<td>61</td>
<td>tests.PmoModuleTest.PmoAdminMeasurePageTest@47da3952</td></tr>
<tr>
<td title='tests.PmoModuleTest.PmoAdminMeasurePageTest.editMeasure()'><b>editMeasure</b><br>Test class: tests.PmoModuleTest.PmoAdminMeasurePageTest<br>Test method: TC_ME_06/TC_ME_07- Check edit functionality of Measure module with properly displayed</td>
<td></td>
<td>112</td>
<td>tests.PmoModuleTest.PmoAdminMeasurePageTest@47da3952</td></tr>
<tr>
<td title='tests.PmoModuleTest.PmoAdministratorRPNPageTest.editOccurance()'><b>editOccurance</b><br>Test class: tests.PmoModuleTest.PmoAdministratorRPNPageTest<br>Test method: TC_RPN_09- Check edit functionality of Occurance Tab Screen</td>
<td></td>
<td>71</td>
<td>tests.PmoModuleTest.PmoAdministratorRPNPageTest@46e8a539</td></tr>
<tr>
<td title='tests.PmoModuleTest.PmoAdminMaterialPageTest.editPart()'><b>editPart</b><br>Test class: tests.PmoModuleTest.PmoAdminMaterialPageTest<br>Test method: TC_MA_07/TC_MA_08- Check edit functionality of Material module with properly displayed</td>
<td></td>
<td>68</td>
<td>tests.PmoModuleTest.PmoAdminMaterialPageTest@51e4ccb3</td></tr>
<tr>
<td title='tests.PmoModuleTest.PmoAdministratorRPNPageTest.editRPN()'><b>editRPN</b><br>Test class: tests.PmoModuleTest.PmoAdministratorRPNPageTest<br>Test method: TC_RPN_15- Check edit functionality of RPN Tab Screen</td>
<td></td>
<td>41</td>
<td>tests.PmoModuleTest.PmoAdministratorRPNPageTest@46e8a539</td></tr>
<tr>
<td title='tests.PmoModuleTest.PmoAdministratorRPNPageTest.editRPNs()'><b>editRPNs</b><br>Test class: tests.PmoModuleTest.PmoAdministratorRPNPageTest<br>Test method: TC_RPN_03- Check edit functionality of RPNs module</td>
<td></td>
<td>61</td>
<td>tests.PmoModuleTest.PmoAdministratorRPNPageTest@46e8a539</td></tr>
<tr>
<td title='tests.PmoModuleTest.PmoAdminMaterialPageTest.excelExportMMaterial()'><b>excelExportMMaterial</b><br>Test class: tests.PmoModuleTest.PmoAdminMaterialPageTest<br>Test method: TC_MA_13/TC_MA_14 Check & Verify the Excel File Downloaded on Material Master</td>
<td></td>
<td>5</td>
<td>tests.PmoModuleTest.PmoAdminMaterialPageTest@51e4ccb3</td></tr>
<tr>
<td title='tests.PmoModuleTest.PmoAdminMeasurePageTest.excelExportMeasurementUOMInMeasure()'><b>excelExportMeasurementUOMInMeasure</b><br>Test class: tests.PmoModuleTest.PmoAdminMeasurePageTest<br>Test method: TC_ME_19- Check & Verify the Excel File Downloaded on Measurement UOM Master In Measure</td>
<td></td>
<td>10</td>
<td>tests.PmoModuleTest.PmoAdminMeasurePageTest@47da3952</td></tr>
<tr>
<td title='tests.PmoModuleTest.PmoAdminMaterialPageTest.navigateToTotalInventory()'><b>navigateToTotalInventory</b><br>Test class: tests.PmoModuleTest.PmoAdminMaterialPageTest<br>Test method: TC_MA_17 Check is user able to navigate Material to Total Inventory Sub module</td>
<td></td>
<td>5</td>
<td>tests.PmoModuleTest.PmoAdminMaterialPageTest@51e4ccb3</td></tr>
<tr>
<td title='tests.PmoModuleTest.PmoAdminMeasurePageTest.newUomInDropDown()'><b>newUomInDropDown</b><br>Test class: tests.PmoModuleTest.PmoAdminMeasurePageTest<br>Test method: TC_ME_17-Check newly added uom in master is displaying in dropdown or not</td>
<td></td>
<td>119</td>
<td>tests.PmoModuleTest.PmoAdminMeasurePageTest@47da3952</td></tr>
<tr>
<td title='tests.PmoModuleTest.PmoAdminMaterialPageTest.numericValidationMaterial()'><b>numericValidationMaterial</b><br>Test class: tests.PmoModuleTest.PmoAdminMaterialPageTest<br>Test method: TC_MA_16- Verifying the Numeric Validation of in Material Master</td>
<td></td>
<td>37</td>
<td>tests.PmoModuleTest.PmoAdminMaterialPageTest@51e4ccb3</td></tr>
<tr>
<td title='tests.PmoModuleTest.PmoAdministratorRPNPageTest.occuranceExcelExport()'><b>occuranceExcelExport</b><br>Test class: tests.PmoModuleTest.PmoAdministratorRPNPageTest<br>Test method: TC_RPN_12-Check Export to Excel functionality of Occurance Tab Screen</td>
<td></td>
<td>10</td>
<td>tests.PmoModuleTest.PmoAdministratorRPNPageTest@46e8a539</td></tr>
<tr>
<td title='tests.PmoModuleTest.PmoAdminMeasurePageTest.removeUomList()'><b>removeUomList</b><br>Test class: tests.PmoModuleTest.PmoAdminMeasurePageTest<br>Test method: TC_ME_16-Remove uom from list</td>
<td></td>
<td>36</td>
<td>tests.PmoModuleTest.PmoAdminMeasurePageTest@47da3952</td></tr>
<tr>
<td title='tests.PmoModuleTest.PmoAdminMeasurePageTest.resetmeasure()'><b>resetmeasure</b><br>Test class: tests.PmoModuleTest.PmoAdminMeasurePageTest<br>Test method: TC_ME_13-Test functionality of reset measure button</td>
<td></td>
<td>25</td>
<td>tests.PmoModuleTest.PmoAdminMeasurePageTest@47da3952</td></tr>
<tr>
<td title='tests.PmoModuleTest.PmoAdministratorRPNPageTest.rpnExcelExport()'><b>rpnExcelExport</b><br>Test class: tests.PmoModuleTest.PmoAdministratorRPNPageTest<br>Test method: TC_RPN_18-Check Export to Excel functionality of RPN Tab Screen</td>
<td></td>
<td>0</td>
<td>tests.PmoModuleTest.PmoAdministratorRPNPageTest@46e8a539</td></tr>
<tr>
<td title='tests.PmoModuleTest.PmoAdminMeasurePageTest.saveDisableMeasure()'><b>saveDisableMeasure</b><br>Test class: tests.PmoModuleTest.PmoAdminMeasurePageTest<br>Test method: TC_ME_21-Save button is inactive if mandatary fields are blank</td>
<td></td>
<td>0</td>
<td>tests.PmoModuleTest.PmoAdminMeasurePageTest@47da3952</td></tr>
<tr>
<td title='tests.PmoModuleTest.PmoAdminMaterialPageTest.searchItemTotalInventory()'><b>searchItemTotalInventory</b><br>Test class: tests.PmoModuleTest.PmoAdminMaterialPageTest<br>Test method: TC_MA_18/TC_MA_19 Check User is Able to search Item Info with Specified PartNum or Description</td>
<td></td>
<td>70</td>
<td>tests.PmoModuleTest.PmoAdminMaterialPageTest@51e4ccb3</td></tr>
<tr>
<td title='tests.PmoModuleTest.PmoAdministratorRPNPageTest.severityExcelExport()'><b>severityExcelExport</b><br>Test class: tests.PmoModuleTest.PmoAdministratorRPNPageTest<br>Test method: TC_RPN_06-Check Severity of a export to excel Button functionality</td>
<td></td>
<td>10</td>
<td>tests.PmoModuleTest.PmoAdministratorRPNPageTest@46e8a539</td></tr>
<tr>
<td title='tests.PmoModuleTest.PmoAdminMaterialPageTest.spaceInMaterial()'><b>spaceInMaterial</b><br>Test class: tests.PmoModuleTest.PmoAdminMaterialPageTest<br>Test method: TC_MA_03-Verifying the Space Validation of a Material Master </td>
<td></td>
<td>26</td>
<td>tests.PmoModuleTest.PmoAdminMaterialPageTest@51e4ccb3</td></tr>
<tr>
<td title='tests.PmoModuleTest.PmoAdminMeasurePageTest.spaceInMeasure()'><b>spaceInMeasure</b><br>Test class: tests.PmoModuleTest.PmoAdminMeasurePageTest<br>Test method: TC_ME_03-Verifying the Space Validation of a Measure Master </td>
<td></td>
<td>15</td>
<td>tests.PmoModuleTest.PmoAdminMeasurePageTest@47da3952</td></tr>
<tr>
<td title='tests.PmoModuleTest.PmoAdministratorRPNPageTest.spaceInOccurance()'><b>spaceInOccurance</b><br>Test class: tests.PmoModuleTest.PmoAdministratorRPNPageTest<br>Test method: TC_RPN_11-check space in Occurance field</td>
<td></td>
<td>51</td>
<td>tests.PmoModuleTest.PmoAdministratorRPNPageTest@46e8a539</td></tr>
<tr>
<td title='tests.PmoModuleTest.PmoAdminPartsUOMPageTest.spaceInPartsUOM()'><b>spaceInPartsUOM</b><br>Test class: tests.PmoModuleTest.PmoAdminPartsUOMPageTest<br>Test method: TC_PU_03-Verifying the Space Validation of a Parts UOM Master </td>
<td></td>
<td>26</td>
<td>tests.PmoModuleTest.PmoAdminPartsUOMPageTest@60bdf15d</td></tr>
<tr>
<td title='tests.PmoModuleTest.PmoAdministratorRPNPageTest.spaceInRPN()'><b>spaceInRPN</b><br>Test class: tests.PmoModuleTest.PmoAdministratorRPNPageTest<br>Test method: TC_RPN_17-check space in RPN Tab Screen field</td>
<td></td>
<td>31</td>
<td>tests.PmoModuleTest.PmoAdministratorRPNPageTest@46e8a539</td></tr>
<tr>
<td title='tests.PmoModuleTest.PmoAdministratorRPNPageTest.spaceInRPNs()'><b>spaceInRPNs</b><br>Test class: tests.PmoModuleTest.PmoAdministratorRPNPageTest<br>Test method: TC_RPN_05-check space in RPNs field</td>
<td></td>
<td>41</td>
<td>tests.PmoModuleTest.PmoAdministratorRPNPageTest@46e8a539</td></tr>
<tr>
<td title='tests.PmoModuleTest.PmoAdministratorRPNPageTest.verifyHeader()'><b>verifyHeader</b><br>Test class: tests.PmoModuleTest.PmoAdministratorRPNPageTest<br>Test method: TC_RPN_02-Verifying the Header of a Master </td>
<td></td>
<td>10</td>
<td>tests.PmoModuleTest.PmoAdministratorRPNPageTest@46e8a539</td></tr>
<tr>
<td title='tests.PmoModuleTest.PmoAdminMaterialPageTest.verifyMaterialHeader()'><b>verifyMaterialHeader</b><br>Test class: tests.PmoModuleTest.PmoAdminMaterialPageTest<br>Test method: TC_MA_02-Verifying the Header of a Material Master display properly</td>
<td></td>
<td>10</td>
<td>tests.PmoModuleTest.PmoAdminMaterialPageTest@51e4ccb3</td></tr>
<tr>
<td title='tests.PmoModuleTest.PmoAdminMaterialPageTest.verifyMaterialSaveButtonIsDisable()'><b>verifyMaterialSaveButtonIsDisable</b><br>Test class: tests.PmoModuleTest.PmoAdminMaterialPageTest<br>Test method: TC_MA_21-Verify that Save button is Inactive if mandatary fields are blank</td>
<td></td>
<td>10</td>
<td>tests.PmoModuleTest.PmoAdminMaterialPageTest@51e4ccb3</td></tr>
<tr>
<td title='tests.PmoModuleTest.PmoAdminMeasurePageTest.verifyMeasureHeader()'><b>verifyMeasureHeader</b><br>Test class: tests.PmoModuleTest.PmoAdminMeasurePageTest<br>Test method: TC_ME_02-Verifying the Header of a Measure Master display properly</td>
<td></td>
<td>10</td>
<td>tests.PmoModuleTest.PmoAdminMeasurePageTest@47da3952</td></tr>
<tr>
<td title='tests.PmoModuleTest.PmoAdminPartsUOMPageTest.verifyPartsUOMHeader()'><b>verifyPartsUOMHeader</b><br>Test class: tests.PmoModuleTest.PmoAdminPartsUOMPageTest<br>Test method: TC_PU_02-Verifying the Header of a Parts UOM Master display properly</td>
<td></td>
<td>10</td>
<td>tests.PmoModuleTest.PmoAdminPartsUOMPageTest@60bdf15d</td></tr>
</table><p>
<table width='100%' border='1' class='invocation-skipped'>
<tr><td colspan='4' align='center'><b>SKIPPED TESTS</b></td></tr>
<tr><td><b>Test method</b></td>
<td width="30%"><b>Exception</b></td>
<td width="10%"><b>Time (seconds)</b></td>
<td><b>Instance</b></td>
</tr>
<tr>
<td title='tests.PmoModuleTest.PmoAdminPartsUOMPageTest.deletePartsUOM()'><b>deletePartsUOM</b><br>Test class: tests.PmoModuleTest.PmoAdminPartsUOMPageTest<br>Test method: TC_PU_08/TC_PU_09/TC_PU_10- Check delete functionality of Parts UOM  with Yes/No option with verifying properly deleted</td>
<td><div><pre>org.openqa.selenium.NoSuchWindowException: no such window: target window already closed
from unknown error: web view not found
  (Session info: chrome=111.0.5563.111)
Build info: version: &apos;3.141.59&apos;, revision: &apos;e82be7d358&apos;, time: &apos;2018-11-14T08:17:03&apos;
System info: host: &apos;DIPAK&apos;, ip: &apos;192.168.2.176&apos;, os.name: &apos;Windows 10&apos;, os.arch: &apos;amd64&apos;, os.version: &apos;10.0&apos;, java.version: &apos;17.0.5&apos;
Driver info: org.openqa.selenium.chrome.ChromeDriver
Capabilities {acceptInsecureCerts: false, browserName: chrome, browserVersion: 111.0.5563.111, chrome: {chromedriverVersion: 111.0.5563.64 (c710e93d5b63..., userDataDir: C:\Users\DHOLKA~1\AppData\L...}, goog:chromeOptions: {debuggerAddress: localhost:55275}, javascriptEnabled: true, networkConnectionEnabled: false, pageLoadStrategy: normal, platform: WINDOWS, platformName: WINDOWS, proxy: Proxy(), setWindowRect: true, strictFileInteractability: false, timeouts: {implicit: 0, pageLoad: 300000, script: 30000}, unhandledPromptBehavior: dismiss and notify, webauthn:extension:credBlob: true, webauthn:extension:largeBlob: true, webauthn:extension:minPinLength: true, webauthn:extension:prf: true, webauthn:virtualAuthenticators: true}
Session ID: ab06c1432bbf4de58028badf87298ecf
	at org.openqa.selenium.remote.http.W3CHttpResponseCodec.createException(W3CHttpResponseCodec.java:187)
	at org.openqa.selenium.remote.http.W3CHttpResponseCodec.decode(W3CHttpResponseCodec.java:122)
	at org.openqa.selenium.remote.http.W3CHttpResponseCodec.decode(W3CHttpResponseCodec.java:49)
	at org.openqa.selenium.remote.HttpCommandExecutor.execute(HttpCommandExecutor.java:158)
	at org.openqa.selenium.remote.service.DriverCommandExecutor.execute(DriverCommandExecutor.java:83)
	at org.openqa.selenium.remote.RemoteWebDriver.execute(RemoteWebDriver.java:552)
	at org.openqa.selenium.remote.RemoteWebDriver.execute(RemoteWebDriver.java:609)
	at org.openqa.selenium.remote.RemoteWebDriver.getScreenshotAs(RemoteWebDriver.java:295)
	at utils.ScreenshotHelper.takeScreenshot(ScreenshotHelper.java:53)
	at utils.ExtentReport.addScreenshot(ExtentReport.java:223)
	at utils.logger.LogsManager.addScreenshot(LogsManager.java:258)
	at tests.TestBase.afterMethodUpdateExtentReportWithTestDetails(TestBase.java:136)
	at java.base/java.util.ArrayList.forEach(ArrayList.java:1511)
... Removed 37 stack frames</pre></div><a href='#' onClick='toggleBox("stack-trace962784388", this, "Click to show all stack frames", "Click to hide stack frames")'>Click to show all stack frames</a>
<div class='stack-trace' id='stack-trace962784388'><pre>org.openqa.selenium.NoSuchWindowException: no such window: target window already closed
from unknown error: web view not found
  (Session info: chrome=111.0.5563.111)
Build info: version: &apos;3.141.59&apos;, revision: &apos;e82be7d358&apos;, time: &apos;2018-11-14T08:17:03&apos;
System info: host: &apos;DIPAK&apos;, ip: &apos;192.168.2.176&apos;, os.name: &apos;Windows 10&apos;, os.arch: &apos;amd64&apos;, os.version: &apos;10.0&apos;, java.version: &apos;17.0.5&apos;
Driver info: org.openqa.selenium.chrome.ChromeDriver
Capabilities {acceptInsecureCerts: false, browserName: chrome, browserVersion: 111.0.5563.111, chrome: {chromedriverVersion: 111.0.5563.64 (c710e93d5b63..., userDataDir: C:\Users\DHOLKA~1\AppData\L...}, goog:chromeOptions: {debuggerAddress: localhost:55275}, javascriptEnabled: true, networkConnectionEnabled: false, pageLoadStrategy: normal, platform: WINDOWS, platformName: WINDOWS, proxy: Proxy(), setWindowRect: true, strictFileInteractability: false, timeouts: {implicit: 0, pageLoad: 300000, script: 30000}, unhandledPromptBehavior: dismiss and notify, webauthn:extension:credBlob: true, webauthn:extension:largeBlob: true, webauthn:extension:minPinLength: true, webauthn:extension:prf: true, webauthn:virtualAuthenticators: true}
Session ID: ab06c1432bbf4de58028badf87298ecf
	at java.base/jdk.internal.reflect.NativeConstructorAccessorImpl.newInstance0(Native Method)
	at java.base/jdk.internal.reflect.NativeConstructorAccessorImpl.newInstance(NativeConstructorAccessorImpl.java:77)
	at java.base/jdk.internal.reflect.DelegatingConstructorAccessorImpl.newInstance(DelegatingConstructorAccessorImpl.java:45)
	at java.base/java.lang.reflect.Constructor.newInstanceWithCaller(Constructor.java:499)
	at java.base/java.lang.reflect.Constructor.newInstance(Constructor.java:480)
	at org.openqa.selenium.remote.http.W3CHttpResponseCodec.createException(W3CHttpResponseCodec.java:187)
	at org.openqa.selenium.remote.http.W3CHttpResponseCodec.decode(W3CHttpResponseCodec.java:122)
	at org.openqa.selenium.remote.http.W3CHttpResponseCodec.decode(W3CHttpResponseCodec.java:49)
	at org.openqa.selenium.remote.HttpCommandExecutor.execute(HttpCommandExecutor.java:158)
	at org.openqa.selenium.remote.service.DriverCommandExecutor.execute(DriverCommandExecutor.java:83)
	at org.openqa.selenium.remote.RemoteWebDriver.execute(RemoteWebDriver.java:552)
	at org.openqa.selenium.remote.RemoteWebDriver.execute(RemoteWebDriver.java:609)
	at org.openqa.selenium.remote.RemoteWebDriver.getScreenshotAs(RemoteWebDriver.java:295)
	at utils.ScreenshotHelper.takeScreenshot(ScreenshotHelper.java:53)
	at utils.ExtentReport.addScreenshot(ExtentReport.java:223)
	at utils.logger.LogsManager.addScreenshot(LogsManager.java:258)
	at tests.TestBase.afterMethodUpdateExtentReportWithTestDetails(TestBase.java:136)
	at java.base/jdk.internal.reflect.NativeMethodAccessorImpl.invoke0(Native Method)
	at java.base/jdk.internal.reflect.NativeMethodAccessorImpl.invoke(NativeMethodAccessorImpl.java:77)
	at java.base/jdk.internal.reflect.DelegatingMethodAccessorImpl.invoke(DelegatingMethodAccessorImpl.java:43)
	at java.base/java.lang.reflect.Method.invoke(Method.java:568)
	at org.testng.internal.MethodInvocationHelper.invokeMethod(MethodInvocationHelper.java:133)
	at org.testng.internal.MethodInvocationHelper.invokeMethodConsideringTimeout(MethodInvocationHelper.java:62)
	at org.testng.internal.ConfigInvoker.invokeConfigurationMethod(ConfigInvoker.java:340)
	at org.testng.internal.ConfigInvoker.invokeConfigurations(ConfigInvoker.java:294)
	at org.testng.internal.TestInvoker.runConfigMethods(TestInvoker.java:683)
	at org.testng.internal.TestInvoker.runAfterGroupsConfigurations(TestInvoker.java:658)
	at org.testng.internal.TestInvoker.invokeMethod(TestInvoker.java:642)
	at org.testng.internal.TestInvoker.invokeTestMethod(TestInvoker.java:172)
	at org.testng.internal.MethodRunner.runInSequence(MethodRunner.java:46)
	at org.testng.internal.TestInvoker$MethodInvocationAgent.invoke(TestInvoker.java:804)
	at org.testng.internal.TestInvoker.invokeTestMethods(TestInvoker.java:145)
	at org.testng.internal.TestMethodWorker.invokeTestMethods(TestMethodWorker.java:146)
	at org.testng.internal.TestMethodWorker.run(TestMethodWorker.java:128)
	at java.base/java.util.ArrayList.forEach(ArrayList.java:1511)
	at org.testng.TestRunner.privateRun(TestRunner.java:770)
	at org.testng.TestRunner.run(TestRunner.java:591)
	at org.testng.SuiteRunner.runTest(SuiteRunner.java:402)
	at org.testng.SuiteRunner.runSequentially(SuiteRunner.java:396)
	at org.testng.SuiteRunner.privateRun(SuiteRunner.java:355)
	at org.testng.SuiteRunner.run(SuiteRunner.java:304)
	at org.testng.SuiteRunnerWorker.runSuite(SuiteRunnerWorker.java:53)
	at org.testng.SuiteRunnerWorker.run(SuiteRunnerWorker.java:96)
	at org.testng.TestNG.runSuitesSequentially(TestNG.java:1180)
	at org.testng.TestNG.runSuitesLocally(TestNG.java:1102)
	at org.testng.TestNG.runSuites(TestNG.java:1032)
	at org.testng.TestNG.run(TestNG.java:1000)
	at org.testng.remote.AbstractRemoteTestNG.run(AbstractRemoteTestNG.java:115)
	at org.testng.remote.RemoteTestNG.initAndRun(RemoteTestNG.java:251)
	at org.testng.remote.RemoteTestNG.main(RemoteTestNG.java:77)
</pre></div></td>
<td>0</td>
<td>tests.PmoModuleTest.PmoAdminPartsUOMPageTest@60bdf15d</td></tr>
<tr>
<td title='tests.PmoModuleTest.PmoAdminPartsUOMPageTest.excelExportPartsUOM()'><b>excelExportPartsUOM</b><br>Test class: tests.PmoModuleTest.PmoAdminPartsUOMPageTest<br>Test method: TC_PU_12/TC_PU_13- Check & Verify the Excel File Downloaded</td>
<td><div><pre>org.openqa.selenium.NoSuchWindowException: no such window: target window already closed
from unknown error: web view not found
  (Session info: chrome=111.0.5563.111)
Build info: version: &apos;3.141.59&apos;, revision: &apos;e82be7d358&apos;, time: &apos;2018-11-14T08:17:03&apos;
System info: host: &apos;DIPAK&apos;, ip: &apos;192.168.2.176&apos;, os.name: &apos;Windows 10&apos;, os.arch: &apos;amd64&apos;, os.version: &apos;10.0&apos;, java.version: &apos;17.0.5&apos;
Driver info: org.openqa.selenium.chrome.ChromeDriver
Capabilities {acceptInsecureCerts: false, browserName: chrome, browserVersion: 111.0.5563.111, chrome: {chromedriverVersion: 111.0.5563.64 (c710e93d5b63..., userDataDir: C:\Users\DHOLKA~1\AppData\L...}, goog:chromeOptions: {debuggerAddress: localhost:55275}, javascriptEnabled: true, networkConnectionEnabled: false, pageLoadStrategy: normal, platform: WINDOWS, platformName: WINDOWS, proxy: Proxy(), setWindowRect: true, strictFileInteractability: false, timeouts: {implicit: 0, pageLoad: 300000, script: 30000}, unhandledPromptBehavior: dismiss and notify, webauthn:extension:credBlob: true, webauthn:extension:largeBlob: true, webauthn:extension:minPinLength: true, webauthn:extension:prf: true, webauthn:virtualAuthenticators: true}
Session ID: ab06c1432bbf4de58028badf87298ecf
	at org.openqa.selenium.remote.http.W3CHttpResponseCodec.createException(W3CHttpResponseCodec.java:187)
	at org.openqa.selenium.remote.http.W3CHttpResponseCodec.decode(W3CHttpResponseCodec.java:122)
	at org.openqa.selenium.remote.http.W3CHttpResponseCodec.decode(W3CHttpResponseCodec.java:49)
	at org.openqa.selenium.remote.HttpCommandExecutor.execute(HttpCommandExecutor.java:158)
	at org.openqa.selenium.remote.service.DriverCommandExecutor.execute(DriverCommandExecutor.java:83)
	at org.openqa.selenium.remote.RemoteWebDriver.execute(RemoteWebDriver.java:552)
	at org.openqa.selenium.remote.RemoteWebDriver.execute(RemoteWebDriver.java:609)
	at org.openqa.selenium.remote.RemoteWebDriver.getScreenshotAs(RemoteWebDriver.java:295)
	at utils.ScreenshotHelper.takeScreenshot(ScreenshotHelper.java:53)
	at utils.ExtentReport.addScreenshot(ExtentReport.java:223)
	at utils.logger.LogsManager.addScreenshot(LogsManager.java:258)
	at tests.TestBase.afterMethodUpdateExtentReportWithTestDetails(TestBase.java:136)
	at java.base/java.util.ArrayList.forEach(ArrayList.java:1511)
... Removed 37 stack frames</pre></div><a href='#' onClick='toggleBox("stack-trace2072701904", this, "Click to show all stack frames", "Click to hide stack frames")'>Click to show all stack frames</a>
<div class='stack-trace' id='stack-trace2072701904'><pre>org.openqa.selenium.NoSuchWindowException: no such window: target window already closed
from unknown error: web view not found
  (Session info: chrome=111.0.5563.111)
Build info: version: &apos;3.141.59&apos;, revision: &apos;e82be7d358&apos;, time: &apos;2018-11-14T08:17:03&apos;
System info: host: &apos;DIPAK&apos;, ip: &apos;192.168.2.176&apos;, os.name: &apos;Windows 10&apos;, os.arch: &apos;amd64&apos;, os.version: &apos;10.0&apos;, java.version: &apos;17.0.5&apos;
Driver info: org.openqa.selenium.chrome.ChromeDriver
Capabilities {acceptInsecureCerts: false, browserName: chrome, browserVersion: 111.0.5563.111, chrome: {chromedriverVersion: 111.0.5563.64 (c710e93d5b63..., userDataDir: C:\Users\DHOLKA~1\AppData\L...}, goog:chromeOptions: {debuggerAddress: localhost:55275}, javascriptEnabled: true, networkConnectionEnabled: false, pageLoadStrategy: normal, platform: WINDOWS, platformName: WINDOWS, proxy: Proxy(), setWindowRect: true, strictFileInteractability: false, timeouts: {implicit: 0, pageLoad: 300000, script: 30000}, unhandledPromptBehavior: dismiss and notify, webauthn:extension:credBlob: true, webauthn:extension:largeBlob: true, webauthn:extension:minPinLength: true, webauthn:extension:prf: true, webauthn:virtualAuthenticators: true}
Session ID: ab06c1432bbf4de58028badf87298ecf
	at java.base/jdk.internal.reflect.NativeConstructorAccessorImpl.newInstance0(Native Method)
	at java.base/jdk.internal.reflect.NativeConstructorAccessorImpl.newInstance(NativeConstructorAccessorImpl.java:77)
	at java.base/jdk.internal.reflect.DelegatingConstructorAccessorImpl.newInstance(DelegatingConstructorAccessorImpl.java:45)
	at java.base/java.lang.reflect.Constructor.newInstanceWithCaller(Constructor.java:499)
	at java.base/java.lang.reflect.Constructor.newInstance(Constructor.java:480)
	at org.openqa.selenium.remote.http.W3CHttpResponseCodec.createException(W3CHttpResponseCodec.java:187)
	at org.openqa.selenium.remote.http.W3CHttpResponseCodec.decode(W3CHttpResponseCodec.java:122)
	at org.openqa.selenium.remote.http.W3CHttpResponseCodec.decode(W3CHttpResponseCodec.java:49)
	at org.openqa.selenium.remote.HttpCommandExecutor.execute(HttpCommandExecutor.java:158)
	at org.openqa.selenium.remote.service.DriverCommandExecutor.execute(DriverCommandExecutor.java:83)
	at org.openqa.selenium.remote.RemoteWebDriver.execute(RemoteWebDriver.java:552)
	at org.openqa.selenium.remote.RemoteWebDriver.execute(RemoteWebDriver.java:609)
	at org.openqa.selenium.remote.RemoteWebDriver.getScreenshotAs(RemoteWebDriver.java:295)
	at utils.ScreenshotHelper.takeScreenshot(ScreenshotHelper.java:53)
	at utils.ExtentReport.addScreenshot(ExtentReport.java:223)
	at utils.logger.LogsManager.addScreenshot(LogsManager.java:258)
	at tests.TestBase.afterMethodUpdateExtentReportWithTestDetails(TestBase.java:136)
	at java.base/jdk.internal.reflect.NativeMethodAccessorImpl.invoke0(Native Method)
	at java.base/jdk.internal.reflect.NativeMethodAccessorImpl.invoke(NativeMethodAccessorImpl.java:77)
	at java.base/jdk.internal.reflect.DelegatingMethodAccessorImpl.invoke(DelegatingMethodAccessorImpl.java:43)
	at java.base/java.lang.reflect.Method.invoke(Method.java:568)
	at org.testng.internal.MethodInvocationHelper.invokeMethod(MethodInvocationHelper.java:133)
	at org.testng.internal.MethodInvocationHelper.invokeMethodConsideringTimeout(MethodInvocationHelper.java:62)
	at org.testng.internal.ConfigInvoker.invokeConfigurationMethod(ConfigInvoker.java:340)
	at org.testng.internal.ConfigInvoker.invokeConfigurations(ConfigInvoker.java:294)
	at org.testng.internal.TestInvoker.runConfigMethods(TestInvoker.java:683)
	at org.testng.internal.TestInvoker.runAfterGroupsConfigurations(TestInvoker.java:658)
	at org.testng.internal.TestInvoker.invokeMethod(TestInvoker.java:642)
	at org.testng.internal.TestInvoker.invokeTestMethod(TestInvoker.java:172)
	at org.testng.internal.MethodRunner.runInSequence(MethodRunner.java:46)
	at org.testng.internal.TestInvoker$MethodInvocationAgent.invoke(TestInvoker.java:804)
	at org.testng.internal.TestInvoker.invokeTestMethods(TestInvoker.java:145)
	at org.testng.internal.TestMethodWorker.invokeTestMethods(TestMethodWorker.java:146)
	at org.testng.internal.TestMethodWorker.run(TestMethodWorker.java:128)
	at java.base/java.util.ArrayList.forEach(ArrayList.java:1511)
	at org.testng.TestRunner.privateRun(TestRunner.java:770)
	at org.testng.TestRunner.run(TestRunner.java:591)
	at org.testng.SuiteRunner.runTest(SuiteRunner.java:402)
	at org.testng.SuiteRunner.runSequentially(SuiteRunner.java:396)
	at org.testng.SuiteRunner.privateRun(SuiteRunner.java:355)
	at org.testng.SuiteRunner.run(SuiteRunner.java:304)
	at org.testng.SuiteRunnerWorker.runSuite(SuiteRunnerWorker.java:53)
	at org.testng.SuiteRunnerWorker.run(SuiteRunnerWorker.java:96)
	at org.testng.TestNG.runSuitesSequentially(TestNG.java:1180)
	at org.testng.TestNG.runSuitesLocally(TestNG.java:1102)
	at org.testng.TestNG.runSuites(TestNG.java:1032)
	at org.testng.TestNG.run(TestNG.java:1000)
	at org.testng.remote.AbstractRemoteTestNG.run(AbstractRemoteTestNG.java:115)
	at org.testng.remote.RemoteTestNG.initAndRun(RemoteTestNG.java:251)
	at org.testng.remote.RemoteTestNG.main(RemoteTestNG.java:77)
</pre></div></td>
<td>0</td>
<td>tests.PmoModuleTest.PmoAdminPartsUOMPageTest@60bdf15d</td></tr>
<tr>
<td title='tests.PmoModuleTest.PmoAdminPartsUOMPageTest.saveDisablePartsUOM()'><b>saveDisablePartsUOM</b><br>Test class: tests.PmoModuleTest.PmoAdminPartsUOMPageTest<br>Test method: TC_PU_15-Save button is inactive if mandatary fields are blank</td>
<td><div><pre>org.openqa.selenium.NoSuchWindowException: no such window: target window already closed
from unknown error: web view not found
  (Session info: chrome=111.0.5563.111)
Build info: version: &apos;3.141.59&apos;, revision: &apos;e82be7d358&apos;, time: &apos;2018-11-14T08:17:03&apos;
System info: host: &apos;DIPAK&apos;, ip: &apos;192.168.2.176&apos;, os.name: &apos;Windows 10&apos;, os.arch: &apos;amd64&apos;, os.version: &apos;10.0&apos;, java.version: &apos;17.0.5&apos;
Driver info: org.openqa.selenium.chrome.ChromeDriver
Capabilities {acceptInsecureCerts: false, browserName: chrome, browserVersion: 111.0.5563.111, chrome: {chromedriverVersion: 111.0.5563.64 (c710e93d5b63..., userDataDir: C:\Users\DHOLKA~1\AppData\L...}, goog:chromeOptions: {debuggerAddress: localhost:55275}, javascriptEnabled: true, networkConnectionEnabled: false, pageLoadStrategy: normal, platform: WINDOWS, platformName: WINDOWS, proxy: Proxy(), setWindowRect: true, strictFileInteractability: false, timeouts: {implicit: 0, pageLoad: 300000, script: 30000}, unhandledPromptBehavior: dismiss and notify, webauthn:extension:credBlob: true, webauthn:extension:largeBlob: true, webauthn:extension:minPinLength: true, webauthn:extension:prf: true, webauthn:virtualAuthenticators: true}
Session ID: ab06c1432bbf4de58028badf87298ecf
	at org.openqa.selenium.remote.http.W3CHttpResponseCodec.createException(W3CHttpResponseCodec.java:187)
	at org.openqa.selenium.remote.http.W3CHttpResponseCodec.decode(W3CHttpResponseCodec.java:122)
	at org.openqa.selenium.remote.http.W3CHttpResponseCodec.decode(W3CHttpResponseCodec.java:49)
	at org.openqa.selenium.remote.HttpCommandExecutor.execute(HttpCommandExecutor.java:158)
	at org.openqa.selenium.remote.service.DriverCommandExecutor.execute(DriverCommandExecutor.java:83)
	at org.openqa.selenium.remote.RemoteWebDriver.execute(RemoteWebDriver.java:552)
	at org.openqa.selenium.remote.RemoteWebDriver.execute(RemoteWebDriver.java:609)
	at org.openqa.selenium.remote.RemoteWebDriver.getScreenshotAs(RemoteWebDriver.java:295)
	at utils.ScreenshotHelper.takeScreenshot(ScreenshotHelper.java:53)
	at utils.ExtentReport.addScreenshot(ExtentReport.java:223)
	at utils.logger.LogsManager.addScreenshot(LogsManager.java:258)
	at tests.TestBase.afterMethodUpdateExtentReportWithTestDetails(TestBase.java:136)
	at java.base/java.util.ArrayList.forEach(ArrayList.java:1511)
... Removed 37 stack frames</pre></div><a href='#' onClick='toggleBox("stack-trace1332009419", this, "Click to show all stack frames", "Click to hide stack frames")'>Click to show all stack frames</a>
<div class='stack-trace' id='stack-trace1332009419'><pre>org.openqa.selenium.NoSuchWindowException: no such window: target window already closed
from unknown error: web view not found
  (Session info: chrome=111.0.5563.111)
Build info: version: &apos;3.141.59&apos;, revision: &apos;e82be7d358&apos;, time: &apos;2018-11-14T08:17:03&apos;
System info: host: &apos;DIPAK&apos;, ip: &apos;192.168.2.176&apos;, os.name: &apos;Windows 10&apos;, os.arch: &apos;amd64&apos;, os.version: &apos;10.0&apos;, java.version: &apos;17.0.5&apos;
Driver info: org.openqa.selenium.chrome.ChromeDriver
Capabilities {acceptInsecureCerts: false, browserName: chrome, browserVersion: 111.0.5563.111, chrome: {chromedriverVersion: 111.0.5563.64 (c710e93d5b63..., userDataDir: C:\Users\DHOLKA~1\AppData\L...}, goog:chromeOptions: {debuggerAddress: localhost:55275}, javascriptEnabled: true, networkConnectionEnabled: false, pageLoadStrategy: normal, platform: WINDOWS, platformName: WINDOWS, proxy: Proxy(), setWindowRect: true, strictFileInteractability: false, timeouts: {implicit: 0, pageLoad: 300000, script: 30000}, unhandledPromptBehavior: dismiss and notify, webauthn:extension:credBlob: true, webauthn:extension:largeBlob: true, webauthn:extension:minPinLength: true, webauthn:extension:prf: true, webauthn:virtualAuthenticators: true}
Session ID: ab06c1432bbf4de58028badf87298ecf
	at java.base/jdk.internal.reflect.NativeConstructorAccessorImpl.newInstance0(Native Method)
	at java.base/jdk.internal.reflect.NativeConstructorAccessorImpl.newInstance(NativeConstructorAccessorImpl.java:77)
	at java.base/jdk.internal.reflect.DelegatingConstructorAccessorImpl.newInstance(DelegatingConstructorAccessorImpl.java:45)
	at java.base/java.lang.reflect.Constructor.newInstanceWithCaller(Constructor.java:499)
	at java.base/java.lang.reflect.Constructor.newInstance(Constructor.java:480)
	at org.openqa.selenium.remote.http.W3CHttpResponseCodec.createException(W3CHttpResponseCodec.java:187)
	at org.openqa.selenium.remote.http.W3CHttpResponseCodec.decode(W3CHttpResponseCodec.java:122)
	at org.openqa.selenium.remote.http.W3CHttpResponseCodec.decode(W3CHttpResponseCodec.java:49)
	at org.openqa.selenium.remote.HttpCommandExecutor.execute(HttpCommandExecutor.java:158)
	at org.openqa.selenium.remote.service.DriverCommandExecutor.execute(DriverCommandExecutor.java:83)
	at org.openqa.selenium.remote.RemoteWebDriver.execute(RemoteWebDriver.java:552)
	at org.openqa.selenium.remote.RemoteWebDriver.execute(RemoteWebDriver.java:609)
	at org.openqa.selenium.remote.RemoteWebDriver.getScreenshotAs(RemoteWebDriver.java:295)
	at utils.ScreenshotHelper.takeScreenshot(ScreenshotHelper.java:53)
	at utils.ExtentReport.addScreenshot(ExtentReport.java:223)
	at utils.logger.LogsManager.addScreenshot(LogsManager.java:258)
	at tests.TestBase.afterMethodUpdateExtentReportWithTestDetails(TestBase.java:136)
	at java.base/jdk.internal.reflect.NativeMethodAccessorImpl.invoke0(Native Method)
	at java.base/jdk.internal.reflect.NativeMethodAccessorImpl.invoke(NativeMethodAccessorImpl.java:77)
	at java.base/jdk.internal.reflect.DelegatingMethodAccessorImpl.invoke(DelegatingMethodAccessorImpl.java:43)
	at java.base/java.lang.reflect.Method.invoke(Method.java:568)
	at org.testng.internal.MethodInvocationHelper.invokeMethod(MethodInvocationHelper.java:133)
	at org.testng.internal.MethodInvocationHelper.invokeMethodConsideringTimeout(MethodInvocationHelper.java:62)
	at org.testng.internal.ConfigInvoker.invokeConfigurationMethod(ConfigInvoker.java:340)
	at org.testng.internal.ConfigInvoker.invokeConfigurations(ConfigInvoker.java:294)
	at org.testng.internal.TestInvoker.runConfigMethods(TestInvoker.java:683)
	at org.testng.internal.TestInvoker.runAfterGroupsConfigurations(TestInvoker.java:658)
	at org.testng.internal.TestInvoker.invokeMethod(TestInvoker.java:642)
	at org.testng.internal.TestInvoker.invokeTestMethod(TestInvoker.java:172)
	at org.testng.internal.MethodRunner.runInSequence(MethodRunner.java:46)
	at org.testng.internal.TestInvoker$MethodInvocationAgent.invoke(TestInvoker.java:804)
	at org.testng.internal.TestInvoker.invokeTestMethods(TestInvoker.java:145)
	at org.testng.internal.TestMethodWorker.invokeTestMethods(TestMethodWorker.java:146)
	at org.testng.internal.TestMethodWorker.run(TestMethodWorker.java:128)
	at java.base/java.util.ArrayList.forEach(ArrayList.java:1511)
	at org.testng.TestRunner.privateRun(TestRunner.java:770)
	at org.testng.TestRunner.run(TestRunner.java:591)
	at org.testng.SuiteRunner.runTest(SuiteRunner.java:402)
	at org.testng.SuiteRunner.runSequentially(SuiteRunner.java:396)
	at org.testng.SuiteRunner.privateRun(SuiteRunner.java:355)
	at org.testng.SuiteRunner.run(SuiteRunner.java:304)
	at org.testng.SuiteRunnerWorker.runSuite(SuiteRunnerWorker.java:53)
	at org.testng.SuiteRunnerWorker.run(SuiteRunnerWorker.java:96)
	at org.testng.TestNG.runSuitesSequentially(TestNG.java:1180)
	at org.testng.TestNG.runSuitesLocally(TestNG.java:1102)
	at org.testng.TestNG.runSuites(TestNG.java:1032)
	at org.testng.TestNG.run(TestNG.java:1000)
	at org.testng.remote.AbstractRemoteTestNG.run(AbstractRemoteTestNG.java:115)
	at org.testng.remote.RemoteTestNG.initAndRun(RemoteTestNG.java:251)
	at org.testng.remote.RemoteTestNG.main(RemoteTestNG.java:77)
</pre></div></td>
<td>0</td>
<td>tests.PmoModuleTest.PmoAdminPartsUOMPageTest@60bdf15d</td></tr>
</table><p>
</body>
</html>