<?xml version="1.0" encoding="UTF-8"?>
<!-- Generated by org.testng.reporters.JUnitReportReporter -->
<testsuite hostname="DESKTOP-GIUBRHR" failures="1" tests="8" name="pmoMyWorkspaceModuleTest.PmoExerciseModuleTest" time="172.787" errors="0" timestamp="2023-01-13T17:11:50 IST" skipped="6">
  <testcase classname="pmoMyWorkspaceModuleTest.PmoExerciseModuleTest" name="LaunchPmomodule" time="111.860"/>
  <testcase classname="pmoMyWorkspaceModuleTest.PmoExerciseModuleTest" name="continueExercise1" time="60.927">
    <failure message=" All exercise link not clicked" type="java.lang.AssertionError">
      <![CDATA[java.lang.AssertionError:  All exercise link not clicked
at org.testng.Assert.fail(Assert.java:97)
at pages.PmoMyWorkspaceModule.PmoExercise.clickAllExerciseTab(PmoExercise.java:140)
at pmoMyWorkspaceModuleTest.PmoExerciseModuleTest.continueExercise1(PmoExerciseModuleTest.java:47)
at java.base/jdk.internal.reflect.NativeMethodAccessorImpl.invoke0(Native Method)
at java.base/jdk.internal.reflect.NativeMethodAccessorImpl.invoke(NativeMethodAccessorImpl.java:77)
at java.base/jdk.internal.reflect.DelegatingMethodAccessorImpl.invoke(DelegatingMethodAccessorImpl.java:43)
at java.base/java.lang.reflect.Method.invoke(Method.java:568)
at org.testng.internal.MethodInvocationHelper.invokeMethod(MethodInvocationHelper.java:133)
at org.testng.internal.TestInvoker.invokeMethod(TestInvoker.java:584)
at org.testng.internal.TestInvoker.invokeTestMethod(TestInvoker.java:172)
at org.testng.internal.MethodRunner.runInSequence(MethodRunner.java:46)
at org.testng.internal.TestInvoker$MethodInvocationAgent.invoke(TestInvoker.java:804)
at org.testng.internal.TestInvoker.invokeTestMethods(TestInvoker.java:145)
at org.testng.internal.TestMethodWorker.invokeTestMethods(TestMethodWorker.java:146)
at org.testng.internal.TestMethodWorker.run(TestMethodWorker.java:128)
at java.base/java.util.ArrayList.forEach(ArrayList.java:1511)
at org.testng.TestRunner.privateRun(TestRunner.java:770)
at org.testng.TestRunner.run(TestRunner.java:591)
at org.testng.SuiteRunner.runTest(SuiteRunner.java:402)
at org.testng.SuiteRunner.runSequentially(SuiteRunner.java:396)
at org.testng.SuiteRunner.privateRun(SuiteRunner.java:355)
at org.testng.SuiteRunner.run(SuiteRunner.java:304)
at org.testng.SuiteRunnerWorker.runSuite(SuiteRunnerWorker.java:53)
at org.testng.SuiteRunnerWorker.run(SuiteRunnerWorker.java:96)
at org.testng.TestNG.runSuitesSequentially(TestNG.java:1180)
at org.testng.TestNG.runSuitesLocally(TestNG.java:1102)
at org.testng.TestNG.runSuites(TestNG.java:1032)
at org.testng.TestNG.run(TestNG.java:1000)
at org.testng.remote.AbstractRemoteTestNG.run(AbstractRemoteTestNG.java:115)
at org.testng.remote.RemoteTestNG.initAndRun(RemoteTestNG.java:251)
at org.testng.remote.RemoteTestNG.main(RemoteTestNG.java:77)
]]>
    </failure>
  </testcase> <!-- continueExercise1 -->
  <testcase classname="pmoMyWorkspaceModuleTest.PmoExerciseModuleTest" name="addassociatedasset">
    <skipped/>
  </testcase> <!-- addassociatedasset -->
  <testcase classname="pmoMyWorkspaceModuleTest.PmoExerciseModuleTest" name="lunchAsset">
    <skipped/>
  </testcase> <!-- lunchAsset -->
  <testcase classname="pmoMyWorkspaceModuleTest.PmoExerciseModuleTest" name="continueExercise">
    <skipped/>
  </testcase> <!-- continueExercise -->
  <testcase classname="pmoMyWorkspaceModuleTest.PmoExerciseModuleTest" name="addComponent">
    <skipped/>
  </testcase> <!-- addComponent -->
  <testcase classname="pmoMyWorkspaceModuleTest.PmoExerciseModuleTest" name="selectAssetPM">
    <skipped/>
  </testcase> <!-- selectAssetPM -->
  <testcase classname="pmoMyWorkspaceModuleTest.PmoExerciseModuleTest" name="addFunction">
    <skipped/>
  </testcase> <!-- addFunction -->
</testsuite> <!-- pmoMyWorkspaceModuleTest.PmoExerciseModuleTest -->
