<?xml version="1.0" encoding="UTF-8"?>
<!-- Generated by org.testng.reporters.JUnitReportReporter -->
<testsuite hostname="DESKTOP-AUNNS5C" failures="1" tests="11" name="tests.PCRPageTest.PCRAssetClassTest" time="106.941" errors="0" timestamp="2023-02-06T17:59:47 IST" skipped="7">
  <testcase classname="tests.PCRPageTest.PCRAssetClassTest" name="LaunchPCRmodule" time="39.453"/>
  <testcase classname="tests.PCRPageTest.PCRAssetClassTest" name="Master" time="41.006"/>
  <testcase classname="tests.PCRPageTest.PCRAssetClassTest" name="navigatetoAssetClassLink" time="14.003"/>
  <testcase classname="tests.PCRPageTest.PCRAssetClassTest" name="Filter" time="12.479">
    <failure message="Failed to click on the button: clearFilter : element click intercepted: Element &lt;button tabindex=&quot;-1&quot; unselectable=&quot;on&quot; type=&quot;button&quot; class=&quot;k-input-button k-button k-icon-button k-button-md k-button-solid k-button-solid-base&quot; aria-label=&quot;Select&quot;&gt;...&lt;/button&gt; is not clickable at point (633, 158). Other element would receive the click: &lt;span class=&quot;k-icon k-button-icon k-i-filter-clear&quot;&gt;&lt;/span&gt;
  (Session info: chrome=109.0.5414.120)
Build info: version: &#039;3.141.59&#039;, revision: &#039;e82be7d358&#039;, time: &#039;2018-11-14T08:17:03&#039;
System info: host: &#039;DESKTOP-AUNNS5C&#039;, ip: &#039;192.168.2.175&#039;, os.name: &#039;Windows 10&#039;, os.arch: &#039;amd64&#039;, os.version: &#039;10.0&#039;, java.version: &#039;17.0.4&#039;
Driver info: org.openqa.selenium.chrome.ChromeDriver
Capabilities {acceptInsecureCerts: false, browserName: chrome, browserVersion: 109.0.5414.120, chrome: {chromedriverVersion: 109.0.5414.74 (e7c5703604da..., userDataDir: C:\Users\RChavan\AppData\Lo...}, goog:chromeOptions: {debuggerAddress: localhost:50803}, javascriptEnabled: true, networkConnectionEnabled: false, pageLoadStrategy: normal, platform: WINDOWS, platformName: WINDOWS, proxy: Proxy(), setWindowRect: true, strictFileInteractability: false, timeouts: {implicit: 0, pageLoad: 300000, script: 30000}, unhandledPromptBehavior: dismiss and notify, webauthn:extension:credBlob: true, webauthn:extension:largeBlob: true, webauthn:virtualAuthenticators: true}
Session ID: b8f341fada1a0886100553b6552ab97c" type="java.lang.AssertionError">
      <![CDATA[java.lang.AssertionError: Failed to click on the button: clearFilter : element click intercepted: Element <button tabindex="-1" unselectable="on" type="button" class="k-input-button k-button k-icon-button k-button-md k-button-solid k-button-solid-base" aria-label="Select">...</button> is not clickable at point (633, 158). Other element would receive the click: <span class="k-icon k-button-icon k-i-filter-clear"></span>
  (Session info: chrome=109.0.5414.120)
Build info: version: '3.141.59', revision: 'e82be7d358', time: '2018-11-14T08:17:03'
System info: host: 'DESKTOP-AUNNS5C', ip: '192.168.2.175', os.name: 'Windows 10', os.arch: 'amd64', os.version: '10.0', java.version: '17.0.4'
Driver info: org.openqa.selenium.chrome.ChromeDriver
Capabilities {acceptInsecureCerts: false, browserName: chrome, browserVersion: 109.0.5414.120, chrome: {chromedriverVersion: 109.0.5414.74 (e7c5703604da..., userDataDir: C:\Users\RChavan\AppData\Lo...}, goog:chromeOptions: {debuggerAddress: localhost:50803}, javascriptEnabled: true, networkConnectionEnabled: false, pageLoadStrategy: normal, platform: WINDOWS, platformName: WINDOWS, proxy: Proxy(), setWindowRect: true, strictFileInteractability: false, timeouts: {implicit: 0, pageLoad: 300000, script: 30000}, unhandledPromptBehavior: dismiss and notify, webauthn:extension:credBlob: true, webauthn:extension:largeBlob: true, webauthn:virtualAuthenticators: true}
Session ID: b8f341fada1a0886100553b6552ab97c
at org.testng.Assert.fail(Assert.java:97)
at utils.BrowserActionBase.clickButton(BrowserActionBase.java:43)
at pages.PCRModule.PCRAssetCategory.clearFilterButton(PCRAssetCategory.java:325)
at tests.PCRPageTest.PCRAssetClassTest.Filter(PCRAssetClassTest.java:142)
at java.base/jdk.internal.reflect.NativeMethodAccessorImpl.invoke0(Native Method)
at java.base/jdk.internal.reflect.NativeMethodAccessorImpl.invoke(NativeMethodAccessorImpl.java:77)
at java.base/jdk.internal.reflect.DelegatingMethodAccessorImpl.invoke(DelegatingMethodAccessorImpl.java:43)
at java.base/java.lang.reflect.Method.invoke(Method.java:568)
at org.testng.internal.MethodInvocationHelper.invokeMethod(MethodInvocationHelper.java:133)
at org.testng.internal.TestInvoker.invokeMethod(TestInvoker.java:584)
at org.testng.internal.TestInvoker.invokeTestMethod(TestInvoker.java:172)
at org.testng.internal.MethodRunner.runInSequence(MethodRunner.java:46)
at org.testng.internal.TestInvoker$MethodInvocationAgent.invoke(TestInvoker.java:804)
at org.testng.internal.TestInvoker.invokeTestMethods(TestInvoker.java:145)
at org.testng.internal.TestMethodWorker.invokeTestMethods(TestMethodWorker.java:146)
at org.testng.internal.TestMethodWorker.run(TestMethodWorker.java:128)
at java.base/java.util.ArrayList.forEach(ArrayList.java:1511)
at org.testng.TestRunner.privateRun(TestRunner.java:770)
at org.testng.TestRunner.run(TestRunner.java:591)
at org.testng.SuiteRunner.runTest(SuiteRunner.java:402)
at org.testng.SuiteRunner.runSequentially(SuiteRunner.java:396)
at org.testng.SuiteRunner.privateRun(SuiteRunner.java:355)
at org.testng.SuiteRunner.run(SuiteRunner.java:304)
at org.testng.SuiteRunnerWorker.runSuite(SuiteRunnerWorker.java:53)
at org.testng.SuiteRunnerWorker.run(SuiteRunnerWorker.java:96)
at org.testng.TestNG.runSuitesSequentially(TestNG.java:1180)
at org.testng.TestNG.runSuitesLocally(TestNG.java:1102)
at org.testng.TestNG.runSuites(TestNG.java:1032)
at org.testng.TestNG.run(TestNG.java:1000)
at org.testng.remote.AbstractRemoteTestNG.run(AbstractRemoteTestNG.java:115)
at org.testng.remote.RemoteTestNG.initAndRun(RemoteTestNG.java:251)
at org.testng.remote.RemoteTestNG.main(RemoteTestNG.java:77)
]]>
    </failure>
  </testcase> <!-- Filter -->
  <testcase classname="tests.PCRPageTest.PCRAssetClassTest" name="Edit">
    <skipped/>
  </testcase> <!-- Edit -->
  <testcase classname="tests.PCRPageTest.PCRAssetClassTest" name="EditVali">
    <skipped/>
  </testcase> <!-- EditVali -->
  <testcase classname="tests.PCRPageTest.PCRAssetClassTest" name="Duplicate">
    <skipped/>
  </testcase> <!-- Duplicate -->
  <testcase classname="tests.PCRPageTest.PCRAssetClassTest" name="DeleteVali">
    <skipped/>
  </testcase> <!-- DeleteVali -->
  <testcase classname="tests.PCRPageTest.PCRAssetClassTest" name="Delete">
    <skipped/>
  </testcase> <!-- Delete -->
  <testcase classname="tests.PCRPageTest.PCRAssetClassTest" name="AddNewValidation">
    <skipped/>
  </testcase> <!-- AddNewValidation -->
  <testcase classname="tests.PCRPageTest.PCRAssetClassTest" name="AddNew">
    <skipped/>
  </testcase> <!-- AddNew -->
</testsuite> <!-- tests.PCRPageTest.PCRAssetClassTest -->
