<?xml version="1.0" encoding="UTF-8"?>
<!-- Generated by org.testng.reporters.JUnitReportReporter -->
<testsuite hostname="DESKTOP-GIUBRHR" failures="17" tests="31" name="pmoMyWorkspaceModuleTest.PmoMyWorkspaceJobplanTest" time="903.906" errors="0" timestamp="2023-01-13T17:11:50 IST" skipped="0">
  <testcase classname="pmoMyWorkspaceModuleTest.PmoMyWorkspaceJobplanTest" name="LaunchPmomodule" time="40.684"/>
  <testcase classname="pmoMyWorkspaceModuleTest.PmoMyWorkspaceJobplanTest" name="serachAssetNum" time="16.450"/>
  <testcase classname="pmoMyWorkspaceModuleTest.PmoMyWorkspaceJobplanTest" name="ValiadteAssetNum" time="10.178"/>
  <testcase classname="pmoMyWorkspaceModuleTest.PmoMyWorkspaceJobplanTest" name="continueExerciseButtonpage" time="15.698"/>
  <testcase classname="pmoMyWorkspaceModuleTest.PmoMyWorkspaceJobplanTest" name="NavigatetojobplanLink" time="10.617"/>
  <testcase classname="pmoMyWorkspaceModuleTest.PmoMyWorkspaceJobplanTest" name="Createjobplan" time="254.735"/>
  <testcase classname="pmoMyWorkspaceModuleTest.PmoMyWorkspaceJobplanTest" name="yesDeleteConfiramationButton" time="33.801"/>
  <testcase classname="pmoMyWorkspaceModuleTest.PmoMyWorkspaceJobplanTest" name="NoDeleteConfiramationButton" time="33.736"/>
  <testcase classname="pmoMyWorkspaceModuleTest.PmoMyWorkspaceJobplanTest" name="addCraftinJobplan" time="20.849"/>
  <testcase classname="pmoMyWorkspaceModuleTest.PmoMyWorkspaceJobplanTest" name="addCraftMasterDataButton" time="21.447"/>
  <testcase classname="pmoMyWorkspaceModuleTest.PmoMyWorkspaceJobplanTest" name="addNewCraftButtonFunctionality" time="53.223"/>
  <testcase classname="pmoMyWorkspaceModuleTest.PmoMyWorkspaceJobplanTest" name="verifyAddedCraft" time="25.205"/>
  <testcase classname="pmoMyWorkspaceModuleTest.PmoMyWorkspaceJobplanTest" name="editButtonFunctionality" time="5.829">
    <failure message="Edit Craft button is not clickable" type="java.lang.AssertionError">
      <![CDATA[java.lang.AssertionError: Edit Craft button is not clickable
at org.testng.Assert.fail(Assert.java:97)
at pages.PmoMyWorkspaceModule.PmoMyWorkspaceJobplanModule.editCraftButton(PmoMyWorkspaceJobplanModule.java:684)
at pmoMyWorkspaceModuleTest.PmoMyWorkspaceJobplanTest.editButtonFunctionality(PmoMyWorkspaceJobplanTest.java:183)
at java.base/jdk.internal.reflect.NativeMethodAccessorImpl.invoke0(Native Method)
at java.base/jdk.internal.reflect.NativeMethodAccessorImpl.invoke(NativeMethodAccessorImpl.java:77)
at java.base/jdk.internal.reflect.DelegatingMethodAccessorImpl.invoke(DelegatingMethodAccessorImpl.java:43)
at java.base/java.lang.reflect.Method.invoke(Method.java:568)
at org.testng.internal.MethodInvocationHelper.invokeMethod(MethodInvocationHelper.java:133)
at org.testng.internal.TestInvoker.invokeMethod(TestInvoker.java:584)
at org.testng.internal.TestInvoker.invokeTestMethod(TestInvoker.java:172)
at org.testng.internal.MethodRunner.runInSequence(MethodRunner.java:46)
at org.testng.internal.TestInvoker$MethodInvocationAgent.invoke(TestInvoker.java:804)
at org.testng.internal.TestInvoker.invokeTestMethods(TestInvoker.java:145)
at org.testng.internal.TestMethodWorker.invokeTestMethods(TestMethodWorker.java:146)
at org.testng.internal.TestMethodWorker.run(TestMethodWorker.java:128)
at java.base/java.util.ArrayList.forEach(ArrayList.java:1511)
at org.testng.TestRunner.privateRun(TestRunner.java:770)
at org.testng.TestRunner.run(TestRunner.java:591)
at org.testng.SuiteRunner.runTest(SuiteRunner.java:402)
at org.testng.SuiteRunner.runSequentially(SuiteRunner.java:396)
at org.testng.SuiteRunner.privateRun(SuiteRunner.java:355)
at org.testng.SuiteRunner.run(SuiteRunner.java:304)
at org.testng.SuiteRunnerWorker.runSuite(SuiteRunnerWorker.java:53)
at org.testng.SuiteRunnerWorker.run(SuiteRunnerWorker.java:96)
at org.testng.TestNG.runSuitesSequentially(TestNG.java:1180)
at org.testng.TestNG.runSuitesLocally(TestNG.java:1102)
at org.testng.TestNG.runSuites(TestNG.java:1032)
at org.testng.TestNG.run(TestNG.java:1000)
at org.testng.remote.AbstractRemoteTestNG.run(AbstractRemoteTestNG.java:115)
at org.testng.remote.RemoteTestNG.initAndRun(RemoteTestNG.java:251)
at org.testng.remote.RemoteTestNG.main(RemoteTestNG.java:77)
]]>
    </failure>
  </testcase> <!-- editButtonFunctionality -->
  <testcase classname="pmoMyWorkspaceModuleTest.PmoMyWorkspaceJobplanTest" name="verifyEditedFrequency" time="25.413">
    <failure message="Testcase is failed as edited craft is not visible in list" type="java.lang.AssertionError">
      <![CDATA[java.lang.AssertionError: Testcase is failed as edited craft is not visible in list
at org.testng.Assert.fail(Assert.java:97)
at pages.PmoMyWorkspaceModule.PmoMyWorkspaceJobplanModule.verifyEditedCraftText(PmoMyWorkspaceJobplanModule.java:869)
at pmoMyWorkspaceModuleTest.PmoMyWorkspaceJobplanTest.verifyEditedFrequency(PmoMyWorkspaceJobplanTest.java:195)
at java.base/jdk.internal.reflect.NativeMethodAccessorImpl.invoke0(Native Method)
at java.base/jdk.internal.reflect.NativeMethodAccessorImpl.invoke(NativeMethodAccessorImpl.java:77)
at java.base/jdk.internal.reflect.DelegatingMethodAccessorImpl.invoke(DelegatingMethodAccessorImpl.java:43)
at java.base/java.lang.reflect.Method.invoke(Method.java:568)
at org.testng.internal.MethodInvocationHelper.invokeMethod(MethodInvocationHelper.java:133)
at org.testng.internal.TestInvoker.invokeMethod(TestInvoker.java:584)
at org.testng.internal.TestInvoker.invokeTestMethod(TestInvoker.java:172)
at org.testng.internal.MethodRunner.runInSequence(MethodRunner.java:46)
at org.testng.internal.TestInvoker$MethodInvocationAgent.invoke(TestInvoker.java:804)
at org.testng.internal.TestInvoker.invokeTestMethods(TestInvoker.java:145)
at org.testng.internal.TestMethodWorker.invokeTestMethods(TestMethodWorker.java:146)
at org.testng.internal.TestMethodWorker.run(TestMethodWorker.java:128)
at java.base/java.util.ArrayList.forEach(ArrayList.java:1511)
at org.testng.TestRunner.privateRun(TestRunner.java:770)
at org.testng.TestRunner.run(TestRunner.java:591)
at org.testng.SuiteRunner.runTest(SuiteRunner.java:402)
at org.testng.SuiteRunner.runSequentially(SuiteRunner.java:396)
at org.testng.SuiteRunner.privateRun(SuiteRunner.java:355)
at org.testng.SuiteRunner.run(SuiteRunner.java:304)
at org.testng.SuiteRunnerWorker.runSuite(SuiteRunnerWorker.java:53)
at org.testng.SuiteRunnerWorker.run(SuiteRunnerWorker.java:96)
at org.testng.TestNG.runSuitesSequentially(TestNG.java:1180)
at org.testng.TestNG.runSuitesLocally(TestNG.java:1102)
at org.testng.TestNG.runSuites(TestNG.java:1032)
at org.testng.TestNG.run(TestNG.java:1000)
at org.testng.remote.AbstractRemoteTestNG.run(AbstractRemoteTestNG.java:115)
at org.testng.remote.RemoteTestNG.initAndRun(RemoteTestNG.java:251)
at org.testng.remote.RemoteTestNG.main(RemoteTestNG.java:77)
]]>
    </failure>
  </testcase> <!-- verifyEditedFrequency -->
  <testcase classname="pmoMyWorkspaceModuleTest.PmoMyWorkspaceJobplanTest" name="yesDeleteButtonFunctionality" time="6.895">
    <failure message="Failed to click on the button: deleteCraft : element click intercepted: Element &lt;button _ngcontent-fkc-c656=&quot;&quot; kendobutton=&quot;&quot; title=&quot;Delete&quot; iconclass=&quot;k-icon k-i-trash&quot; class=&quot;k-button ax-danger k-button-md k-rounded-md k-button-rectangle k-button-solid-base k-button-solid ng-star-inserted&quot; ng-reflect-icon-class=&quot;k-icon k-i-trash&quot; role=&quot;button&quot; aria-disabled=&quot;false&quot; dir=&quot;ltr&quot;&gt;...&lt;/button&gt; is not clickable at point (1492, 209). Other element would receive the click: &lt;div class=&quot;swal-overlay swal-overlay--show-modal&quot; tabindex=&quot;-1&quot;&gt;...&lt;/div&gt;
  (Session info: chrome=108.0.5359.126)
Build info: version: &#039;3.141.59&#039;, revision: &#039;e82be7d358&#039;, time: &#039;2018-11-14T08:17:03&#039;
System info: host: &#039;DESKTOP-GIUBRHR&#039;, ip: &#039;192.168.2.243&#039;, os.name: &#039;Windows 10&#039;, os.arch: &#039;amd64&#039;, os.version: &#039;10.0&#039;, java.version: &#039;17.0.4.1&#039;
Driver info: org.openqa.selenium.chrome.ChromeDriver
Capabilities {acceptInsecureCerts: false, browserName: chrome, browserVersion: 108.0.5359.126, chrome: {chromedriverVersion: 108.0.5359.71 (1e0e3868ee06..., userDataDir: C:\Users\NKadam\AppData\Loc...}, goog:chromeOptions: {debuggerAddress: localhost:57739}, javascriptEnabled: true, networkConnectionEnabled: false, pageLoadStrategy: normal, platform: WINDOWS, platformName: WINDOWS, proxy: Proxy(), setWindowRect: true, strictFileInteractability: false, timeouts: {implicit: 0, pageLoad: 300000, script: 30000}, unhandledPromptBehavior: dismiss and notify, webauthn:extension:credBlob: true, webauthn:extension:largeBlob: true, webauthn:virtualAuthenticators: true}
Session ID: 4865f74ad0bcb1e1b0b6beb876aa4283" type="java.lang.AssertionError">
      <![CDATA[java.lang.AssertionError: Failed to click on the button: deleteCraft : element click intercepted: Element <button _ngcontent-fkc-c656="" kendobutton="" title="Delete" iconclass="k-icon k-i-trash" class="k-button ax-danger k-button-md k-rounded-md k-button-rectangle k-button-solid-base k-button-solid ng-star-inserted" ng-reflect-icon-class="k-icon k-i-trash" role="button" aria-disabled="false" dir="ltr">...</button> is not clickable at point (1492, 209). Other element would receive the click: <div class="swal-overlay swal-overlay--show-modal" tabindex="-1">...</div>
  (Session info: chrome=108.0.5359.126)
Build info: version: '3.141.59', revision: 'e82be7d358', time: '2018-11-14T08:17:03'
System info: host: 'DESKTOP-GIUBRHR', ip: '192.168.2.243', os.name: 'Windows 10', os.arch: 'amd64', os.version: '10.0', java.version: '17.0.4.1'
Driver info: org.openqa.selenium.chrome.ChromeDriver
Capabilities {acceptInsecureCerts: false, browserName: chrome, browserVersion: 108.0.5359.126, chrome: {chromedriverVersion: 108.0.5359.71 (1e0e3868ee06..., userDataDir: C:\Users\NKadam\AppData\Loc...}, goog:chromeOptions: {debuggerAddress: localhost:57739}, javascriptEnabled: true, networkConnectionEnabled: false, pageLoadStrategy: normal, platform: WINDOWS, platformName: WINDOWS, proxy: Proxy(), setWindowRect: true, strictFileInteractability: false, timeouts: {implicit: 0, pageLoad: 300000, script: 30000}, unhandledPromptBehavior: dismiss and notify, webauthn:extension:credBlob: true, webauthn:extension:largeBlob: true, webauthn:virtualAuthenticators: true}
Session ID: 4865f74ad0bcb1e1b0b6beb876aa4283
at org.testng.Assert.fail(Assert.java:97)
at utils.BrowserActionBase.clickButton(BrowserActionBase.java:43)
at pages.PmoMyWorkspaceModule.PmoMyWorkspaceJobplanModule.deleteCraftButton(PmoMyWorkspaceJobplanModule.java:716)
at pmoMyWorkspaceModuleTest.PmoMyWorkspaceJobplanTest.yesDeleteButtonFunctionality(PmoMyWorkspaceJobplanTest.java:203)
at java.base/jdk.internal.reflect.NativeMethodAccessorImpl.invoke0(Native Method)
at java.base/jdk.internal.reflect.NativeMethodAccessorImpl.invoke(NativeMethodAccessorImpl.java:77)
at java.base/jdk.internal.reflect.DelegatingMethodAccessorImpl.invoke(DelegatingMethodAccessorImpl.java:43)
at java.base/java.lang.reflect.Method.invoke(Method.java:568)
at org.testng.internal.MethodInvocationHelper.invokeMethod(MethodInvocationHelper.java:133)
at org.testng.internal.TestInvoker.invokeMethod(TestInvoker.java:584)
at org.testng.internal.TestInvoker.invokeTestMethod(TestInvoker.java:172)
at org.testng.internal.MethodRunner.runInSequence(MethodRunner.java:46)
at org.testng.internal.TestInvoker$MethodInvocationAgent.invoke(TestInvoker.java:804)
at org.testng.internal.TestInvoker.invokeTestMethods(TestInvoker.java:145)
at org.testng.internal.TestMethodWorker.invokeTestMethods(TestMethodWorker.java:146)
at org.testng.internal.TestMethodWorker.run(TestMethodWorker.java:128)
at java.base/java.util.ArrayList.forEach(ArrayList.java:1511)
at org.testng.TestRunner.privateRun(TestRunner.java:770)
at org.testng.TestRunner.run(TestRunner.java:591)
at org.testng.SuiteRunner.runTest(SuiteRunner.java:402)
at org.testng.SuiteRunner.runSequentially(SuiteRunner.java:396)
at org.testng.SuiteRunner.privateRun(SuiteRunner.java:355)
at org.testng.SuiteRunner.run(SuiteRunner.java:304)
at org.testng.SuiteRunnerWorker.runSuite(SuiteRunnerWorker.java:53)
at org.testng.SuiteRunnerWorker.run(SuiteRunnerWorker.java:96)
at org.testng.TestNG.runSuitesSequentially(TestNG.java:1180)
at org.testng.TestNG.runSuitesLocally(TestNG.java:1102)
at org.testng.TestNG.runSuites(TestNG.java:1032)
at org.testng.TestNG.run(TestNG.java:1000)
at org.testng.remote.AbstractRemoteTestNG.run(AbstractRemoteTestNG.java:115)
at org.testng.remote.RemoteTestNG.initAndRun(RemoteTestNG.java:251)
at org.testng.remote.RemoteTestNG.main(RemoteTestNG.java:77)
]]>
    </failure>
  </testcase> <!-- yesDeleteButtonFunctionality -->
  <testcase classname="pmoMyWorkspaceModuleTest.PmoMyWorkspaceJobplanTest" name="verifyDeletedCraft" time="5.481"/>
  <testcase classname="pmoMyWorkspaceModuleTest.PmoMyWorkspaceJobplanTest" name="cancleButtonFunctionality" time="7.057">
    <failure message="Failed to click on the button: addNewCraft : element click intercepted: Element &lt;button _ngcontent-fkc-c602=&quot;&quot; kendogridaddcommand=&quot;&quot; title=&quot;Add New Skills&quot; ng-reflect-icon-class=&quot;k-icon k-i-plus&quot; role=&quot;button&quot; aria-disabled=&quot;false&quot; dir=&quot;ltr&quot; class=&quot;k-button k-grid-add-command k-button-md k-rounded-md k-button-rectangle k-button-solid-base k-button-solid&quot;&gt;...&lt;/button&gt; is not clickable at point (1188, 186). Other element would receive the click: &lt;div class=&quot;swal-overlay swal-overlay--show-modal&quot; tabindex=&quot;-1&quot;&gt;...&lt;/div&gt;
  (Session info: chrome=108.0.5359.126)
Build info: version: &#039;3.141.59&#039;, revision: &#039;e82be7d358&#039;, time: &#039;2018-11-14T08:17:03&#039;
System info: host: &#039;DESKTOP-GIUBRHR&#039;, ip: &#039;192.168.2.243&#039;, os.name: &#039;Windows 10&#039;, os.arch: &#039;amd64&#039;, os.version: &#039;10.0&#039;, java.version: &#039;17.0.4.1&#039;
Driver info: org.openqa.selenium.chrome.ChromeDriver
Capabilities {acceptInsecureCerts: false, browserName: chrome, browserVersion: 108.0.5359.126, chrome: {chromedriverVersion: 108.0.5359.71 (1e0e3868ee06..., userDataDir: C:\Users\NKadam\AppData\Loc...}, goog:chromeOptions: {debuggerAddress: localhost:57739}, javascriptEnabled: true, networkConnectionEnabled: false, pageLoadStrategy: normal, platform: WINDOWS, platformName: WINDOWS, proxy: Proxy(), setWindowRect: true, strictFileInteractability: false, timeouts: {implicit: 0, pageLoad: 300000, script: 30000}, unhandledPromptBehavior: dismiss and notify, webauthn:extension:credBlob: true, webauthn:extension:largeBlob: true, webauthn:virtualAuthenticators: true}
Session ID: 4865f74ad0bcb1e1b0b6beb876aa4283" type="java.lang.AssertionError">
      <![CDATA[java.lang.AssertionError: Failed to click on the button: addNewCraft : element click intercepted: Element <button _ngcontent-fkc-c602="" kendogridaddcommand="" title="Add New Skills" ng-reflect-icon-class="k-icon k-i-plus" role="button" aria-disabled="false" dir="ltr" class="k-button k-grid-add-command k-button-md k-rounded-md k-button-rectangle k-button-solid-base k-button-solid">...</button> is not clickable at point (1188, 186). Other element would receive the click: <div class="swal-overlay swal-overlay--show-modal" tabindex="-1">...</div>
  (Session info: chrome=108.0.5359.126)
Build info: version: '3.141.59', revision: 'e82be7d358', time: '2018-11-14T08:17:03'
System info: host: 'DESKTOP-GIUBRHR', ip: '192.168.2.243', os.name: 'Windows 10', os.arch: 'amd64', os.version: '10.0', java.version: '17.0.4.1'
Driver info: org.openqa.selenium.chrome.ChromeDriver
Capabilities {acceptInsecureCerts: false, browserName: chrome, browserVersion: 108.0.5359.126, chrome: {chromedriverVersion: 108.0.5359.71 (1e0e3868ee06..., userDataDir: C:\Users\NKadam\AppData\Loc...}, goog:chromeOptions: {debuggerAddress: localhost:57739}, javascriptEnabled: true, networkConnectionEnabled: false, pageLoadStrategy: normal, platform: WINDOWS, platformName: WINDOWS, proxy: Proxy(), setWindowRect: true, strictFileInteractability: false, timeouts: {implicit: 0, pageLoad: 300000, script: 30000}, unhandledPromptBehavior: dismiss and notify, webauthn:extension:credBlob: true, webauthn:extension:largeBlob: true, webauthn:virtualAuthenticators: true}
Session ID: 4865f74ad0bcb1e1b0b6beb876aa4283
at org.testng.Assert.fail(Assert.java:97)
at utils.BrowserActionBase.clickButton(BrowserActionBase.java:43)
at pages.PmoMyWorkspaceModule.PmoMyWorkspaceJobplanModule.addNewCraftButton(PmoMyWorkspaceJobplanModule.java:546)
at pmoMyWorkspaceModuleTest.PmoMyWorkspaceJobplanTest.cancleButtonFunctionality(PmoMyWorkspaceJobplanTest.java:220)
at java.base/jdk.internal.reflect.NativeMethodAccessorImpl.invoke0(Native Method)
at java.base/jdk.internal.reflect.NativeMethodAccessorImpl.invoke(NativeMethodAccessorImpl.java:77)
at java.base/jdk.internal.reflect.DelegatingMethodAccessorImpl.invoke(DelegatingMethodAccessorImpl.java:43)
at java.base/java.lang.reflect.Method.invoke(Method.java:568)
at org.testng.internal.MethodInvocationHelper.invokeMethod(MethodInvocationHelper.java:133)
at org.testng.internal.TestInvoker.invokeMethod(TestInvoker.java:584)
at org.testng.internal.TestInvoker.invokeTestMethod(TestInvoker.java:172)
at org.testng.internal.MethodRunner.runInSequence(MethodRunner.java:46)
at org.testng.internal.TestInvoker$MethodInvocationAgent.invoke(TestInvoker.java:804)
at org.testng.internal.TestInvoker.invokeTestMethods(TestInvoker.java:145)
at org.testng.internal.TestMethodWorker.invokeTestMethods(TestMethodWorker.java:146)
at org.testng.internal.TestMethodWorker.run(TestMethodWorker.java:128)
at java.base/java.util.ArrayList.forEach(ArrayList.java:1511)
at org.testng.TestRunner.privateRun(TestRunner.java:770)
at org.testng.TestRunner.run(TestRunner.java:591)
at org.testng.SuiteRunner.runTest(SuiteRunner.java:402)
at org.testng.SuiteRunner.runSequentially(SuiteRunner.java:396)
at org.testng.SuiteRunner.privateRun(SuiteRunner.java:355)
at org.testng.SuiteRunner.run(SuiteRunner.java:304)
at org.testng.SuiteRunnerWorker.runSuite(SuiteRunnerWorker.java:53)
at org.testng.SuiteRunnerWorker.run(SuiteRunnerWorker.java:96)
at org.testng.TestNG.runSuitesSequentially(TestNG.java:1180)
at org.testng.TestNG.runSuitesLocally(TestNG.java:1102)
at org.testng.TestNG.runSuites(TestNG.java:1032)
at org.testng.TestNG.run(TestNG.java:1000)
at org.testng.remote.AbstractRemoteTestNG.run(AbstractRemoteTestNG.java:115)
at org.testng.remote.RemoteTestNG.initAndRun(RemoteTestNG.java:251)
at org.testng.remote.RemoteTestNG.main(RemoteTestNG.java:77)
]]>
    </failure>
  </testcase> <!-- cancleButtonFunctionality -->
  <testcase classname="pmoMyWorkspaceModuleTest.PmoMyWorkspaceJobplanTest" name="verifySaveButtonIsDisable" time="1.577">
    <failure message="Failed to click on the button: addNewCraft : element click intercepted: Element &lt;button _ngcontent-fkc-c602=&quot;&quot; kendogridaddcommand=&quot;&quot; title=&quot;Add New Skills&quot; ng-reflect-icon-class=&quot;k-icon k-i-plus&quot; role=&quot;button&quot; aria-disabled=&quot;false&quot; dir=&quot;ltr&quot; class=&quot;k-button k-grid-add-command k-button-md k-rounded-md k-button-rectangle k-button-solid-base k-button-solid&quot;&gt;...&lt;/button&gt; is not clickable at point (1188, 186). Other element would receive the click: &lt;div class=&quot;swal-overlay swal-overlay--show-modal&quot; tabindex=&quot;-1&quot;&gt;...&lt;/div&gt;
  (Session info: chrome=108.0.5359.126)
Build info: version: &#039;3.141.59&#039;, revision: &#039;e82be7d358&#039;, time: &#039;2018-11-14T08:17:03&#039;
System info: host: &#039;DESKTOP-GIUBRHR&#039;, ip: &#039;192.168.2.243&#039;, os.name: &#039;Windows 10&#039;, os.arch: &#039;amd64&#039;, os.version: &#039;10.0&#039;, java.version: &#039;17.0.4.1&#039;
Driver info: org.openqa.selenium.chrome.ChromeDriver
Capabilities {acceptInsecureCerts: false, browserName: chrome, browserVersion: 108.0.5359.126, chrome: {chromedriverVersion: 108.0.5359.71 (1e0e3868ee06..., userDataDir: C:\Users\NKadam\AppData\Loc...}, goog:chromeOptions: {debuggerAddress: localhost:57739}, javascriptEnabled: true, networkConnectionEnabled: false, pageLoadStrategy: normal, platform: WINDOWS, platformName: WINDOWS, proxy: Proxy(), setWindowRect: true, strictFileInteractability: false, timeouts: {implicit: 0, pageLoad: 300000, script: 30000}, unhandledPromptBehavior: dismiss and notify, webauthn:extension:credBlob: true, webauthn:extension:largeBlob: true, webauthn:virtualAuthenticators: true}
Session ID: 4865f74ad0bcb1e1b0b6beb876aa4283" type="java.lang.AssertionError">
      <![CDATA[java.lang.AssertionError: Failed to click on the button: addNewCraft : element click intercepted: Element <button _ngcontent-fkc-c602="" kendogridaddcommand="" title="Add New Skills" ng-reflect-icon-class="k-icon k-i-plus" role="button" aria-disabled="false" dir="ltr" class="k-button k-grid-add-command k-button-md k-rounded-md k-button-rectangle k-button-solid-base k-button-solid">...</button> is not clickable at point (1188, 186). Other element would receive the click: <div class="swal-overlay swal-overlay--show-modal" tabindex="-1">...</div>
  (Session info: chrome=108.0.5359.126)
Build info: version: '3.141.59', revision: 'e82be7d358', time: '2018-11-14T08:17:03'
System info: host: 'DESKTOP-GIUBRHR', ip: '192.168.2.243', os.name: 'Windows 10', os.arch: 'amd64', os.version: '10.0', java.version: '17.0.4.1'
Driver info: org.openqa.selenium.chrome.ChromeDriver
Capabilities {acceptInsecureCerts: false, browserName: chrome, browserVersion: 108.0.5359.126, chrome: {chromedriverVersion: 108.0.5359.71 (1e0e3868ee06..., userDataDir: C:\Users\NKadam\AppData\Loc...}, goog:chromeOptions: {debuggerAddress: localhost:57739}, javascriptEnabled: true, networkConnectionEnabled: false, pageLoadStrategy: normal, platform: WINDOWS, platformName: WINDOWS, proxy: Proxy(), setWindowRect: true, strictFileInteractability: false, timeouts: {implicit: 0, pageLoad: 300000, script: 30000}, unhandledPromptBehavior: dismiss and notify, webauthn:extension:credBlob: true, webauthn:extension:largeBlob: true, webauthn:virtualAuthenticators: true}
Session ID: 4865f74ad0bcb1e1b0b6beb876aa4283
at org.testng.Assert.fail(Assert.java:97)
at utils.BrowserActionBase.clickButton(BrowserActionBase.java:43)
at pages.PmoMyWorkspaceModule.PmoMyWorkspaceJobplanModule.addNewCraftButton(PmoMyWorkspaceJobplanModule.java:546)
at pmoMyWorkspaceModuleTest.PmoMyWorkspaceJobplanTest.verifySaveButtonIsDisable(PmoMyWorkspaceJobplanTest.java:233)
at java.base/jdk.internal.reflect.NativeMethodAccessorImpl.invoke0(Native Method)
at java.base/jdk.internal.reflect.NativeMethodAccessorImpl.invoke(NativeMethodAccessorImpl.java:77)
at java.base/jdk.internal.reflect.DelegatingMethodAccessorImpl.invoke(DelegatingMethodAccessorImpl.java:43)
at java.base/java.lang.reflect.Method.invoke(Method.java:568)
at org.testng.internal.MethodInvocationHelper.invokeMethod(MethodInvocationHelper.java:133)
at org.testng.internal.TestInvoker.invokeMethod(TestInvoker.java:584)
at org.testng.internal.TestInvoker.invokeTestMethod(TestInvoker.java:172)
at org.testng.internal.MethodRunner.runInSequence(MethodRunner.java:46)
at org.testng.internal.TestInvoker$MethodInvocationAgent.invoke(TestInvoker.java:804)
at org.testng.internal.TestInvoker.invokeTestMethods(TestInvoker.java:145)
at org.testng.internal.TestMethodWorker.invokeTestMethods(TestMethodWorker.java:146)
at org.testng.internal.TestMethodWorker.run(TestMethodWorker.java:128)
at java.base/java.util.ArrayList.forEach(ArrayList.java:1511)
at org.testng.TestRunner.privateRun(TestRunner.java:770)
at org.testng.TestRunner.run(TestRunner.java:591)
at org.testng.SuiteRunner.runTest(SuiteRunner.java:402)
at org.testng.SuiteRunner.runSequentially(SuiteRunner.java:396)
at org.testng.SuiteRunner.privateRun(SuiteRunner.java:355)
at org.testng.SuiteRunner.run(SuiteRunner.java:304)
at org.testng.SuiteRunnerWorker.runSuite(SuiteRunnerWorker.java:53)
at org.testng.SuiteRunnerWorker.run(SuiteRunnerWorker.java:96)
at org.testng.TestNG.runSuitesSequentially(TestNG.java:1180)
at org.testng.TestNG.runSuitesLocally(TestNG.java:1102)
at org.testng.TestNG.runSuites(TestNG.java:1032)
at org.testng.TestNG.run(TestNG.java:1000)
at org.testng.remote.AbstractRemoteTestNG.run(AbstractRemoteTestNG.java:115)
at org.testng.remote.RemoteTestNG.initAndRun(RemoteTestNG.java:251)
at org.testng.remote.RemoteTestNG.main(RemoteTestNG.java:77)
]]>
    </failure>
  </testcase> <!-- verifySaveButtonIsDisable -->
  <testcase classname="pmoMyWorkspaceModuleTest.PmoMyWorkspaceJobplanTest" name="noDeleteButtonFunctionality" time="6.725">
    <failure message="Failed to click on the button: deleteCraft : element click intercepted: Element &lt;button _ngcontent-fkc-c656=&quot;&quot; kendobutton=&quot;&quot; title=&quot;Delete&quot; iconclass=&quot;k-icon k-i-trash&quot; class=&quot;k-button ax-danger k-button-md k-rounded-md k-button-rectangle k-button-solid-base k-button-solid ng-star-inserted&quot; ng-reflect-icon-class=&quot;k-icon k-i-trash&quot; role=&quot;button&quot; aria-disabled=&quot;false&quot; dir=&quot;ltr&quot;&gt;...&lt;/button&gt; is not clickable at point (1492, 209). Other element would receive the click: &lt;div class=&quot;swal-overlay swal-overlay--show-modal&quot; tabindex=&quot;-1&quot;&gt;...&lt;/div&gt;
  (Session info: chrome=108.0.5359.126)
Build info: version: &#039;3.141.59&#039;, revision: &#039;e82be7d358&#039;, time: &#039;2018-11-14T08:17:03&#039;
System info: host: &#039;DESKTOP-GIUBRHR&#039;, ip: &#039;192.168.2.243&#039;, os.name: &#039;Windows 10&#039;, os.arch: &#039;amd64&#039;, os.version: &#039;10.0&#039;, java.version: &#039;17.0.4.1&#039;
Driver info: org.openqa.selenium.chrome.ChromeDriver
Capabilities {acceptInsecureCerts: false, browserName: chrome, browserVersion: 108.0.5359.126, chrome: {chromedriverVersion: 108.0.5359.71 (1e0e3868ee06..., userDataDir: C:\Users\NKadam\AppData\Loc...}, goog:chromeOptions: {debuggerAddress: localhost:57739}, javascriptEnabled: true, networkConnectionEnabled: false, pageLoadStrategy: normal, platform: WINDOWS, platformName: WINDOWS, proxy: Proxy(), setWindowRect: true, strictFileInteractability: false, timeouts: {implicit: 0, pageLoad: 300000, script: 30000}, unhandledPromptBehavior: dismiss and notify, webauthn:extension:credBlob: true, webauthn:extension:largeBlob: true, webauthn:virtualAuthenticators: true}
Session ID: 4865f74ad0bcb1e1b0b6beb876aa4283" type="java.lang.AssertionError">
      <![CDATA[java.lang.AssertionError: Failed to click on the button: deleteCraft : element click intercepted: Element <button _ngcontent-fkc-c656="" kendobutton="" title="Delete" iconclass="k-icon k-i-trash" class="k-button ax-danger k-button-md k-rounded-md k-button-rectangle k-button-solid-base k-button-solid ng-star-inserted" ng-reflect-icon-class="k-icon k-i-trash" role="button" aria-disabled="false" dir="ltr">...</button> is not clickable at point (1492, 209). Other element would receive the click: <div class="swal-overlay swal-overlay--show-modal" tabindex="-1">...</div>
  (Session info: chrome=108.0.5359.126)
Build info: version: '3.141.59', revision: 'e82be7d358', time: '2018-11-14T08:17:03'
System info: host: 'DESKTOP-GIUBRHR', ip: '192.168.2.243', os.name: 'Windows 10', os.arch: 'amd64', os.version: '10.0', java.version: '17.0.4.1'
Driver info: org.openqa.selenium.chrome.ChromeDriver
Capabilities {acceptInsecureCerts: false, browserName: chrome, browserVersion: 108.0.5359.126, chrome: {chromedriverVersion: 108.0.5359.71 (1e0e3868ee06..., userDataDir: C:\Users\NKadam\AppData\Loc...}, goog:chromeOptions: {debuggerAddress: localhost:57739}, javascriptEnabled: true, networkConnectionEnabled: false, pageLoadStrategy: normal, platform: WINDOWS, platformName: WINDOWS, proxy: Proxy(), setWindowRect: true, strictFileInteractability: false, timeouts: {implicit: 0, pageLoad: 300000, script: 30000}, unhandledPromptBehavior: dismiss and notify, webauthn:extension:credBlob: true, webauthn:extension:largeBlob: true, webauthn:virtualAuthenticators: true}
Session ID: 4865f74ad0bcb1e1b0b6beb876aa4283
at org.testng.Assert.fail(Assert.java:97)
at utils.BrowserActionBase.clickButton(BrowserActionBase.java:43)
at pages.PmoMyWorkspaceModule.PmoMyWorkspaceJobplanModule.deleteCraftButton(PmoMyWorkspaceJobplanModule.java:716)
at pmoMyWorkspaceModuleTest.PmoMyWorkspaceJobplanTest.noDeleteButtonFunctionality(PmoMyWorkspaceJobplanTest.java:241)
at java.base/jdk.internal.reflect.NativeMethodAccessorImpl.invoke0(Native Method)
at java.base/jdk.internal.reflect.NativeMethodAccessorImpl.invoke(NativeMethodAccessorImpl.java:77)
at java.base/jdk.internal.reflect.DelegatingMethodAccessorImpl.invoke(DelegatingMethodAccessorImpl.java:43)
at java.base/java.lang.reflect.Method.invoke(Method.java:568)
at org.testng.internal.MethodInvocationHelper.invokeMethod(MethodInvocationHelper.java:133)
at org.testng.internal.TestInvoker.invokeMethod(TestInvoker.java:584)
at org.testng.internal.TestInvoker.invokeTestMethod(TestInvoker.java:172)
at org.testng.internal.MethodRunner.runInSequence(MethodRunner.java:46)
at org.testng.internal.TestInvoker$MethodInvocationAgent.invoke(TestInvoker.java:804)
at org.testng.internal.TestInvoker.invokeTestMethods(TestInvoker.java:145)
at org.testng.internal.TestMethodWorker.invokeTestMethods(TestMethodWorker.java:146)
at org.testng.internal.TestMethodWorker.run(TestMethodWorker.java:128)
at java.base/java.util.ArrayList.forEach(ArrayList.java:1511)
at org.testng.TestRunner.privateRun(TestRunner.java:770)
at org.testng.TestRunner.run(TestRunner.java:591)
at org.testng.SuiteRunner.runTest(SuiteRunner.java:402)
at org.testng.SuiteRunner.runSequentially(SuiteRunner.java:396)
at org.testng.SuiteRunner.privateRun(SuiteRunner.java:355)
at org.testng.SuiteRunner.run(SuiteRunner.java:304)
at org.testng.SuiteRunnerWorker.runSuite(SuiteRunnerWorker.java:53)
at org.testng.SuiteRunnerWorker.run(SuiteRunnerWorker.java:96)
at org.testng.TestNG.runSuitesSequentially(TestNG.java:1180)
at org.testng.TestNG.runSuitesLocally(TestNG.java:1102)
at org.testng.TestNG.runSuites(TestNG.java:1032)
at org.testng.TestNG.run(TestNG.java:1000)
at org.testng.remote.AbstractRemoteTestNG.run(AbstractRemoteTestNG.java:115)
at org.testng.remote.RemoteTestNG.initAndRun(RemoteTestNG.java:251)
at org.testng.remote.RemoteTestNG.main(RemoteTestNG.java:77)
]]>
    </failure>
  </testcase> <!-- noDeleteButtonFunctionality -->
  <testcase classname="pmoMyWorkspaceModuleTest.PmoMyWorkspaceJobplanTest" name="saveButtonFunctionality" time="1.833">
    <failure message="Failed to click on the button: addNewCraft : element click intercepted: Element &lt;button _ngcontent-fkc-c602=&quot;&quot; kendogridaddcommand=&quot;&quot; title=&quot;Add New Skills&quot; ng-reflect-icon-class=&quot;k-icon k-i-plus&quot; role=&quot;button&quot; aria-disabled=&quot;false&quot; dir=&quot;ltr&quot; class=&quot;k-button k-grid-add-command k-button-md k-rounded-md k-button-rectangle k-button-solid-base k-button-solid&quot;&gt;...&lt;/button&gt; is not clickable at point (1188, 186). Other element would receive the click: &lt;div class=&quot;swal-overlay swal-overlay--show-modal&quot; tabindex=&quot;-1&quot;&gt;...&lt;/div&gt;
  (Session info: chrome=108.0.5359.126)
Build info: version: &#039;3.141.59&#039;, revision: &#039;e82be7d358&#039;, time: &#039;2018-11-14T08:17:03&#039;
System info: host: &#039;DESKTOP-GIUBRHR&#039;, ip: &#039;192.168.2.243&#039;, os.name: &#039;Windows 10&#039;, os.arch: &#039;amd64&#039;, os.version: &#039;10.0&#039;, java.version: &#039;17.0.4.1&#039;
Driver info: org.openqa.selenium.chrome.ChromeDriver
Capabilities {acceptInsecureCerts: false, browserName: chrome, browserVersion: 108.0.5359.126, chrome: {chromedriverVersion: 108.0.5359.71 (1e0e3868ee06..., userDataDir: C:\Users\NKadam\AppData\Loc...}, goog:chromeOptions: {debuggerAddress: localhost:57739}, javascriptEnabled: true, networkConnectionEnabled: false, pageLoadStrategy: normal, platform: WINDOWS, platformName: WINDOWS, proxy: Proxy(), setWindowRect: true, strictFileInteractability: false, timeouts: {implicit: 0, pageLoad: 300000, script: 30000}, unhandledPromptBehavior: dismiss and notify, webauthn:extension:credBlob: true, webauthn:extension:largeBlob: true, webauthn:virtualAuthenticators: true}
Session ID: 4865f74ad0bcb1e1b0b6beb876aa4283" type="java.lang.AssertionError">
      <![CDATA[java.lang.AssertionError: Failed to click on the button: addNewCraft : element click intercepted: Element <button _ngcontent-fkc-c602="" kendogridaddcommand="" title="Add New Skills" ng-reflect-icon-class="k-icon k-i-plus" role="button" aria-disabled="false" dir="ltr" class="k-button k-grid-add-command k-button-md k-rounded-md k-button-rectangle k-button-solid-base k-button-solid">...</button> is not clickable at point (1188, 186). Other element would receive the click: <div class="swal-overlay swal-overlay--show-modal" tabindex="-1">...</div>
  (Session info: chrome=108.0.5359.126)
Build info: version: '3.141.59', revision: 'e82be7d358', time: '2018-11-14T08:17:03'
System info: host: 'DESKTOP-GIUBRHR', ip: '192.168.2.243', os.name: 'Windows 10', os.arch: 'amd64', os.version: '10.0', java.version: '17.0.4.1'
Driver info: org.openqa.selenium.chrome.ChromeDriver
Capabilities {acceptInsecureCerts: false, browserName: chrome, browserVersion: 108.0.5359.126, chrome: {chromedriverVersion: 108.0.5359.71 (1e0e3868ee06..., userDataDir: C:\Users\NKadam\AppData\Loc...}, goog:chromeOptions: {debuggerAddress: localhost:57739}, javascriptEnabled: true, networkConnectionEnabled: false, pageLoadStrategy: normal, platform: WINDOWS, platformName: WINDOWS, proxy: Proxy(), setWindowRect: true, strictFileInteractability: false, timeouts: {implicit: 0, pageLoad: 300000, script: 30000}, unhandledPromptBehavior: dismiss and notify, webauthn:extension:credBlob: true, webauthn:extension:largeBlob: true, webauthn:virtualAuthenticators: true}
Session ID: 4865f74ad0bcb1e1b0b6beb876aa4283
at org.testng.Assert.fail(Assert.java:97)
at utils.BrowserActionBase.clickButton(BrowserActionBase.java:43)
at pages.PmoMyWorkspaceModule.PmoMyWorkspaceJobplanModule.addNewCraftButton(PmoMyWorkspaceJobplanModule.java:546)
at pmoMyWorkspaceModuleTest.PmoMyWorkspaceJobplanTest.saveButtonFunctionality(PmoMyWorkspaceJobplanTest.java:250)
at java.base/jdk.internal.reflect.NativeMethodAccessorImpl.invoke0(Native Method)
at java.base/jdk.internal.reflect.NativeMethodAccessorImpl.invoke(NativeMethodAccessorImpl.java:77)
at java.base/jdk.internal.reflect.DelegatingMethodAccessorImpl.invoke(DelegatingMethodAccessorImpl.java:43)
at java.base/java.lang.reflect.Method.invoke(Method.java:568)
at org.testng.internal.MethodInvocationHelper.invokeMethod(MethodInvocationHelper.java:133)
at org.testng.internal.TestInvoker.invokeMethod(TestInvoker.java:584)
at org.testng.internal.TestInvoker.invokeTestMethod(TestInvoker.java:172)
at org.testng.internal.MethodRunner.runInSequence(MethodRunner.java:46)
at org.testng.internal.TestInvoker$MethodInvocationAgent.invoke(TestInvoker.java:804)
at org.testng.internal.TestInvoker.invokeTestMethods(TestInvoker.java:145)
at org.testng.internal.TestMethodWorker.invokeTestMethods(TestMethodWorker.java:146)
at org.testng.internal.TestMethodWorker.run(TestMethodWorker.java:128)
at java.base/java.util.ArrayList.forEach(ArrayList.java:1511)
at org.testng.TestRunner.privateRun(TestRunner.java:770)
at org.testng.TestRunner.run(TestRunner.java:591)
at org.testng.SuiteRunner.runTest(SuiteRunner.java:402)
at org.testng.SuiteRunner.runSequentially(SuiteRunner.java:396)
at org.testng.SuiteRunner.privateRun(SuiteRunner.java:355)
at org.testng.SuiteRunner.run(SuiteRunner.java:304)
at org.testng.SuiteRunnerWorker.runSuite(SuiteRunnerWorker.java:53)
at org.testng.SuiteRunnerWorker.run(SuiteRunnerWorker.java:96)
at org.testng.TestNG.runSuitesSequentially(TestNG.java:1180)
at org.testng.TestNG.runSuitesLocally(TestNG.java:1102)
at org.testng.TestNG.runSuites(TestNG.java:1032)
at org.testng.TestNG.run(TestNG.java:1000)
at org.testng.remote.AbstractRemoteTestNG.run(AbstractRemoteTestNG.java:115)
at org.testng.remote.RemoteTestNG.initAndRun(RemoteTestNG.java:251)
at org.testng.remote.RemoteTestNG.main(RemoteTestNG.java:77)
]]>
    </failure>
  </testcase> <!-- saveButtonFunctionality -->
  <testcase classname="pmoMyWorkspaceModuleTest.PmoMyWorkspaceJobplanTest" name="duplicateRecord" time="6.623">
    <failure message="Failed to click on the button: addNewCraft : element click intercepted: Element &lt;button _ngcontent-fkc-c602=&quot;&quot; kendogridaddcommand=&quot;&quot; title=&quot;Add New Skills&quot; ng-reflect-icon-class=&quot;k-icon k-i-plus&quot; role=&quot;button&quot; aria-disabled=&quot;false&quot; dir=&quot;ltr&quot; class=&quot;k-button k-grid-add-command k-button-md k-rounded-md k-button-rectangle k-button-solid-base k-button-solid&quot;&gt;...&lt;/button&gt; is not clickable at point (1188, 186). Other element would receive the click: &lt;div class=&quot;swal-overlay swal-overlay--show-modal&quot; tabindex=&quot;-1&quot;&gt;...&lt;/div&gt;
  (Session info: chrome=108.0.5359.126)
Build info: version: &#039;3.141.59&#039;, revision: &#039;e82be7d358&#039;, time: &#039;2018-11-14T08:17:03&#039;
System info: host: &#039;DESKTOP-GIUBRHR&#039;, ip: &#039;192.168.2.243&#039;, os.name: &#039;Windows 10&#039;, os.arch: &#039;amd64&#039;, os.version: &#039;10.0&#039;, java.version: &#039;17.0.4.1&#039;
Driver info: org.openqa.selenium.chrome.ChromeDriver
Capabilities {acceptInsecureCerts: false, browserName: chrome, browserVersion: 108.0.5359.126, chrome: {chromedriverVersion: 108.0.5359.71 (1e0e3868ee06..., userDataDir: C:\Users\NKadam\AppData\Loc...}, goog:chromeOptions: {debuggerAddress: localhost:57739}, javascriptEnabled: true, networkConnectionEnabled: false, pageLoadStrategy: normal, platform: WINDOWS, platformName: WINDOWS, proxy: Proxy(), setWindowRect: true, strictFileInteractability: false, timeouts: {implicit: 0, pageLoad: 300000, script: 30000}, unhandledPromptBehavior: dismiss and notify, webauthn:extension:credBlob: true, webauthn:extension:largeBlob: true, webauthn:virtualAuthenticators: true}
Session ID: 4865f74ad0bcb1e1b0b6beb876aa4283" type="java.lang.AssertionError">
      <![CDATA[java.lang.AssertionError: Failed to click on the button: addNewCraft : element click intercepted: Element <button _ngcontent-fkc-c602="" kendogridaddcommand="" title="Add New Skills" ng-reflect-icon-class="k-icon k-i-plus" role="button" aria-disabled="false" dir="ltr" class="k-button k-grid-add-command k-button-md k-rounded-md k-button-rectangle k-button-solid-base k-button-solid">...</button> is not clickable at point (1188, 186). Other element would receive the click: <div class="swal-overlay swal-overlay--show-modal" tabindex="-1">...</div>
  (Session info: chrome=108.0.5359.126)
Build info: version: '3.141.59', revision: 'e82be7d358', time: '2018-11-14T08:17:03'
System info: host: 'DESKTOP-GIUBRHR', ip: '192.168.2.243', os.name: 'Windows 10', os.arch: 'amd64', os.version: '10.0', java.version: '17.0.4.1'
Driver info: org.openqa.selenium.chrome.ChromeDriver
Capabilities {acceptInsecureCerts: false, browserName: chrome, browserVersion: 108.0.5359.126, chrome: {chromedriverVersion: 108.0.5359.71 (1e0e3868ee06..., userDataDir: C:\Users\NKadam\AppData\Loc...}, goog:chromeOptions: {debuggerAddress: localhost:57739}, javascriptEnabled: true, networkConnectionEnabled: false, pageLoadStrategy: normal, platform: WINDOWS, platformName: WINDOWS, proxy: Proxy(), setWindowRect: true, strictFileInteractability: false, timeouts: {implicit: 0, pageLoad: 300000, script: 30000}, unhandledPromptBehavior: dismiss and notify, webauthn:extension:credBlob: true, webauthn:extension:largeBlob: true, webauthn:virtualAuthenticators: true}
Session ID: 4865f74ad0bcb1e1b0b6beb876aa4283
at org.testng.Assert.fail(Assert.java:97)
at utils.BrowserActionBase.clickButton(BrowserActionBase.java:43)
at pages.PmoMyWorkspaceModule.PmoMyWorkspaceJobplanModule.addNewCraftButton(PmoMyWorkspaceJobplanModule.java:546)
at pmoMyWorkspaceModuleTest.PmoMyWorkspaceJobplanTest.duplicateRecord(PmoMyWorkspaceJobplanTest.java:265)
at java.base/jdk.internal.reflect.NativeMethodAccessorImpl.invoke0(Native Method)
at java.base/jdk.internal.reflect.NativeMethodAccessorImpl.invoke(NativeMethodAccessorImpl.java:77)
at java.base/jdk.internal.reflect.DelegatingMethodAccessorImpl.invoke(DelegatingMethodAccessorImpl.java:43)
at java.base/java.lang.reflect.Method.invoke(Method.java:568)
at org.testng.internal.MethodInvocationHelper.invokeMethod(MethodInvocationHelper.java:133)
at org.testng.internal.TestInvoker.invokeMethod(TestInvoker.java:584)
at org.testng.internal.TestInvoker.invokeTestMethod(TestInvoker.java:172)
at org.testng.internal.MethodRunner.runInSequence(MethodRunner.java:46)
at org.testng.internal.TestInvoker$MethodInvocationAgent.invoke(TestInvoker.java:804)
at org.testng.internal.TestInvoker.invokeTestMethods(TestInvoker.java:145)
at org.testng.internal.TestMethodWorker.invokeTestMethods(TestMethodWorker.java:146)
at org.testng.internal.TestMethodWorker.run(TestMethodWorker.java:128)
at java.base/java.util.ArrayList.forEach(ArrayList.java:1511)
at org.testng.TestRunner.privateRun(TestRunner.java:770)
at org.testng.TestRunner.run(TestRunner.java:591)
at org.testng.SuiteRunner.runTest(SuiteRunner.java:402)
at org.testng.SuiteRunner.runSequentially(SuiteRunner.java:396)
at org.testng.SuiteRunner.privateRun(SuiteRunner.java:355)
at org.testng.SuiteRunner.run(SuiteRunner.java:304)
at org.testng.SuiteRunnerWorker.runSuite(SuiteRunnerWorker.java:53)
at org.testng.SuiteRunnerWorker.run(SuiteRunnerWorker.java:96)
at org.testng.TestNG.runSuitesSequentially(TestNG.java:1180)
at org.testng.TestNG.runSuitesLocally(TestNG.java:1102)
at org.testng.TestNG.runSuites(TestNG.java:1032)
at org.testng.TestNG.run(TestNG.java:1000)
at org.testng.remote.AbstractRemoteTestNG.run(AbstractRemoteTestNG.java:115)
at org.testng.remote.RemoteTestNG.initAndRun(RemoteTestNG.java:251)
at org.testng.remote.RemoteTestNG.main(RemoteTestNG.java:77)
]]>
    </failure>
  </testcase> <!-- duplicateRecord -->
  <testcase classname="pmoMyWorkspaceModuleTest.PmoMyWorkspaceJobplanTest" name="excelExportButtonFunctionality" time="6.583">
    <failure message="Failed to click on the button: exportToExcelCraft : element click intercepted: Element &lt;button _ngcontent-fkc-c602=&quot;&quot; type=&quot;button&quot; kendogridexcelcommand=&quot;&quot; icon=&quot;file-excel&quot; title=&quot;Export To Excel&quot; class=&quot;k-button k-grid-excel k-button-md k-rounded-md k-button-rectangle k-button-solid-base k-button-solid&quot; ng-reflect-icon=&quot;file-excel&quot; role=&quot;button&quot; aria-disabled=&quot;false&quot; dir=&quot;ltr&quot;&gt;...&lt;/button&gt; is not clickable at point (1284, 186). Other element would receive the click: &lt;div class=&quot;swal-overlay swal-overlay--show-modal&quot; tabindex=&quot;-1&quot;&gt;...&lt;/div&gt;
  (Session info: chrome=108.0.5359.126)
Build info: version: &#039;3.141.59&#039;, revision: &#039;e82be7d358&#039;, time: &#039;2018-11-14T08:17:03&#039;
System info: host: &#039;DESKTOP-GIUBRHR&#039;, ip: &#039;192.168.2.243&#039;, os.name: &#039;Windows 10&#039;, os.arch: &#039;amd64&#039;, os.version: &#039;10.0&#039;, java.version: &#039;17.0.4.1&#039;
Driver info: org.openqa.selenium.chrome.ChromeDriver
Capabilities {acceptInsecureCerts: false, browserName: chrome, browserVersion: 108.0.5359.126, chrome: {chromedriverVersion: 108.0.5359.71 (1e0e3868ee06..., userDataDir: C:\Users\NKadam\AppData\Loc...}, goog:chromeOptions: {debuggerAddress: localhost:57739}, javascriptEnabled: true, networkConnectionEnabled: false, pageLoadStrategy: normal, platform: WINDOWS, platformName: WINDOWS, proxy: Proxy(), setWindowRect: true, strictFileInteractability: false, timeouts: {implicit: 0, pageLoad: 300000, script: 30000}, unhandledPromptBehavior: dismiss and notify, webauthn:extension:credBlob: true, webauthn:extension:largeBlob: true, webauthn:virtualAuthenticators: true}
Session ID: 4865f74ad0bcb1e1b0b6beb876aa4283" type="java.lang.AssertionError">
      <![CDATA[java.lang.AssertionError: Failed to click on the button: exportToExcelCraft : element click intercepted: Element <button _ngcontent-fkc-c602="" type="button" kendogridexcelcommand="" icon="file-excel" title="Export To Excel" class="k-button k-grid-excel k-button-md k-rounded-md k-button-rectangle k-button-solid-base k-button-solid" ng-reflect-icon="file-excel" role="button" aria-disabled="false" dir="ltr">...</button> is not clickable at point (1284, 186). Other element would receive the click: <div class="swal-overlay swal-overlay--show-modal" tabindex="-1">...</div>
  (Session info: chrome=108.0.5359.126)
Build info: version: '3.141.59', revision: 'e82be7d358', time: '2018-11-14T08:17:03'
System info: host: 'DESKTOP-GIUBRHR', ip: '192.168.2.243', os.name: 'Windows 10', os.arch: 'amd64', os.version: '10.0', java.version: '17.0.4.1'
Driver info: org.openqa.selenium.chrome.ChromeDriver
Capabilities {acceptInsecureCerts: false, browserName: chrome, browserVersion: 108.0.5359.126, chrome: {chromedriverVersion: 108.0.5359.71 (1e0e3868ee06..., userDataDir: C:\Users\NKadam\AppData\Loc...}, goog:chromeOptions: {debuggerAddress: localhost:57739}, javascriptEnabled: true, networkConnectionEnabled: false, pageLoadStrategy: normal, platform: WINDOWS, platformName: WINDOWS, proxy: Proxy(), setWindowRect: true, strictFileInteractability: false, timeouts: {implicit: 0, pageLoad: 300000, script: 30000}, unhandledPromptBehavior: dismiss and notify, webauthn:extension:credBlob: true, webauthn:extension:largeBlob: true, webauthn:virtualAuthenticators: true}
Session ID: 4865f74ad0bcb1e1b0b6beb876aa4283
at org.testng.Assert.fail(Assert.java:97)
at utils.BrowserActionBase.clickButton(BrowserActionBase.java:43)
at pages.PmoMyWorkspaceModule.PmoMyWorkspaceJobplanModule.exportToExcelCraftButton(PmoMyWorkspaceJobplanModule.java:800)
at pmoMyWorkspaceModuleTest.PmoMyWorkspaceJobplanTest.excelExportButtonFunctionality(PmoMyWorkspaceJobplanTest.java:279)
at java.base/jdk.internal.reflect.NativeMethodAccessorImpl.invoke0(Native Method)
at java.base/jdk.internal.reflect.NativeMethodAccessorImpl.invoke(NativeMethodAccessorImpl.java:77)
at java.base/jdk.internal.reflect.DelegatingMethodAccessorImpl.invoke(DelegatingMethodAccessorImpl.java:43)
at java.base/java.lang.reflect.Method.invoke(Method.java:568)
at org.testng.internal.MethodInvocationHelper.invokeMethod(MethodInvocationHelper.java:133)
at org.testng.internal.TestInvoker.invokeMethod(TestInvoker.java:584)
at org.testng.internal.TestInvoker.invokeTestMethod(TestInvoker.java:172)
at org.testng.internal.MethodRunner.runInSequence(MethodRunner.java:46)
at org.testng.internal.TestInvoker$MethodInvocationAgent.invoke(TestInvoker.java:804)
at org.testng.internal.TestInvoker.invokeTestMethods(TestInvoker.java:145)
at org.testng.internal.TestMethodWorker.invokeTestMethods(TestMethodWorker.java:146)
at org.testng.internal.TestMethodWorker.run(TestMethodWorker.java:128)
at java.base/java.util.ArrayList.forEach(ArrayList.java:1511)
at org.testng.TestRunner.privateRun(TestRunner.java:770)
at org.testng.TestRunner.run(TestRunner.java:591)
at org.testng.SuiteRunner.runTest(SuiteRunner.java:402)
at org.testng.SuiteRunner.runSequentially(SuiteRunner.java:396)
at org.testng.SuiteRunner.privateRun(SuiteRunner.java:355)
at org.testng.SuiteRunner.run(SuiteRunner.java:304)
at org.testng.SuiteRunnerWorker.runSuite(SuiteRunnerWorker.java:53)
at org.testng.SuiteRunnerWorker.run(SuiteRunnerWorker.java:96)
at org.testng.TestNG.runSuitesSequentially(TestNG.java:1180)
at org.testng.TestNG.runSuitesLocally(TestNG.java:1102)
at org.testng.TestNG.runSuites(TestNG.java:1032)
at org.testng.TestNG.run(TestNG.java:1000)
at org.testng.remote.AbstractRemoteTestNG.run(AbstractRemoteTestNG.java:115)
at org.testng.remote.RemoteTestNG.initAndRun(RemoteTestNG.java:251)
at org.testng.remote.RemoteTestNG.main(RemoteTestNG.java:77)
]]>
    </failure>
  </testcase> <!-- excelExportButtonFunctionality -->
  <testcase classname="pmoMyWorkspaceModuleTest.PmoMyWorkspaceJobplanTest" name="Deleterecord" time="6.795">
    <failure message="Failed to click on the button: deleteCraft : element click intercepted: Element &lt;button _ngcontent-fkc-c656=&quot;&quot; kendobutton=&quot;&quot; title=&quot;Delete&quot; iconclass=&quot;k-icon k-i-trash&quot; class=&quot;k-button ax-danger k-button-md k-rounded-md k-button-rectangle k-button-solid-base k-button-solid ng-star-inserted&quot; ng-reflect-icon-class=&quot;k-icon k-i-trash&quot; role=&quot;button&quot; aria-disabled=&quot;false&quot; dir=&quot;ltr&quot;&gt;...&lt;/button&gt; is not clickable at point (1492, 209). Other element would receive the click: &lt;div class=&quot;swal-overlay swal-overlay--show-modal&quot; tabindex=&quot;-1&quot;&gt;...&lt;/div&gt;
  (Session info: chrome=108.0.5359.126)
Build info: version: &#039;3.141.59&#039;, revision: &#039;e82be7d358&#039;, time: &#039;2018-11-14T08:17:03&#039;
System info: host: &#039;DESKTOP-GIUBRHR&#039;, ip: &#039;192.168.2.243&#039;, os.name: &#039;Windows 10&#039;, os.arch: &#039;amd64&#039;, os.version: &#039;10.0&#039;, java.version: &#039;17.0.4.1&#039;
Driver info: org.openqa.selenium.chrome.ChromeDriver
Capabilities {acceptInsecureCerts: false, browserName: chrome, browserVersion: 108.0.5359.126, chrome: {chromedriverVersion: 108.0.5359.71 (1e0e3868ee06..., userDataDir: C:\Users\NKadam\AppData\Loc...}, goog:chromeOptions: {debuggerAddress: localhost:57739}, javascriptEnabled: true, networkConnectionEnabled: false, pageLoadStrategy: normal, platform: WINDOWS, platformName: WINDOWS, proxy: Proxy(), setWindowRect: true, strictFileInteractability: false, timeouts: {implicit: 0, pageLoad: 300000, script: 30000}, unhandledPromptBehavior: dismiss and notify, webauthn:extension:credBlob: true, webauthn:extension:largeBlob: true, webauthn:virtualAuthenticators: true}
Session ID: 4865f74ad0bcb1e1b0b6beb876aa4283" type="java.lang.AssertionError">
      <![CDATA[java.lang.AssertionError: Failed to click on the button: deleteCraft : element click intercepted: Element <button _ngcontent-fkc-c656="" kendobutton="" title="Delete" iconclass="k-icon k-i-trash" class="k-button ax-danger k-button-md k-rounded-md k-button-rectangle k-button-solid-base k-button-solid ng-star-inserted" ng-reflect-icon-class="k-icon k-i-trash" role="button" aria-disabled="false" dir="ltr">...</button> is not clickable at point (1492, 209). Other element would receive the click: <div class="swal-overlay swal-overlay--show-modal" tabindex="-1">...</div>
  (Session info: chrome=108.0.5359.126)
Build info: version: '3.141.59', revision: 'e82be7d358', time: '2018-11-14T08:17:03'
System info: host: 'DESKTOP-GIUBRHR', ip: '192.168.2.243', os.name: 'Windows 10', os.arch: 'amd64', os.version: '10.0', java.version: '17.0.4.1'
Driver info: org.openqa.selenium.chrome.ChromeDriver
Capabilities {acceptInsecureCerts: false, browserName: chrome, browserVersion: 108.0.5359.126, chrome: {chromedriverVersion: 108.0.5359.71 (1e0e3868ee06..., userDataDir: C:\Users\NKadam\AppData\Loc...}, goog:chromeOptions: {debuggerAddress: localhost:57739}, javascriptEnabled: true, networkConnectionEnabled: false, pageLoadStrategy: normal, platform: WINDOWS, platformName: WINDOWS, proxy: Proxy(), setWindowRect: true, strictFileInteractability: false, timeouts: {implicit: 0, pageLoad: 300000, script: 30000}, unhandledPromptBehavior: dismiss and notify, webauthn:extension:credBlob: true, webauthn:extension:largeBlob: true, webauthn:virtualAuthenticators: true}
Session ID: 4865f74ad0bcb1e1b0b6beb876aa4283
at org.testng.Assert.fail(Assert.java:97)
at utils.BrowserActionBase.clickButton(BrowserActionBase.java:43)
at pages.PmoMyWorkspaceModule.PmoMyWorkspaceJobplanModule.deleteCraftButton(PmoMyWorkspaceJobplanModule.java:716)
at pmoMyWorkspaceModuleTest.PmoMyWorkspaceJobplanTest.Deleterecord(PmoMyWorkspaceJobplanTest.java:285)
at java.base/jdk.internal.reflect.NativeMethodAccessorImpl.invoke0(Native Method)
at java.base/jdk.internal.reflect.NativeMethodAccessorImpl.invoke(NativeMethodAccessorImpl.java:77)
at java.base/jdk.internal.reflect.DelegatingMethodAccessorImpl.invoke(DelegatingMethodAccessorImpl.java:43)
at java.base/java.lang.reflect.Method.invoke(Method.java:568)
at org.testng.internal.MethodInvocationHelper.invokeMethod(MethodInvocationHelper.java:133)
at org.testng.internal.TestInvoker.invokeMethod(TestInvoker.java:584)
at org.testng.internal.TestInvoker.invokeTestMethod(TestInvoker.java:172)
at org.testng.internal.MethodRunner.runInSequence(MethodRunner.java:46)
at org.testng.internal.TestInvoker$MethodInvocationAgent.invoke(TestInvoker.java:804)
at org.testng.internal.TestInvoker.invokeTestMethods(TestInvoker.java:145)
at org.testng.internal.TestMethodWorker.invokeTestMethods(TestMethodWorker.java:146)
at org.testng.internal.TestMethodWorker.run(TestMethodWorker.java:128)
at java.base/java.util.ArrayList.forEach(ArrayList.java:1511)
at org.testng.TestRunner.privateRun(TestRunner.java:770)
at org.testng.TestRunner.run(TestRunner.java:591)
at org.testng.SuiteRunner.runTest(SuiteRunner.java:402)
at org.testng.SuiteRunner.runSequentially(SuiteRunner.java:396)
at org.testng.SuiteRunner.privateRun(SuiteRunner.java:355)
at org.testng.SuiteRunner.run(SuiteRunner.java:304)
at org.testng.SuiteRunnerWorker.runSuite(SuiteRunnerWorker.java:53)
at org.testng.SuiteRunnerWorker.run(SuiteRunnerWorker.java:96)
at org.testng.TestNG.runSuitesSequentially(TestNG.java:1180)
at org.testng.TestNG.runSuitesLocally(TestNG.java:1102)
at org.testng.TestNG.runSuites(TestNG.java:1032)
at org.testng.TestNG.run(TestNG.java:1000)
at org.testng.remote.AbstractRemoteTestNG.run(AbstractRemoteTestNG.java:115)
at org.testng.remote.RemoteTestNG.initAndRun(RemoteTestNG.java:251)
at org.testng.remote.RemoteTestNG.main(RemoteTestNG.java:77)
]]>
    </failure>
  </testcase> <!-- Deleterecord -->
  <testcase classname="pmoMyWorkspaceModuleTest.PmoMyWorkspaceJobplanTest" name="filterCraftFunctionality" time="20.736"/>
  <testcase classname="pmoMyWorkspaceModuleTest.PmoMyWorkspaceJobplanTest" name="closeCraftMaster" time="5.769">
    <failure message="close Craft Master Button is not clickable" type="java.lang.AssertionError">
      <![CDATA[java.lang.AssertionError: close Craft Master Button is not clickable
at org.testng.Assert.fail(Assert.java:97)
at pages.PmoMyWorkspaceModule.PmoMyWorkspaceJobplanModule.closeCraftMaster(PmoMyWorkspaceJobplanModule.java:935)
at pmoMyWorkspaceModuleTest.PmoMyWorkspaceJobplanTest.closeCraftMaster(PmoMyWorkspaceJobplanTest.java:299)
at java.base/jdk.internal.reflect.NativeMethodAccessorImpl.invoke0(Native Method)
at java.base/jdk.internal.reflect.NativeMethodAccessorImpl.invoke(NativeMethodAccessorImpl.java:77)
at java.base/jdk.internal.reflect.DelegatingMethodAccessorImpl.invoke(DelegatingMethodAccessorImpl.java:43)
at java.base/java.lang.reflect.Method.invoke(Method.java:568)
at org.testng.internal.MethodInvocationHelper.invokeMethod(MethodInvocationHelper.java:133)
at org.testng.internal.TestInvoker.invokeMethod(TestInvoker.java:584)
at org.testng.internal.TestInvoker.invokeTestMethod(TestInvoker.java:172)
at org.testng.internal.MethodRunner.runInSequence(MethodRunner.java:46)
at org.testng.internal.TestInvoker$MethodInvocationAgent.invoke(TestInvoker.java:804)
at org.testng.internal.TestInvoker.invokeTestMethods(TestInvoker.java:145)
at org.testng.internal.TestMethodWorker.invokeTestMethods(TestMethodWorker.java:146)
at org.testng.internal.TestMethodWorker.run(TestMethodWorker.java:128)
at java.base/java.util.ArrayList.forEach(ArrayList.java:1511)
at org.testng.TestRunner.privateRun(TestRunner.java:770)
at org.testng.TestRunner.run(TestRunner.java:591)
at org.testng.SuiteRunner.runTest(SuiteRunner.java:402)
at org.testng.SuiteRunner.runSequentially(SuiteRunner.java:396)
at org.testng.SuiteRunner.privateRun(SuiteRunner.java:355)
at org.testng.SuiteRunner.run(SuiteRunner.java:304)
at org.testng.SuiteRunnerWorker.runSuite(SuiteRunnerWorker.java:53)
at org.testng.SuiteRunnerWorker.run(SuiteRunnerWorker.java:96)
at org.testng.TestNG.runSuitesSequentially(TestNG.java:1180)
at org.testng.TestNG.runSuitesLocally(TestNG.java:1102)
at org.testng.TestNG.runSuites(TestNG.java:1032)
at org.testng.TestNG.run(TestNG.java:1000)
at org.testng.remote.AbstractRemoteTestNG.run(AbstractRemoteTestNG.java:115)
at org.testng.remote.RemoteTestNG.initAndRun(RemoteTestNG.java:251)
at org.testng.remote.RemoteTestNG.main(RemoteTestNG.java:77)
]]>
    </failure>
  </testcase> <!-- closeCraftMaster -->
  <testcase classname="pmoMyWorkspaceModuleTest.PmoMyWorkspaceJobplanTest" name="Deletejobplan" time="11.908">
    <failure message="Failed to click on the link: selectJP : element click intercepted: Element &lt;td kendogridcell=&quot;&quot; kendogridlogicalcell=&quot;&quot; role=&quot;gridcell&quot; class=&quot;k-touch-action-auto ng-star-inserted&quot; ng-reflect-row-index=&quot;0&quot; ng-reflect-column-index=&quot;1&quot; ng-reflect-column=&quot;[object Object]&quot; ng-reflect-data-item=&quot;[object Object]&quot; ng-reflect-is-loading=&quot;false&quot; ng-reflect-is-virtual=&quot;false&quot; ng-reflect-logical-row-index=&quot;2&quot; ng-reflect-logical-col-index=&quot;1&quot; ng-reflect-data-row-index=&quot;0&quot; ng-reflect-col-index=&quot;1&quot; ng-reflect-col-span=&quot;1&quot; data-kendo-grid-column-index=&quot;1&quot; aria-selected=&quot;true&quot; colspan=&quot;1&quot; aria-colindex=&quot;2&quot;&gt;...&lt;/td&gt; is not clickable at point (117, 323). Other element would receive the click: &lt;div class=&quot;swal-overlay swal-overlay--show-modal&quot; tabindex=&quot;-1&quot;&gt;...&lt;/div&gt;
  (Session info: chrome=108.0.5359.126)
Build info: version: &#039;3.141.59&#039;, revision: &#039;e82be7d358&#039;, time: &#039;2018-11-14T08:17:03&#039;
System info: host: &#039;DESKTOP-GIUBRHR&#039;, ip: &#039;192.168.2.243&#039;, os.name: &#039;Windows 10&#039;, os.arch: &#039;amd64&#039;, os.version: &#039;10.0&#039;, java.version: &#039;17.0.4.1&#039;
Driver info: org.openqa.selenium.chrome.ChromeDriver
Capabilities {acceptInsecureCerts: false, browserName: chrome, browserVersion: 108.0.5359.126, chrome: {chromedriverVersion: 108.0.5359.71 (1e0e3868ee06..., userDataDir: C:\Users\NKadam\AppData\Loc...}, goog:chromeOptions: {debuggerAddress: localhost:57739}, javascriptEnabled: true, networkConnectionEnabled: false, pageLoadStrategy: normal, platform: WINDOWS, platformName: WINDOWS, proxy: Proxy(), setWindowRect: true, strictFileInteractability: false, timeouts: {implicit: 0, pageLoad: 300000, script: 30000}, unhandledPromptBehavior: dismiss and notify, webauthn:extension:credBlob: true, webauthn:extension:largeBlob: true, webauthn:virtualAuthenticators: true}
Session ID: 4865f74ad0bcb1e1b0b6beb876aa4283" type="java.lang.AssertionError">
      <![CDATA[java.lang.AssertionError: Failed to click on the link: selectJP : element click intercepted: Element <td kendogridcell="" kendogridlogicalcell="" role="gridcell" class="k-touch-action-auto ng-star-inserted" ng-reflect-row-index="0" ng-reflect-column-index="1" ng-reflect-column="[object Object]" ng-reflect-data-item="[object Object]" ng-reflect-is-loading="false" ng-reflect-is-virtual="false" ng-reflect-logical-row-index="2" ng-reflect-logical-col-index="1" ng-reflect-data-row-index="0" ng-reflect-col-index="1" ng-reflect-col-span="1" data-kendo-grid-column-index="1" aria-selected="true" colspan="1" aria-colindex="2">...</td> is not clickable at point (117, 323). Other element would receive the click: <div class="swal-overlay swal-overlay--show-modal" tabindex="-1">...</div>
  (Session info: chrome=108.0.5359.126)
Build info: version: '3.141.59', revision: 'e82be7d358', time: '2018-11-14T08:17:03'
System info: host: 'DESKTOP-GIUBRHR', ip: '192.168.2.243', os.name: 'Windows 10', os.arch: 'amd64', os.version: '10.0', java.version: '17.0.4.1'
Driver info: org.openqa.selenium.chrome.ChromeDriver
Capabilities {acceptInsecureCerts: false, browserName: chrome, browserVersion: 108.0.5359.126, chrome: {chromedriverVersion: 108.0.5359.71 (1e0e3868ee06..., userDataDir: C:\Users\NKadam\AppData\Loc...}, goog:chromeOptions: {debuggerAddress: localhost:57739}, javascriptEnabled: true, networkConnectionEnabled: false, pageLoadStrategy: normal, platform: WINDOWS, platformName: WINDOWS, proxy: Proxy(), setWindowRect: true, strictFileInteractability: false, timeouts: {implicit: 0, pageLoad: 300000, script: 30000}, unhandledPromptBehavior: dismiss and notify, webauthn:extension:credBlob: true, webauthn:extension:largeBlob: true, webauthn:virtualAuthenticators: true}
Session ID: 4865f74ad0bcb1e1b0b6beb876aa4283
at org.testng.Assert.fail(Assert.java:97)
at utils.BrowserActionBase.clickOnLink(BrowserActionBase.java:89)
at pages.PmoMyWorkspaceModule.PmoMyWorkspaceJobplanModule.selectJPLink(PmoMyWorkspaceJobplanModule.java:390)
at pmoMyWorkspaceModuleTest.PmoMyWorkspaceJobplanTest.Deletejobplan(PmoMyWorkspaceJobplanTest.java:305)
at java.base/jdk.internal.reflect.NativeMethodAccessorImpl.invoke0(Native Method)
at java.base/jdk.internal.reflect.NativeMethodAccessorImpl.invoke(NativeMethodAccessorImpl.java:77)
at java.base/jdk.internal.reflect.DelegatingMethodAccessorImpl.invoke(DelegatingMethodAccessorImpl.java:43)
at java.base/java.lang.reflect.Method.invoke(Method.java:568)
at org.testng.internal.MethodInvocationHelper.invokeMethod(MethodInvocationHelper.java:133)
at org.testng.internal.TestInvoker.invokeMethod(TestInvoker.java:584)
at org.testng.internal.TestInvoker.invokeTestMethod(TestInvoker.java:172)
at org.testng.internal.MethodRunner.runInSequence(MethodRunner.java:46)
at org.testng.internal.TestInvoker$MethodInvocationAgent.invoke(TestInvoker.java:804)
at org.testng.internal.TestInvoker.invokeTestMethods(TestInvoker.java:145)
at org.testng.internal.TestMethodWorker.invokeTestMethods(TestMethodWorker.java:146)
at org.testng.internal.TestMethodWorker.run(TestMethodWorker.java:128)
at java.base/java.util.ArrayList.forEach(ArrayList.java:1511)
at org.testng.TestRunner.privateRun(TestRunner.java:770)
at org.testng.TestRunner.run(TestRunner.java:591)
at org.testng.SuiteRunner.runTest(SuiteRunner.java:402)
at org.testng.SuiteRunner.runSequentially(SuiteRunner.java:396)
at org.testng.SuiteRunner.privateRun(SuiteRunner.java:355)
at org.testng.SuiteRunner.run(SuiteRunner.java:304)
at org.testng.SuiteRunnerWorker.runSuite(SuiteRunnerWorker.java:53)
at org.testng.SuiteRunnerWorker.run(SuiteRunnerWorker.java:96)
at org.testng.TestNG.runSuitesSequentially(TestNG.java:1180)
at org.testng.TestNG.runSuitesLocally(TestNG.java:1102)
at org.testng.TestNG.runSuites(TestNG.java:1032)
at org.testng.TestNG.run(TestNG.java:1000)
at org.testng.remote.AbstractRemoteTestNG.run(AbstractRemoteTestNG.java:115)
at org.testng.remote.RemoteTestNG.initAndRun(RemoteTestNG.java:251)
at org.testng.remote.RemoteTestNG.main(RemoteTestNG.java:77)
]]>
    </failure>
  </testcase> <!-- Deletejobplan -->
  <testcase classname="pmoMyWorkspaceModuleTest.PmoMyWorkspaceJobplanTest" name="NavigatetoAssociatedAssetjobPlan" time="21.641">
    <failure message="Failed to click on the link: NavigatetoAssociatedAssetjobPlan : element click intercepted: Element &lt;li kendotabstriptab=&quot;&quot; role=&quot;tab&quot; class=&quot;ng-tns-c504-8 k-item k-state-default ng-star-inserted&quot; ng-reflect-tab=&quot;[object Object]&quot; ng-reflect-index=&quot;1&quot; ng-reflect-tab-strip-closable=&quot;false&quot; ng-reflect-tab-strip-close-icon=&quot;k-icon k-i-x&quot; id=&quot;k-tabstrip-tab-1&quot; aria-controls=&quot;k-tabstrip-tabpanel-1&quot; aria-selected=&quot;false&quot; aria-disabled=&quot;false&quot; tabindex=&quot;-1&quot;&gt;...&lt;/li&gt; is not clickable at point (274, 241). Other element would receive the click: &lt;div class=&quot;swal-overlay swal-overlay--show-modal&quot; tabindex=&quot;-1&quot;&gt;...&lt;/div&gt;
  (Session info: chrome=108.0.5359.126)
Build info: version: &#039;3.141.59&#039;, revision: &#039;e82be7d358&#039;, time: &#039;2018-11-14T08:17:03&#039;
System info: host: &#039;DESKTOP-GIUBRHR&#039;, ip: &#039;192.168.2.243&#039;, os.name: &#039;Windows 10&#039;, os.arch: &#039;amd64&#039;, os.version: &#039;10.0&#039;, java.version: &#039;17.0.4.1&#039;
Driver info: org.openqa.selenium.chrome.ChromeDriver
Capabilities {acceptInsecureCerts: false, browserName: chrome, browserVersion: 108.0.5359.126, chrome: {chromedriverVersion: 108.0.5359.71 (1e0e3868ee06..., userDataDir: C:\Users\NKadam\AppData\Loc...}, goog:chromeOptions: {debuggerAddress: localhost:57739}, javascriptEnabled: true, networkConnectionEnabled: false, pageLoadStrategy: normal, platform: WINDOWS, platformName: WINDOWS, proxy: Proxy(), setWindowRect: true, strictFileInteractability: false, timeouts: {implicit: 0, pageLoad: 300000, script: 30000}, unhandledPromptBehavior: dismiss and notify, webauthn:extension:credBlob: true, webauthn:extension:largeBlob: true, webauthn:virtualAuthenticators: true}
Session ID: 4865f74ad0bcb1e1b0b6beb876aa4283" type="java.lang.AssertionError">
      <![CDATA[java.lang.AssertionError: Failed to click on the link: NavigatetoAssociatedAssetjobPlan : element click intercepted: Element <li kendotabstriptab="" role="tab" class="ng-tns-c504-8 k-item k-state-default ng-star-inserted" ng-reflect-tab="[object Object]" ng-reflect-index="1" ng-reflect-tab-strip-closable="false" ng-reflect-tab-strip-close-icon="k-icon k-i-x" id="k-tabstrip-tab-1" aria-controls="k-tabstrip-tabpanel-1" aria-selected="false" aria-disabled="false" tabindex="-1">...</li> is not clickable at point (274, 241). Other element would receive the click: <div class="swal-overlay swal-overlay--show-modal" tabindex="-1">...</div>
  (Session info: chrome=108.0.5359.126)
Build info: version: '3.141.59', revision: 'e82be7d358', time: '2018-11-14T08:17:03'
System info: host: 'DESKTOP-GIUBRHR', ip: '192.168.2.243', os.name: 'Windows 10', os.arch: 'amd64', os.version: '10.0', java.version: '17.0.4.1'
Driver info: org.openqa.selenium.chrome.ChromeDriver
Capabilities {acceptInsecureCerts: false, browserName: chrome, browserVersion: 108.0.5359.126, chrome: {chromedriverVersion: 108.0.5359.71 (1e0e3868ee06..., userDataDir: C:\Users\NKadam\AppData\Loc...}, goog:chromeOptions: {debuggerAddress: localhost:57739}, javascriptEnabled: true, networkConnectionEnabled: false, pageLoadStrategy: normal, platform: WINDOWS, platformName: WINDOWS, proxy: Proxy(), setWindowRect: true, strictFileInteractability: false, timeouts: {implicit: 0, pageLoad: 300000, script: 30000}, unhandledPromptBehavior: dismiss and notify, webauthn:extension:credBlob: true, webauthn:extension:largeBlob: true, webauthn:virtualAuthenticators: true}
Session ID: 4865f74ad0bcb1e1b0b6beb876aa4283
at org.testng.Assert.fail(Assert.java:97)
at utils.BrowserActionBase.clickOnLink(BrowserActionBase.java:89)
at pages.PmoMyWorkspaceModule.PmoMyWorkspaceJobplanModule.NavigatetoAssociatedAssetjobPlanLink(PmoMyWorkspaceJobplanModule.java:949)
at pmoMyWorkspaceModuleTest.PmoMyWorkspaceJobplanTest.NavigatetoAssociatedAssetjobPlan(PmoMyWorkspaceJobplanTest.java:313)
at java.base/jdk.internal.reflect.NativeMethodAccessorImpl.invoke0(Native Method)
at java.base/jdk.internal.reflect.NativeMethodAccessorImpl.invoke(NativeMethodAccessorImpl.java:77)
at java.base/jdk.internal.reflect.DelegatingMethodAccessorImpl.invoke(DelegatingMethodAccessorImpl.java:43)
at java.base/java.lang.reflect.Method.invoke(Method.java:568)
at org.testng.internal.MethodInvocationHelper.invokeMethod(MethodInvocationHelper.java:133)
at org.testng.internal.TestInvoker.invokeMethod(TestInvoker.java:584)
at org.testng.internal.TestInvoker.invokeTestMethod(TestInvoker.java:172)
at org.testng.internal.MethodRunner.runInSequence(MethodRunner.java:46)
at org.testng.internal.TestInvoker$MethodInvocationAgent.invoke(TestInvoker.java:804)
at org.testng.internal.TestInvoker.invokeTestMethods(TestInvoker.java:145)
at org.testng.internal.TestMethodWorker.invokeTestMethods(TestMethodWorker.java:146)
at org.testng.internal.TestMethodWorker.run(TestMethodWorker.java:128)
at java.base/java.util.ArrayList.forEach(ArrayList.java:1511)
at org.testng.TestRunner.privateRun(TestRunner.java:770)
at org.testng.TestRunner.run(TestRunner.java:591)
at org.testng.SuiteRunner.runTest(SuiteRunner.java:402)
at org.testng.SuiteRunner.runSequentially(SuiteRunner.java:396)
at org.testng.SuiteRunner.privateRun(SuiteRunner.java:355)
at org.testng.SuiteRunner.run(SuiteRunner.java:304)
at org.testng.SuiteRunnerWorker.runSuite(SuiteRunnerWorker.java:53)
at org.testng.SuiteRunnerWorker.run(SuiteRunnerWorker.java:96)
at org.testng.TestNG.runSuitesSequentially(TestNG.java:1180)
at org.testng.TestNG.runSuitesLocally(TestNG.java:1102)
at org.testng.TestNG.runSuites(TestNG.java:1032)
at org.testng.TestNG.run(TestNG.java:1000)
at org.testng.remote.AbstractRemoteTestNG.run(AbstractRemoteTestNG.java:115)
at org.testng.remote.RemoteTestNG.initAndRun(RemoteTestNG.java:251)
at org.testng.remote.RemoteTestNG.main(RemoteTestNG.java:77)
]]>
    </failure>
  </testcase> <!-- NavigatetoAssociatedAssetjobPlan -->
  <testcase classname="pmoMyWorkspaceModuleTest.PmoMyWorkspaceJobplanTest" name="NavigatetoSearchJobPlan" time="22.730">
    <failure message="Failed to click on the link: SearchJobPlan : element click intercepted: Element &lt;li kendotabstriptab=&quot;&quot; role=&quot;tab&quot; class=&quot;ng-tns-c504-8 k-item k-state-default ng-star-inserted&quot; ng-reflect-tab=&quot;[object Object]&quot; ng-reflect-index=&quot;2&quot; ng-reflect-tab-strip-closable=&quot;false&quot; ng-reflect-tab-strip-close-icon=&quot;k-icon k-i-x&quot; id=&quot;k-tabstrip-tab-2&quot; aria-controls=&quot;k-tabstrip-tabpanel-2&quot; aria-selected=&quot;false&quot; aria-disabled=&quot;false&quot; tabindex=&quot;-1&quot;&gt;...&lt;/li&gt; is not clickable at point (437, 241). Other element would receive the click: &lt;div class=&quot;swal-overlay swal-overlay--show-modal&quot; tabindex=&quot;-1&quot;&gt;...&lt;/div&gt;
  (Session info: chrome=108.0.5359.126)
Build info: version: &#039;3.141.59&#039;, revision: &#039;e82be7d358&#039;, time: &#039;2018-11-14T08:17:03&#039;
System info: host: &#039;DESKTOP-GIUBRHR&#039;, ip: &#039;192.168.2.243&#039;, os.name: &#039;Windows 10&#039;, os.arch: &#039;amd64&#039;, os.version: &#039;10.0&#039;, java.version: &#039;17.0.4.1&#039;
Driver info: org.openqa.selenium.chrome.ChromeDriver
Capabilities {acceptInsecureCerts: false, browserName: chrome, browserVersion: 108.0.5359.126, chrome: {chromedriverVersion: 108.0.5359.71 (1e0e3868ee06..., userDataDir: C:\Users\NKadam\AppData\Loc...}, goog:chromeOptions: {debuggerAddress: localhost:57739}, javascriptEnabled: true, networkConnectionEnabled: false, pageLoadStrategy: normal, platform: WINDOWS, platformName: WINDOWS, proxy: Proxy(), setWindowRect: true, strictFileInteractability: false, timeouts: {implicit: 0, pageLoad: 300000, script: 30000}, unhandledPromptBehavior: dismiss and notify, webauthn:extension:credBlob: true, webauthn:extension:largeBlob: true, webauthn:virtualAuthenticators: true}
Session ID: 4865f74ad0bcb1e1b0b6beb876aa4283" type="java.lang.AssertionError">
      <![CDATA[java.lang.AssertionError: Failed to click on the link: SearchJobPlan : element click intercepted: Element <li kendotabstriptab="" role="tab" class="ng-tns-c504-8 k-item k-state-default ng-star-inserted" ng-reflect-tab="[object Object]" ng-reflect-index="2" ng-reflect-tab-strip-closable="false" ng-reflect-tab-strip-close-icon="k-icon k-i-x" id="k-tabstrip-tab-2" aria-controls="k-tabstrip-tabpanel-2" aria-selected="false" aria-disabled="false" tabindex="-1">...</li> is not clickable at point (437, 241). Other element would receive the click: <div class="swal-overlay swal-overlay--show-modal" tabindex="-1">...</div>
  (Session info: chrome=108.0.5359.126)
Build info: version: '3.141.59', revision: 'e82be7d358', time: '2018-11-14T08:17:03'
System info: host: 'DESKTOP-GIUBRHR', ip: '192.168.2.243', os.name: 'Windows 10', os.arch: 'amd64', os.version: '10.0', java.version: '17.0.4.1'
Driver info: org.openqa.selenium.chrome.ChromeDriver
Capabilities {acceptInsecureCerts: false, browserName: chrome, browserVersion: 108.0.5359.126, chrome: {chromedriverVersion: 108.0.5359.71 (1e0e3868ee06..., userDataDir: C:\Users\NKadam\AppData\Loc...}, goog:chromeOptions: {debuggerAddress: localhost:57739}, javascriptEnabled: true, networkConnectionEnabled: false, pageLoadStrategy: normal, platform: WINDOWS, platformName: WINDOWS, proxy: Proxy(), setWindowRect: true, strictFileInteractability: false, timeouts: {implicit: 0, pageLoad: 300000, script: 30000}, unhandledPromptBehavior: dismiss and notify, webauthn:extension:credBlob: true, webauthn:extension:largeBlob: true, webauthn:virtualAuthenticators: true}
Session ID: 4865f74ad0bcb1e1b0b6beb876aa4283
at org.testng.Assert.fail(Assert.java:97)
at utils.BrowserActionBase.clickOnLink(BrowserActionBase.java:89)
at pages.PmoMyWorkspaceModule.PmoMyWorkspaceJobplanModule.SearchJobPlanLink(PmoMyWorkspaceJobplanModule.java:970)
at pmoMyWorkspaceModuleTest.PmoMyWorkspaceJobplanTest.NavigatetoSearchJobPlan(PmoMyWorkspaceJobplanTest.java:320)
at java.base/jdk.internal.reflect.NativeMethodAccessorImpl.invoke0(Native Method)
at java.base/jdk.internal.reflect.NativeMethodAccessorImpl.invoke(NativeMethodAccessorImpl.java:77)
at java.base/jdk.internal.reflect.DelegatingMethodAccessorImpl.invoke(DelegatingMethodAccessorImpl.java:43)
at java.base/java.lang.reflect.Method.invoke(Method.java:568)
at org.testng.internal.MethodInvocationHelper.invokeMethod(MethodInvocationHelper.java:133)
at org.testng.internal.TestInvoker.invokeMethod(TestInvoker.java:584)
at org.testng.internal.TestInvoker.invokeTestMethod(TestInvoker.java:172)
at org.testng.internal.MethodRunner.runInSequence(MethodRunner.java:46)
at org.testng.internal.TestInvoker$MethodInvocationAgent.invoke(TestInvoker.java:804)
at org.testng.internal.TestInvoker.invokeTestMethods(TestInvoker.java:145)
at org.testng.internal.TestMethodWorker.invokeTestMethods(TestMethodWorker.java:146)
at org.testng.internal.TestMethodWorker.run(TestMethodWorker.java:128)
at java.base/java.util.ArrayList.forEach(ArrayList.java:1511)
at org.testng.TestRunner.privateRun(TestRunner.java:770)
at org.testng.TestRunner.run(TestRunner.java:591)
at org.testng.SuiteRunner.runTest(SuiteRunner.java:402)
at org.testng.SuiteRunner.runSequentially(SuiteRunner.java:396)
at org.testng.SuiteRunner.privateRun(SuiteRunner.java:355)
at org.testng.SuiteRunner.run(SuiteRunner.java:304)
at org.testng.SuiteRunnerWorker.runSuite(SuiteRunnerWorker.java:53)
at org.testng.SuiteRunnerWorker.run(SuiteRunnerWorker.java:96)
at org.testng.TestNG.runSuitesSequentially(TestNG.java:1180)
at org.testng.TestNG.runSuitesLocally(TestNG.java:1102)
at org.testng.TestNG.runSuites(TestNG.java:1032)
at org.testng.TestNG.run(TestNG.java:1000)
at org.testng.remote.AbstractRemoteTestNG.run(AbstractRemoteTestNG.java:115)
at org.testng.remote.RemoteTestNG.initAndRun(RemoteTestNG.java:251)
at org.testng.remote.RemoteTestNG.main(RemoteTestNG.java:77)
]]>
    </failure>
  </testcase> <!-- NavigatetoSearchJobPlan -->
  <testcase classname="pmoMyWorkspaceModuleTest.PmoMyWorkspaceJobplanTest" name="SearchJobPlanUsingAssetNum" time="60.631">
    <failure message="Data is not inserted in assetNumTextField" type="java.lang.AssertionError">
      <![CDATA[java.lang.AssertionError: Data is not inserted in assetNumTextField
at org.testng.Assert.fail(Assert.java:97)
at pages.PmoMyWorkspaceModule.PmoMyWorkspaceJobplanModule.assetNumTextField(PmoMyWorkspaceJobplanModule.java:998)
at pmoMyWorkspaceModuleTest.PmoMyWorkspaceJobplanTest.SearchJobPlanUsingAssetNum(PmoMyWorkspaceJobplanTest.java:328)
at java.base/jdk.internal.reflect.NativeMethodAccessorImpl.invoke0(Native Method)
at java.base/jdk.internal.reflect.NativeMethodAccessorImpl.invoke(NativeMethodAccessorImpl.java:77)
at java.base/jdk.internal.reflect.DelegatingMethodAccessorImpl.invoke(DelegatingMethodAccessorImpl.java:43)
at java.base/java.lang.reflect.Method.invoke(Method.java:568)
at org.testng.internal.MethodInvocationHelper.invokeMethod(MethodInvocationHelper.java:133)
at org.testng.internal.TestInvoker.invokeMethod(TestInvoker.java:584)
at org.testng.internal.TestInvoker.invokeTestMethod(TestInvoker.java:172)
at org.testng.internal.MethodRunner.runInSequence(MethodRunner.java:46)
at org.testng.internal.TestInvoker$MethodInvocationAgent.invoke(TestInvoker.java:804)
at org.testng.internal.TestInvoker.invokeTestMethods(TestInvoker.java:145)
at org.testng.internal.TestMethodWorker.invokeTestMethods(TestMethodWorker.java:146)
at org.testng.internal.TestMethodWorker.run(TestMethodWorker.java:128)
at java.base/java.util.ArrayList.forEach(ArrayList.java:1511)
at org.testng.TestRunner.privateRun(TestRunner.java:770)
at org.testng.TestRunner.run(TestRunner.java:591)
at org.testng.SuiteRunner.runTest(SuiteRunner.java:402)
at org.testng.SuiteRunner.runSequentially(SuiteRunner.java:396)
at org.testng.SuiteRunner.privateRun(SuiteRunner.java:355)
at org.testng.SuiteRunner.run(SuiteRunner.java:304)
at org.testng.SuiteRunnerWorker.runSuite(SuiteRunnerWorker.java:53)
at org.testng.SuiteRunnerWorker.run(SuiteRunnerWorker.java:96)
at org.testng.TestNG.runSuitesSequentially(TestNG.java:1180)
at org.testng.TestNG.runSuitesLocally(TestNG.java:1102)
at org.testng.TestNG.runSuites(TestNG.java:1032)
at org.testng.TestNG.run(TestNG.java:1000)
at org.testng.remote.AbstractRemoteTestNG.run(AbstractRemoteTestNG.java:115)
at org.testng.remote.RemoteTestNG.initAndRun(RemoteTestNG.java:251)
at org.testng.remote.RemoteTestNG.main(RemoteTestNG.java:77)
]]>
    </failure>
  </testcase> <!-- SearchJobPlanUsingAssetNum -->
  <testcase classname="pmoMyWorkspaceModuleTest.PmoMyWorkspaceJobplanTest" name="SearchJobPlanUsingJPNum" time="82.178">
    <failure message="search jp num Button is not clickable" type="java.lang.AssertionError">
      <![CDATA[java.lang.AssertionError: search jp num Button is not clickable
at org.testng.Assert.fail(Assert.java:97)
at pages.PmoMyWorkspaceModule.PmoMyWorkspaceJobplanModule.searchjpnumButton(PmoMyWorkspaceJobplanModule.java:1055)
at pmoMyWorkspaceModuleTest.PmoMyWorkspaceJobplanTest.SearchJobPlanUsingJPNum(PmoMyWorkspaceJobplanTest.java:339)
at java.base/jdk.internal.reflect.NativeMethodAccessorImpl.invoke0(Native Method)
at java.base/jdk.internal.reflect.NativeMethodAccessorImpl.invoke(NativeMethodAccessorImpl.java:77)
at java.base/jdk.internal.reflect.DelegatingMethodAccessorImpl.invoke(DelegatingMethodAccessorImpl.java:43)
at java.base/java.lang.reflect.Method.invoke(Method.java:568)
at org.testng.internal.MethodInvocationHelper.invokeMethod(MethodInvocationHelper.java:133)
at org.testng.internal.TestInvoker.invokeMethod(TestInvoker.java:584)
at org.testng.internal.TestInvoker.invokeTestMethod(TestInvoker.java:172)
at org.testng.internal.MethodRunner.runInSequence(MethodRunner.java:46)
at org.testng.internal.TestInvoker$MethodInvocationAgent.invoke(TestInvoker.java:804)
at org.testng.internal.TestInvoker.invokeTestMethods(TestInvoker.java:145)
at org.testng.internal.TestMethodWorker.invokeTestMethods(TestMethodWorker.java:146)
at org.testng.internal.TestMethodWorker.run(TestMethodWorker.java:128)
at java.base/java.util.ArrayList.forEach(ArrayList.java:1511)
at org.testng.TestRunner.privateRun(TestRunner.java:770)
at org.testng.TestRunner.run(TestRunner.java:591)
at org.testng.SuiteRunner.runTest(SuiteRunner.java:402)
at org.testng.SuiteRunner.runSequentially(SuiteRunner.java:396)
at org.testng.SuiteRunner.privateRun(SuiteRunner.java:355)
at org.testng.SuiteRunner.run(SuiteRunner.java:304)
at org.testng.SuiteRunnerWorker.runSuite(SuiteRunnerWorker.java:53)
at org.testng.SuiteRunnerWorker.run(SuiteRunnerWorker.java:96)
at org.testng.TestNG.runSuitesSequentially(TestNG.java:1180)
at org.testng.TestNG.runSuitesLocally(TestNG.java:1102)
at org.testng.TestNG.runSuites(TestNG.java:1032)
at org.testng.TestNG.run(TestNG.java:1000)
at org.testng.remote.AbstractRemoteTestNG.run(AbstractRemoteTestNG.java:115)
at org.testng.remote.RemoteTestNG.initAndRun(RemoteTestNG.java:251)
at org.testng.remote.RemoteTestNG.main(RemoteTestNG.java:77)
]]>
    </failure>
  </testcase> <!-- SearchJobPlanUsingJPNum -->
  <testcase classname="pmoMyWorkspaceModuleTest.PmoMyWorkspaceJobplanTest" name="SearchJobPlanUsingLocation" time="60.879">
    <failure message="Data is not inserted in locationsearchTextField" type="java.lang.AssertionError">
      <![CDATA[java.lang.AssertionError: Data is not inserted in locationsearchTextField
at org.testng.Assert.fail(Assert.java:97)
at pages.PmoMyWorkspaceModule.PmoMyWorkspaceJobplanModule.locationsearchTextField(PmoMyWorkspaceJobplanModule.java:1077)
at pmoMyWorkspaceModuleTest.PmoMyWorkspaceJobplanTest.SearchJobPlanUsingLocation(PmoMyWorkspaceJobplanTest.java:346)
at java.base/jdk.internal.reflect.NativeMethodAccessorImpl.invoke0(Native Method)
at java.base/jdk.internal.reflect.NativeMethodAccessorImpl.invoke(NativeMethodAccessorImpl.java:77)
at java.base/jdk.internal.reflect.DelegatingMethodAccessorImpl.invoke(DelegatingMethodAccessorImpl.java:43)
at java.base/java.lang.reflect.Method.invoke(Method.java:568)
at org.testng.internal.MethodInvocationHelper.invokeMethod(MethodInvocationHelper.java:133)
at org.testng.internal.TestInvoker.invokeMethod(TestInvoker.java:584)
at org.testng.internal.TestInvoker.invokeTestMethod(TestInvoker.java:172)
at org.testng.internal.MethodRunner.runInSequence(MethodRunner.java:46)
at org.testng.internal.TestInvoker$MethodInvocationAgent.invoke(TestInvoker.java:804)
at org.testng.internal.TestInvoker.invokeTestMethods(TestInvoker.java:145)
at org.testng.internal.TestMethodWorker.invokeTestMethods(TestMethodWorker.java:146)
at org.testng.internal.TestMethodWorker.run(TestMethodWorker.java:128)
at java.base/java.util.ArrayList.forEach(ArrayList.java:1511)
at org.testng.TestRunner.privateRun(TestRunner.java:770)
at org.testng.TestRunner.run(TestRunner.java:591)
at org.testng.SuiteRunner.runTest(SuiteRunner.java:402)
at org.testng.SuiteRunner.runSequentially(SuiteRunner.java:396)
at org.testng.SuiteRunner.privateRun(SuiteRunner.java:355)
at org.testng.SuiteRunner.run(SuiteRunner.java:304)
at org.testng.SuiteRunnerWorker.runSuite(SuiteRunnerWorker.java:53)
at org.testng.SuiteRunnerWorker.run(SuiteRunnerWorker.java:96)
at org.testng.TestNG.runSuitesSequentially(TestNG.java:1180)
at org.testng.TestNG.runSuitesLocally(TestNG.java:1102)
at org.testng.TestNG.runSuites(TestNG.java:1032)
at org.testng.TestNG.run(TestNG.java:1000)
at org.testng.remote.AbstractRemoteTestNG.run(AbstractRemoteTestNG.java:115)
at org.testng.remote.RemoteTestNG.initAndRun(RemoteTestNG.java:251)
at org.testng.remote.RemoteTestNG.main(RemoteTestNG.java:77)
]]>
    </failure>
  </testcase> <!-- SearchJobPlanUsingLocation -->
</testsuite> <!-- pmoMyWorkspaceModuleTest.PmoMyWorkspaceJobplanTest -->
