<?xml version="1.0" encoding="UTF-8"?>
<!-- Generated by org.testng.reporters.JUnitReportReporter -->
<testsuite hostname="DESKTOP-GIUBRHR" failures="2" tests="40" name="pmoMyWorkspaceModuleTest.PmoMyWorkspaceOpenRiskTest" time="599.658" errors="0" timestamp="2023-01-13T17:11:50 IST" skipped="0">
  <testcase classname="pmoMyWorkspaceModuleTest.PmoMyWorkspaceOpenRiskTest" name="LaunchPmomodule" time="40.216"/>
  <testcase classname="pmoMyWorkspaceModuleTest.PmoMyWorkspaceOpenRiskTest" name="serachAssetNum" time="16.272"/>
  <testcase classname="pmoMyWorkspaceModuleTest.PmoMyWorkspaceOpenRiskTest" name="ValiadteAssetNum" time="10.238"/>
  <testcase classname="pmoMyWorkspaceModuleTest.PmoMyWorkspaceOpenRiskTest" name="continueExerciseButtonpage" time="15.489"/>
  <testcase classname="pmoMyWorkspaceModuleTest.PmoMyWorkspaceOpenRiskTest" name="navigatetoOpenRiskLink" time="10.361"/>
  <testcase classname="pmoMyWorkspaceModuleTest.PmoMyWorkspaceOpenRiskTest" name="navigatetoNotRequiredNonPMParts" time="10.698"/>
  <testcase classname="pmoMyWorkspaceModuleTest.PmoMyWorkspaceOpenRiskTest" name="refreshNotRequiredNonPMPartspage" time="10.423"/>
  <testcase classname="pmoMyWorkspaceModuleTest.PmoMyWorkspaceOpenRiskTest" name="exporttoExcleNotRequiredNonPMParts" time="10.422"/>
  <testcase classname="pmoMyWorkspaceModuleTest.PmoMyWorkspaceOpenRiskTest" name="markAsRequiredPart" time="20.700"/>
  <testcase classname="pmoMyWorkspaceModuleTest.PmoMyWorkspaceOpenRiskTest" name="navigatetoRequiredNonPMParts" time="11.203"/>
  <testcase classname="pmoMyWorkspaceModuleTest.PmoMyWorkspaceOpenRiskTest" name="refreshRequiredNonPMPartspage" time="10.390"/>
  <testcase classname="pmoMyWorkspaceModuleTest.PmoMyWorkspaceOpenRiskTest" name="exporttoExcleRequiredNonPMParts" time="10.407"/>
  <testcase classname="pmoMyWorkspaceModuleTest.PmoMyWorkspaceOpenRiskTest" name="markAsNotRequiredPart" time="20.752"/>
  <testcase classname="pmoMyWorkspaceModuleTest.PmoMyWorkspaceOpenRiskTest" name="navigatetoRequiredNonPMWorkorder" time="12.144"/>
  <testcase classname="pmoMyWorkspaceModuleTest.PmoMyWorkspaceOpenRiskTest" name="refreshRequiredNonPMWorkorderpage" time="10.393"/>
  <testcase classname="pmoMyWorkspaceModuleTest.PmoMyWorkspaceOpenRiskTest" name="allWorkorderCheckbox" time="10.686"/>
  <testcase classname="pmoMyWorkspaceModuleTest.PmoMyWorkspaceOpenRiskTest" name="evaluateWorkorder" time="31.387"/>
  <testcase classname="pmoMyWorkspaceModuleTest.PmoMyWorkspaceOpenRiskTest" name="exporttoExcleRequiredNonPMWorkorder" time="10.495"/>
  <testcase classname="pmoMyWorkspaceModuleTest.PmoMyWorkspaceOpenRiskTest" name="navigatetoNotRequiredNonPMWorkorder" time="10.830"/>
  <testcase classname="pmoMyWorkspaceModuleTest.PmoMyWorkspaceOpenRiskTest" name="refreshNotRequiredNonPMWorkorderpage" time="10.314"/>
  <testcase classname="pmoMyWorkspaceModuleTest.PmoMyWorkspaceOpenRiskTest" name="exporttoExcleNotRequiredNonPMWorkorder" time="10.433"/>
  <testcase classname="pmoMyWorkspaceModuleTest.PmoMyWorkspaceOpenRiskTest" name="markAsRequiredWorkorder" time="20.632"/>
  <testcase classname="pmoMyWorkspaceModuleTest.PmoMyWorkspaceOpenRiskTest" name="navigatetoComponentRisk" time="10.910"/>
  <testcase classname="pmoMyWorkspaceModuleTest.PmoMyWorkspaceOpenRiskTest" name="refreshComponentRiskpage" time="10.360"/>
  <testcase classname="pmoMyWorkspaceModuleTest.PmoMyWorkspaceOpenRiskTest" name="exporttoExcleComponentRisk" time="10.388"/>
  <testcase classname="pmoMyWorkspaceModuleTest.PmoMyWorkspaceOpenRiskTest" name="verifyallcomponentpresent" time="10.314"/>
  <testcase classname="pmoMyWorkspaceModuleTest.PmoMyWorkspaceOpenRiskTest" name="verifyOrphanComponentCheckbox" time="10.549"/>
  <testcase classname="pmoMyWorkspaceModuleTest.PmoMyWorkspaceOpenRiskTest" name="searchWorkorder" time="20.856"/>
  <testcase classname="pmoMyWorkspaceModuleTest.PmoMyWorkspaceOpenRiskTest" name="Updatecomponentname" time="31.252"/>
  <testcase classname="pmoMyWorkspaceModuleTest.PmoMyWorkspaceOpenRiskTest" name="assignFailuretoComponent" time="20.963"/>
  <testcase classname="pmoMyWorkspaceModuleTest.PmoMyWorkspaceOpenRiskTest" name="CalculateRPNnumber" time="20.962"/>
  <testcase classname="pmoMyWorkspaceModuleTest.PmoMyWorkspaceOpenRiskTest" name="noStrategyComponent" time="10.721"/>
  <testcase classname="pmoMyWorkspaceModuleTest.PmoMyWorkspaceOpenRiskTest" name="refreshButton" time="10.313"/>
  <testcase classname="pmoMyWorkspaceModuleTest.PmoMyWorkspaceOpenRiskTest" name="exporttoExcle" time="10.475"/>
  <testcase classname="pmoMyWorkspaceModuleTest.PmoMyWorkspaceOpenRiskTest" name="revertNoPmTask" time="21.349"/>
  <testcase classname="pmoMyWorkspaceModuleTest.PmoMyWorkspaceOpenRiskTest" name="YesdeleteNoPmTask" time="20.735"/>
  <testcase classname="pmoMyWorkspaceModuleTest.PmoMyWorkspaceOpenRiskTest" name="NodeleteNoPmTask" time="20.564"/>
  <testcase classname="pmoMyWorkspaceModuleTest.PmoMyWorkspaceOpenRiskTest" name="BillofmaterialTab" time="10.563"/>
  <testcase classname="pmoMyWorkspaceModuleTest.PmoMyWorkspaceOpenRiskTest" name="addComponentButton" time="11.982">
    <failure message="Failed to click on the button: function : element click intercepted: Element &lt;button tabindex=&quot;-1&quot; unselectable=&quot;on&quot; type=&quot;button&quot; class=&quot;k-input-button k-button k-icon-button k-button-md k-button-solid k-button-solid-base&quot; ng-reflect-ng-class=&quot;k-button-md k-button-solid k-b&quot; ng-reflect-events=&quot;[object Object]&quot; aria-label=&quot;Select&quot;&gt;...&lt;/button&gt; is not clickable at point (1164, 268). Other element would receive the click: &lt;div _ngcontent-yjm-c574=&quot;&quot; class=&quot;ngx-overlay foreground-closing&quot; style=&quot;background-color: rgba(40, 40, 40, 0.8); border-radius: 0px;&quot;&gt;...&lt;/div&gt;
  (Session info: chrome=108.0.5359.126)
Build info: version: &#039;3.141.59&#039;, revision: &#039;e82be7d358&#039;, time: &#039;2018-11-14T08:17:03&#039;
System info: host: &#039;DESKTOP-GIUBRHR&#039;, ip: &#039;192.168.2.243&#039;, os.name: &#039;Windows 10&#039;, os.arch: &#039;amd64&#039;, os.version: &#039;10.0&#039;, java.version: &#039;17.0.4.1&#039;
Driver info: org.openqa.selenium.chrome.ChromeDriver
Capabilities {acceptInsecureCerts: false, browserName: chrome, browserVersion: 108.0.5359.126, chrome: {chromedriverVersion: 108.0.5359.71 (1e0e3868ee06..., userDataDir: C:\Users\NKadam\AppData\Loc...}, goog:chromeOptions: {debuggerAddress: localhost:59004}, javascriptEnabled: true, networkConnectionEnabled: false, pageLoadStrategy: normal, platform: WINDOWS, platformName: WINDOWS, proxy: Proxy(), setWindowRect: true, strictFileInteractability: false, timeouts: {implicit: 0, pageLoad: 300000, script: 30000}, unhandledPromptBehavior: dismiss and notify, webauthn:extension:credBlob: true, webauthn:extension:largeBlob: true, webauthn:virtualAuthenticators: true}
Session ID: 72b0cb799d9a42c9127c5e3d34e65980" type="java.lang.AssertionError">
      <![CDATA[java.lang.AssertionError: Failed to click on the button: function : element click intercepted: Element <button tabindex="-1" unselectable="on" type="button" class="k-input-button k-button k-icon-button k-button-md k-button-solid k-button-solid-base" ng-reflect-ng-class="k-button-md k-button-solid k-b" ng-reflect-events="[object Object]" aria-label="Select">...</button> is not clickable at point (1164, 268). Other element would receive the click: <div _ngcontent-yjm-c574="" class="ngx-overlay foreground-closing" style="background-color: rgba(40, 40, 40, 0.8); border-radius: 0px;">...</div>
  (Session info: chrome=108.0.5359.126)
Build info: version: '3.141.59', revision: 'e82be7d358', time: '2018-11-14T08:17:03'
System info: host: 'DESKTOP-GIUBRHR', ip: '192.168.2.243', os.name: 'Windows 10', os.arch: 'amd64', os.version: '10.0', java.version: '17.0.4.1'
Driver info: org.openqa.selenium.chrome.ChromeDriver
Capabilities {acceptInsecureCerts: false, browserName: chrome, browserVersion: 108.0.5359.126, chrome: {chromedriverVersion: 108.0.5359.71 (1e0e3868ee06..., userDataDir: C:\Users\NKadam\AppData\Loc...}, goog:chromeOptions: {debuggerAddress: localhost:59004}, javascriptEnabled: true, networkConnectionEnabled: false, pageLoadStrategy: normal, platform: WINDOWS, platformName: WINDOWS, proxy: Proxy(), setWindowRect: true, strictFileInteractability: false, timeouts: {implicit: 0, pageLoad: 300000, script: 30000}, unhandledPromptBehavior: dismiss and notify, webauthn:extension:credBlob: true, webauthn:extension:largeBlob: true, webauthn:virtualAuthenticators: true}
Session ID: 72b0cb799d9a42c9127c5e3d34e65980
at org.testng.Assert.fail(Assert.java:97)
at utils.BrowserActionBase.clickButton(BrowserActionBase.java:43)
at pages.PmoMyWorkspaceModule.PmoMyWorkspaceOpenRiskModule.functionDropdown(PmoMyWorkspaceOpenRiskModule.java:341)
at pmoMyWorkspaceModuleTest.PmoMyWorkspaceOpenRiskTest.addComponentButton(PmoMyWorkspaceOpenRiskTest.java:351)
at java.base/jdk.internal.reflect.NativeMethodAccessorImpl.invoke0(Native Method)
at java.base/jdk.internal.reflect.NativeMethodAccessorImpl.invoke(NativeMethodAccessorImpl.java:77)
at java.base/jdk.internal.reflect.DelegatingMethodAccessorImpl.invoke(DelegatingMethodAccessorImpl.java:43)
at java.base/java.lang.reflect.Method.invoke(Method.java:568)
at org.testng.internal.MethodInvocationHelper.invokeMethod(MethodInvocationHelper.java:133)
at org.testng.internal.TestInvoker.invokeMethod(TestInvoker.java:584)
at org.testng.internal.TestInvoker.invokeTestMethod(TestInvoker.java:172)
at org.testng.internal.MethodRunner.runInSequence(MethodRunner.java:46)
at org.testng.internal.TestInvoker$MethodInvocationAgent.invoke(TestInvoker.java:804)
at org.testng.internal.TestInvoker.invokeTestMethods(TestInvoker.java:145)
at org.testng.internal.TestMethodWorker.invokeTestMethods(TestMethodWorker.java:146)
at org.testng.internal.TestMethodWorker.run(TestMethodWorker.java:128)
at java.base/java.util.ArrayList.forEach(ArrayList.java:1511)
at org.testng.TestRunner.privateRun(TestRunner.java:770)
at org.testng.TestRunner.run(TestRunner.java:591)
at org.testng.SuiteRunner.runTest(SuiteRunner.java:402)
at org.testng.SuiteRunner.runSequentially(SuiteRunner.java:396)
at org.testng.SuiteRunner.privateRun(SuiteRunner.java:355)
at org.testng.SuiteRunner.run(SuiteRunner.java:304)
at org.testng.SuiteRunnerWorker.runSuite(SuiteRunnerWorker.java:53)
at org.testng.SuiteRunnerWorker.run(SuiteRunnerWorker.java:96)
at org.testng.TestNG.runSuitesSequentially(TestNG.java:1180)
at org.testng.TestNG.runSuitesLocally(TestNG.java:1102)
at org.testng.TestNG.runSuites(TestNG.java:1032)
at org.testng.TestNG.run(TestNG.java:1000)
at org.testng.remote.AbstractRemoteTestNG.run(AbstractRemoteTestNG.java:115)
at org.testng.remote.RemoteTestNG.initAndRun(RemoteTestNG.java:251)
at org.testng.remote.RemoteTestNG.main(RemoteTestNG.java:77)
]]>
    </failure>
  </testcase> <!-- addComponentButton -->
  <testcase classname="pmoMyWorkspaceModuleTest.PmoMyWorkspaceOpenRiskTest" name="closeaddComponentscreen" time="11.517">
    <failure message="Failed to click on the button: addComponent : element click intercepted: Element &lt;button _ngcontent-yjm-c671=&quot;&quot; kendobutton=&quot;&quot; title=&quot;Add Component&quot; class=&quot;k-button ax-btn k-button-md k-rounded-md k-button-rectangle k-button-solid-base k-button-solid ng-star-inserted&quot; role=&quot;button&quot; aria-disabled=&quot;false&quot; dir=&quot;ltr&quot;&gt;...&lt;/button&gt; is not clickable at point (1441, 299). Other element would receive the click: &lt;div class=&quot;k-overlay ng-tns-c82-15 ng-trigger ng-trigger-overlayAppear&quot;&gt;&lt;/div&gt;
  (Session info: chrome=108.0.5359.126)
Build info: version: &#039;3.141.59&#039;, revision: &#039;e82be7d358&#039;, time: &#039;2018-11-14T08:17:03&#039;
System info: host: &#039;DESKTOP-GIUBRHR&#039;, ip: &#039;192.168.2.243&#039;, os.name: &#039;Windows 10&#039;, os.arch: &#039;amd64&#039;, os.version: &#039;10.0&#039;, java.version: &#039;17.0.4.1&#039;
Driver info: org.openqa.selenium.chrome.ChromeDriver
Capabilities {acceptInsecureCerts: false, browserName: chrome, browserVersion: 108.0.5359.126, chrome: {chromedriverVersion: 108.0.5359.71 (1e0e3868ee06..., userDataDir: C:\Users\NKadam\AppData\Loc...}, goog:chromeOptions: {debuggerAddress: localhost:59004}, javascriptEnabled: true, networkConnectionEnabled: false, pageLoadStrategy: normal, platform: WINDOWS, platformName: WINDOWS, proxy: Proxy(), setWindowRect: true, strictFileInteractability: false, timeouts: {implicit: 0, pageLoad: 300000, script: 30000}, unhandledPromptBehavior: dismiss and notify, webauthn:extension:credBlob: true, webauthn:extension:largeBlob: true, webauthn:virtualAuthenticators: true}
Session ID: 72b0cb799d9a42c9127c5e3d34e65980" type="java.lang.AssertionError">
      <![CDATA[java.lang.AssertionError: Failed to click on the button: addComponent : element click intercepted: Element <button _ngcontent-yjm-c671="" kendobutton="" title="Add Component" class="k-button ax-btn k-button-md k-rounded-md k-button-rectangle k-button-solid-base k-button-solid ng-star-inserted" role="button" aria-disabled="false" dir="ltr">...</button> is not clickable at point (1441, 299). Other element would receive the click: <div class="k-overlay ng-tns-c82-15 ng-trigger ng-trigger-overlayAppear"></div>
  (Session info: chrome=108.0.5359.126)
Build info: version: '3.141.59', revision: 'e82be7d358', time: '2018-11-14T08:17:03'
System info: host: 'DESKTOP-GIUBRHR', ip: '192.168.2.243', os.name: 'Windows 10', os.arch: 'amd64', os.version: '10.0', java.version: '17.0.4.1'
Driver info: org.openqa.selenium.chrome.ChromeDriver
Capabilities {acceptInsecureCerts: false, browserName: chrome, browserVersion: 108.0.5359.126, chrome: {chromedriverVersion: 108.0.5359.71 (1e0e3868ee06..., userDataDir: C:\Users\NKadam\AppData\Loc...}, goog:chromeOptions: {debuggerAddress: localhost:59004}, javascriptEnabled: true, networkConnectionEnabled: false, pageLoadStrategy: normal, platform: WINDOWS, platformName: WINDOWS, proxy: Proxy(), setWindowRect: true, strictFileInteractability: false, timeouts: {implicit: 0, pageLoad: 300000, script: 30000}, unhandledPromptBehavior: dismiss and notify, webauthn:extension:credBlob: true, webauthn:extension:largeBlob: true, webauthn:virtualAuthenticators: true}
Session ID: 72b0cb799d9a42c9127c5e3d34e65980
at org.testng.Assert.fail(Assert.java:97)
at utils.BrowserActionBase.clickButton(BrowserActionBase.java:43)
at pages.PmoMyWorkspaceModule.PmoMyWorkspaceOpenRiskModule.addComponentButton(PmoMyWorkspaceOpenRiskModule.java:326)
at pmoMyWorkspaceModuleTest.PmoMyWorkspaceOpenRiskTest.closeaddComponentscreen(PmoMyWorkspaceOpenRiskTest.java:362)
at java.base/jdk.internal.reflect.NativeMethodAccessorImpl.invoke0(Native Method)
at java.base/jdk.internal.reflect.NativeMethodAccessorImpl.invoke(NativeMethodAccessorImpl.java:77)
at java.base/jdk.internal.reflect.DelegatingMethodAccessorImpl.invoke(DelegatingMethodAccessorImpl.java:43)
at java.base/java.lang.reflect.Method.invoke(Method.java:568)
at org.testng.internal.MethodInvocationHelper.invokeMethod(MethodInvocationHelper.java:133)
at org.testng.internal.TestInvoker.invokeMethod(TestInvoker.java:584)
at org.testng.internal.TestInvoker.invokeTestMethod(TestInvoker.java:172)
at org.testng.internal.MethodRunner.runInSequence(MethodRunner.java:46)
at org.testng.internal.TestInvoker$MethodInvocationAgent.invoke(TestInvoker.java:804)
at org.testng.internal.TestInvoker.invokeTestMethods(TestInvoker.java:145)
at org.testng.internal.TestMethodWorker.invokeTestMethods(TestMethodWorker.java:146)
at org.testng.internal.TestMethodWorker.run(TestMethodWorker.java:128)
at java.base/java.util.ArrayList.forEach(ArrayList.java:1511)
at org.testng.TestRunner.privateRun(TestRunner.java:770)
at org.testng.TestRunner.run(TestRunner.java:591)
at org.testng.SuiteRunner.runTest(SuiteRunner.java:402)
at org.testng.SuiteRunner.runSequentially(SuiteRunner.java:396)
at org.testng.SuiteRunner.privateRun(SuiteRunner.java:355)
at org.testng.SuiteRunner.run(SuiteRunner.java:304)
at org.testng.SuiteRunnerWorker.runSuite(SuiteRunnerWorker.java:53)
at org.testng.SuiteRunnerWorker.run(SuiteRunnerWorker.java:96)
at org.testng.TestNG.runSuitesSequentially(TestNG.java:1180)
at org.testng.TestNG.runSuitesLocally(TestNG.java:1102)
at org.testng.TestNG.runSuites(TestNG.java:1032)
at org.testng.TestNG.run(TestNG.java:1000)
at org.testng.remote.AbstractRemoteTestNG.run(AbstractRemoteTestNG.java:115)
at org.testng.remote.RemoteTestNG.initAndRun(RemoteTestNG.java:251)
at org.testng.remote.RemoteTestNG.main(RemoteTestNG.java:77)
]]>
    </failure>
  </testcase> <!-- closeaddComponentscreen -->
</testsuite> <!-- pmoMyWorkspaceModuleTest.PmoMyWorkspaceOpenRiskTest -->
