<?xml version="1.0" encoding="UTF-8"?>
<!-- Generated by org.testng.reporters.JUnitReportReporter -->
<testsuite hostname="DESKTOP-GIUBRHR" failures="12" tests="17" name="pmoMyWorkspaceModuleTest.PmoMyWorkspaceTaskOptimizationTest" time="320.438" errors="0" timestamp="2023-02-17T19:13:05 IST" skipped="0">
  <testcase classname="pmoMyWorkspaceModuleTest.PmoMyWorkspaceTaskOptimizationTest" name="LaunchPmomodule" time="39.284"/>
  <testcase classname="pmoMyWorkspaceModuleTest.PmoMyWorkspaceTaskOptimizationTest" name="serachAssetNum" time="12.215"/>
  <testcase classname="pmoMyWorkspaceModuleTest.PmoMyWorkspaceTaskOptimizationTest" name="ValiadteAssetNum" time="10.748"/>
  <testcase classname="pmoMyWorkspaceModuleTest.PmoMyWorkspaceTaskOptimizationTest" name="continueExerciseButtonpage" time="50.354"/>
  <testcase classname="pmoMyWorkspaceModuleTest.PmoMyWorkspaceTaskOptimizationTest" name="NavigatetotaskOptimization" time="25.822"/>
  <testcase classname="pmoMyWorkspaceModuleTest.PmoMyWorkspaceTaskOptimizationTest" name="NavigatetoprePostTaskScreen" time="12.591">
    <failure message="Failed to click on the link: taskOptimization : element click intercepted: Element &lt;li _ngcontent-kai-c638=&quot;&quot; class=&quot;progress-step&quot;&gt;...&lt;/li&gt; is not clickable at point (1006, 118). Other element would receive the click: &lt;div _ngcontent-kai-c574=&quot;&quot; class=&quot;ngx-overlay loading-foreground&quot; style=&quot;background-color: rgba(40, 40, 40, 0.8); border-radius: 0px;&quot;&gt;...&lt;/div&gt;
  (Session info: chrome=109.0.5414.122)
Build info: version: &#039;3.141.59&#039;, revision: &#039;e82be7d358&#039;, time: &#039;2018-11-14T08:17:03&#039;
System info: host: &#039;DESKTOP-GIUBRHR&#039;, ip: &#039;192.168.2.243&#039;, os.name: &#039;Windows 10&#039;, os.arch: &#039;amd64&#039;, os.version: &#039;10.0&#039;, java.version: &#039;17.0.4.1&#039;
Driver info: org.openqa.selenium.chrome.ChromeDriver
Capabilities {acceptInsecureCerts: false, browserName: chrome, browserVersion: 109.0.5414.122, chrome: {chromedriverVersion: 109.0.5414.74 (e7c5703604da..., userDataDir: C:\Users\NKadam\AppData\Loc...}, goog:chromeOptions: {debuggerAddress: localhost:63068}, javascriptEnabled: true, networkConnectionEnabled: false, pageLoadStrategy: normal, platform: WINDOWS, platformName: WINDOWS, proxy: Proxy(), setWindowRect: true, strictFileInteractability: false, timeouts: {implicit: 0, pageLoad: 300000, script: 30000}, unhandledPromptBehavior: dismiss and notify, webauthn:extension:credBlob: true, webauthn:extension:largeBlob: true, webauthn:virtualAuthenticators: true}
Session ID: 5e1caa21c1fea98807740147147405c1" type="java.lang.AssertionError">
      <![CDATA[java.lang.AssertionError: Failed to click on the link: taskOptimization : element click intercepted: Element <li _ngcontent-kai-c638="" class="progress-step">...</li> is not clickable at point (1006, 118). Other element would receive the click: <div _ngcontent-kai-c574="" class="ngx-overlay loading-foreground" style="background-color: rgba(40, 40, 40, 0.8); border-radius: 0px;">...</div>
  (Session info: chrome=109.0.5414.122)
Build info: version: '3.141.59', revision: 'e82be7d358', time: '2018-11-14T08:17:03'
System info: host: 'DESKTOP-GIUBRHR', ip: '192.168.2.243', os.name: 'Windows 10', os.arch: 'amd64', os.version: '10.0', java.version: '17.0.4.1'
Driver info: org.openqa.selenium.chrome.ChromeDriver
Capabilities {acceptInsecureCerts: false, browserName: chrome, browserVersion: 109.0.5414.122, chrome: {chromedriverVersion: 109.0.5414.74 (e7c5703604da..., userDataDir: C:\Users\NKadam\AppData\Loc...}, goog:chromeOptions: {debuggerAddress: localhost:63068}, javascriptEnabled: true, networkConnectionEnabled: false, pageLoadStrategy: normal, platform: WINDOWS, platformName: WINDOWS, proxy: Proxy(), setWindowRect: true, strictFileInteractability: false, timeouts: {implicit: 0, pageLoad: 300000, script: 30000}, unhandledPromptBehavior: dismiss and notify, webauthn:extension:credBlob: true, webauthn:extension:largeBlob: true, webauthn:virtualAuthenticators: true}
Session ID: 5e1caa21c1fea98807740147147405c1
at org.testng.Assert.fail(Assert.java:97)
at utils.BrowserActionBase.clickOnLink(BrowserActionBase.java:90)
at pages.PmoMyWorkspaceModule.PmoMyworkspaceTaskOptimizationModule.taskOptimizationLink(PmoMyworkspaceTaskOptimizationModule.java:110)
at pmoMyWorkspaceModuleTest.PmoMyWorkspaceTaskOptimizationTest.NavigatetoprePostTaskScreen(PmoMyWorkspaceTaskOptimizationTest.java:76)
at java.base/jdk.internal.reflect.NativeMethodAccessorImpl.invoke0(Native Method)
at java.base/jdk.internal.reflect.NativeMethodAccessorImpl.invoke(NativeMethodAccessorImpl.java:77)
at java.base/jdk.internal.reflect.DelegatingMethodAccessorImpl.invoke(DelegatingMethodAccessorImpl.java:43)
at java.base/java.lang.reflect.Method.invoke(Method.java:568)
at org.testng.internal.MethodInvocationHelper.invokeMethod(MethodInvocationHelper.java:133)
at org.testng.internal.TestInvoker.invokeMethod(TestInvoker.java:584)
at org.testng.internal.TestInvoker.invokeTestMethod(TestInvoker.java:172)
at org.testng.internal.MethodRunner.runInSequence(MethodRunner.java:46)
at org.testng.internal.TestInvoker$MethodInvocationAgent.invoke(TestInvoker.java:804)
at org.testng.internal.TestInvoker.invokeTestMethods(TestInvoker.java:145)
at org.testng.internal.TestMethodWorker.invokeTestMethods(TestMethodWorker.java:146)
at org.testng.internal.TestMethodWorker.run(TestMethodWorker.java:128)
at java.base/java.util.ArrayList.forEach(ArrayList.java:1511)
at org.testng.TestRunner.privateRun(TestRunner.java:770)
at org.testng.TestRunner.run(TestRunner.java:591)
at org.testng.SuiteRunner.runTest(SuiteRunner.java:402)
at org.testng.SuiteRunner.runSequentially(SuiteRunner.java:396)
at org.testng.SuiteRunner.privateRun(SuiteRunner.java:355)
at org.testng.SuiteRunner.run(SuiteRunner.java:304)
at org.testng.SuiteRunnerWorker.runSuite(SuiteRunnerWorker.java:53)
at org.testng.SuiteRunnerWorker.run(SuiteRunnerWorker.java:96)
at org.testng.TestNG.runSuitesSequentially(TestNG.java:1180)
at org.testng.TestNG.runSuitesLocally(TestNG.java:1102)
at org.testng.TestNG.runSuites(TestNG.java:1032)
at org.testng.TestNG.run(TestNG.java:1000)
at org.testng.remote.AbstractRemoteTestNG.run(AbstractRemoteTestNG.java:115)
at org.testng.remote.RemoteTestNG.initAndRun(RemoteTestNG.java:251)
at org.testng.remote.RemoteTestNG.main(RemoteTestNG.java:77)
]]>
    </failure>
  </testcase> <!-- NavigatetoprePostTaskScreen -->
  <testcase classname="pmoMyWorkspaceModuleTest.PmoMyWorkspaceTaskOptimizationTest" name="NavigatetoassetLevelTaskScreen" time="13.072">
    <failure message="Failed to click on the link: taskOptimization : element click intercepted: Element &lt;li _ngcontent-kai-c638=&quot;&quot; class=&quot;progress-step&quot;&gt;...&lt;/li&gt; is not clickable at point (1006, 118). Other element would receive the click: &lt;div _ngcontent-kai-c574=&quot;&quot; class=&quot;ngx-overlay loading-foreground&quot; style=&quot;background-color: rgba(40, 40, 40, 0.8); border-radius: 0px;&quot;&gt;...&lt;/div&gt;
  (Session info: chrome=109.0.5414.122)
Build info: version: &#039;3.141.59&#039;, revision: &#039;e82be7d358&#039;, time: &#039;2018-11-14T08:17:03&#039;
System info: host: &#039;DESKTOP-GIUBRHR&#039;, ip: &#039;192.168.2.243&#039;, os.name: &#039;Windows 10&#039;, os.arch: &#039;amd64&#039;, os.version: &#039;10.0&#039;, java.version: &#039;17.0.4.1&#039;
Driver info: org.openqa.selenium.chrome.ChromeDriver
Capabilities {acceptInsecureCerts: false, browserName: chrome, browserVersion: 109.0.5414.122, chrome: {chromedriverVersion: 109.0.5414.74 (e7c5703604da..., userDataDir: C:\Users\NKadam\AppData\Loc...}, goog:chromeOptions: {debuggerAddress: localhost:63068}, javascriptEnabled: true, networkConnectionEnabled: false, pageLoadStrategy: normal, platform: WINDOWS, platformName: WINDOWS, proxy: Proxy(), setWindowRect: true, strictFileInteractability: false, timeouts: {implicit: 0, pageLoad: 300000, script: 30000}, unhandledPromptBehavior: dismiss and notify, webauthn:extension:credBlob: true, webauthn:extension:largeBlob: true, webauthn:virtualAuthenticators: true}
Session ID: 5e1caa21c1fea98807740147147405c1" type="java.lang.AssertionError">
      <![CDATA[java.lang.AssertionError: Failed to click on the link: taskOptimization : element click intercepted: Element <li _ngcontent-kai-c638="" class="progress-step">...</li> is not clickable at point (1006, 118). Other element would receive the click: <div _ngcontent-kai-c574="" class="ngx-overlay loading-foreground" style="background-color: rgba(40, 40, 40, 0.8); border-radius: 0px;">...</div>
  (Session info: chrome=109.0.5414.122)
Build info: version: '3.141.59', revision: 'e82be7d358', time: '2018-11-14T08:17:03'
System info: host: 'DESKTOP-GIUBRHR', ip: '192.168.2.243', os.name: 'Windows 10', os.arch: 'amd64', os.version: '10.0', java.version: '17.0.4.1'
Driver info: org.openqa.selenium.chrome.ChromeDriver
Capabilities {acceptInsecureCerts: false, browserName: chrome, browserVersion: 109.0.5414.122, chrome: {chromedriverVersion: 109.0.5414.74 (e7c5703604da..., userDataDir: C:\Users\NKadam\AppData\Loc...}, goog:chromeOptions: {debuggerAddress: localhost:63068}, javascriptEnabled: true, networkConnectionEnabled: false, pageLoadStrategy: normal, platform: WINDOWS, platformName: WINDOWS, proxy: Proxy(), setWindowRect: true, strictFileInteractability: false, timeouts: {implicit: 0, pageLoad: 300000, script: 30000}, unhandledPromptBehavior: dismiss and notify, webauthn:extension:credBlob: true, webauthn:extension:largeBlob: true, webauthn:virtualAuthenticators: true}
Session ID: 5e1caa21c1fea98807740147147405c1
at org.testng.Assert.fail(Assert.java:97)
at utils.BrowserActionBase.clickOnLink(BrowserActionBase.java:90)
at pages.PmoMyWorkspaceModule.PmoMyworkspaceTaskOptimizationModule.taskOptimizationLink(PmoMyworkspaceTaskOptimizationModule.java:110)
at pmoMyWorkspaceModuleTest.PmoMyWorkspaceTaskOptimizationTest.NavigatetoassetLevelTaskScreen(PmoMyWorkspaceTaskOptimizationTest.java:83)
at java.base/jdk.internal.reflect.NativeMethodAccessorImpl.invoke0(Native Method)
at java.base/jdk.internal.reflect.NativeMethodAccessorImpl.invoke(NativeMethodAccessorImpl.java:77)
at java.base/jdk.internal.reflect.DelegatingMethodAccessorImpl.invoke(DelegatingMethodAccessorImpl.java:43)
at java.base/java.lang.reflect.Method.invoke(Method.java:568)
at org.testng.internal.MethodInvocationHelper.invokeMethod(MethodInvocationHelper.java:133)
at org.testng.internal.TestInvoker.invokeMethod(TestInvoker.java:584)
at org.testng.internal.TestInvoker.invokeTestMethod(TestInvoker.java:172)
at org.testng.internal.MethodRunner.runInSequence(MethodRunner.java:46)
at org.testng.internal.TestInvoker$MethodInvocationAgent.invoke(TestInvoker.java:804)
at org.testng.internal.TestInvoker.invokeTestMethods(TestInvoker.java:145)
at org.testng.internal.TestMethodWorker.invokeTestMethods(TestMethodWorker.java:146)
at org.testng.internal.TestMethodWorker.run(TestMethodWorker.java:128)
at java.base/java.util.ArrayList.forEach(ArrayList.java:1511)
at org.testng.TestRunner.privateRun(TestRunner.java:770)
at org.testng.TestRunner.run(TestRunner.java:591)
at org.testng.SuiteRunner.runTest(SuiteRunner.java:402)
at org.testng.SuiteRunner.runSequentially(SuiteRunner.java:396)
at org.testng.SuiteRunner.privateRun(SuiteRunner.java:355)
at org.testng.SuiteRunner.run(SuiteRunner.java:304)
at org.testng.SuiteRunnerWorker.runSuite(SuiteRunnerWorker.java:53)
at org.testng.SuiteRunnerWorker.run(SuiteRunnerWorker.java:96)
at org.testng.TestNG.runSuitesSequentially(TestNG.java:1180)
at org.testng.TestNG.runSuitesLocally(TestNG.java:1102)
at org.testng.TestNG.runSuites(TestNG.java:1032)
at org.testng.TestNG.run(TestNG.java:1000)
at org.testng.remote.AbstractRemoteTestNG.run(AbstractRemoteTestNG.java:115)
at org.testng.remote.RemoteTestNG.initAndRun(RemoteTestNG.java:251)
at org.testng.remote.RemoteTestNG.main(RemoteTestNG.java:77)
]]>
    </failure>
  </testcase> <!-- NavigatetoassetLevelTaskScreen -->
  <testcase classname="pmoMyWorkspaceModuleTest.PmoMyWorkspaceTaskOptimizationTest" name="CollapseAllFunctionality" time="2.922">
    <failure message="Failed to click on the button: CollapseAll : element click intercepted: Element &lt;button _ngcontent-kai-c666=&quot;&quot; kendobutton=&quot;&quot; title=&quot;Collapse All&quot; class=&quot;k-button k-button-md k-rounded-md k-button-rectangle k-button-solid-base k-button-solid&quot; role=&quot;button&quot; aria-disabled=&quot;false&quot; dir=&quot;ltr&quot;&gt;...&lt;/button&gt; is not clickable at point (378, 211). Other element would receive the click: &lt;div _ngcontent-kai-c574=&quot;&quot; class=&quot;ngx-overlay loading-foreground&quot; style=&quot;background-color: rgba(40, 40, 40, 0.8); border-radius: 0px;&quot;&gt;...&lt;/div&gt;
  (Session info: chrome=109.0.5414.122)
Build info: version: &#039;3.141.59&#039;, revision: &#039;e82be7d358&#039;, time: &#039;2018-11-14T08:17:03&#039;
System info: host: &#039;DESKTOP-GIUBRHR&#039;, ip: &#039;192.168.2.243&#039;, os.name: &#039;Windows 10&#039;, os.arch: &#039;amd64&#039;, os.version: &#039;10.0&#039;, java.version: &#039;17.0.4.1&#039;
Driver info: org.openqa.selenium.chrome.ChromeDriver
Capabilities {acceptInsecureCerts: false, browserName: chrome, browserVersion: 109.0.5414.122, chrome: {chromedriverVersion: 109.0.5414.74 (e7c5703604da..., userDataDir: C:\Users\NKadam\AppData\Loc...}, goog:chromeOptions: {debuggerAddress: localhost:63068}, javascriptEnabled: true, networkConnectionEnabled: false, pageLoadStrategy: normal, platform: WINDOWS, platformName: WINDOWS, proxy: Proxy(), setWindowRect: true, strictFileInteractability: false, timeouts: {implicit: 0, pageLoad: 300000, script: 30000}, unhandledPromptBehavior: dismiss and notify, webauthn:extension:credBlob: true, webauthn:extension:largeBlob: true, webauthn:virtualAuthenticators: true}
Session ID: 5e1caa21c1fea98807740147147405c1" type="java.lang.AssertionError">
      <![CDATA[java.lang.AssertionError: Failed to click on the button: CollapseAll : element click intercepted: Element <button _ngcontent-kai-c666="" kendobutton="" title="Collapse All" class="k-button k-button-md k-rounded-md k-button-rectangle k-button-solid-base k-button-solid" role="button" aria-disabled="false" dir="ltr">...</button> is not clickable at point (378, 211). Other element would receive the click: <div _ngcontent-kai-c574="" class="ngx-overlay loading-foreground" style="background-color: rgba(40, 40, 40, 0.8); border-radius: 0px;">...</div>
  (Session info: chrome=109.0.5414.122)
Build info: version: '3.141.59', revision: 'e82be7d358', time: '2018-11-14T08:17:03'
System info: host: 'DESKTOP-GIUBRHR', ip: '192.168.2.243', os.name: 'Windows 10', os.arch: 'amd64', os.version: '10.0', java.version: '17.0.4.1'
Driver info: org.openqa.selenium.chrome.ChromeDriver
Capabilities {acceptInsecureCerts: false, browserName: chrome, browserVersion: 109.0.5414.122, chrome: {chromedriverVersion: 109.0.5414.74 (e7c5703604da..., userDataDir: C:\Users\NKadam\AppData\Loc...}, goog:chromeOptions: {debuggerAddress: localhost:63068}, javascriptEnabled: true, networkConnectionEnabled: false, pageLoadStrategy: normal, platform: WINDOWS, platformName: WINDOWS, proxy: Proxy(), setWindowRect: true, strictFileInteractability: false, timeouts: {implicit: 0, pageLoad: 300000, script: 30000}, unhandledPromptBehavior: dismiss and notify, webauthn:extension:credBlob: true, webauthn:extension:largeBlob: true, webauthn:virtualAuthenticators: true}
Session ID: 5e1caa21c1fea98807740147147405c1
at org.testng.Assert.fail(Assert.java:97)
at utils.BrowserActionBase.clickButton(BrowserActionBase.java:43)
at pages.PmoMyWorkspaceModule.PmoMyworkspaceTaskOptimizationModule.CollapseAllButton(PmoMyworkspaceTaskOptimizationModule.java:168)
at pmoMyWorkspaceModuleTest.PmoMyWorkspaceTaskOptimizationTest.CollapseAllFunctionality(PmoMyWorkspaceTaskOptimizationTest.java:90)
at java.base/jdk.internal.reflect.NativeMethodAccessorImpl.invoke0(Native Method)
at java.base/jdk.internal.reflect.NativeMethodAccessorImpl.invoke(NativeMethodAccessorImpl.java:77)
at java.base/jdk.internal.reflect.DelegatingMethodAccessorImpl.invoke(DelegatingMethodAccessorImpl.java:43)
at java.base/java.lang.reflect.Method.invoke(Method.java:568)
at org.testng.internal.MethodInvocationHelper.invokeMethod(MethodInvocationHelper.java:133)
at org.testng.internal.TestInvoker.invokeMethod(TestInvoker.java:584)
at org.testng.internal.TestInvoker.invokeTestMethod(TestInvoker.java:172)
at org.testng.internal.MethodRunner.runInSequence(MethodRunner.java:46)
at org.testng.internal.TestInvoker$MethodInvocationAgent.invoke(TestInvoker.java:804)
at org.testng.internal.TestInvoker.invokeTestMethods(TestInvoker.java:145)
at org.testng.internal.TestMethodWorker.invokeTestMethods(TestMethodWorker.java:146)
at org.testng.internal.TestMethodWorker.run(TestMethodWorker.java:128)
at java.base/java.util.ArrayList.forEach(ArrayList.java:1511)
at org.testng.TestRunner.privateRun(TestRunner.java:770)
at org.testng.TestRunner.run(TestRunner.java:591)
at org.testng.SuiteRunner.runTest(SuiteRunner.java:402)
at org.testng.SuiteRunner.runSequentially(SuiteRunner.java:396)
at org.testng.SuiteRunner.privateRun(SuiteRunner.java:355)
at org.testng.SuiteRunner.run(SuiteRunner.java:304)
at org.testng.SuiteRunnerWorker.runSuite(SuiteRunnerWorker.java:53)
at org.testng.SuiteRunnerWorker.run(SuiteRunnerWorker.java:96)
at org.testng.TestNG.runSuitesSequentially(TestNG.java:1180)
at org.testng.TestNG.runSuitesLocally(TestNG.java:1102)
at org.testng.TestNG.runSuites(TestNG.java:1032)
at org.testng.TestNG.run(TestNG.java:1000)
at org.testng.remote.AbstractRemoteTestNG.run(AbstractRemoteTestNG.java:115)
at org.testng.remote.RemoteTestNG.initAndRun(RemoteTestNG.java:251)
at org.testng.remote.RemoteTestNG.main(RemoteTestNG.java:77)
]]>
    </failure>
  </testcase> <!-- CollapseAllFunctionality -->
  <testcase classname="pmoMyWorkspaceModuleTest.PmoMyWorkspaceTaskOptimizationTest" name="ExpandAllFunctionality" time="2.440">
    <failure message="Failed to click on the button: ExpandAll : element click intercepted: Element &lt;button _ngcontent-kai-c666=&quot;&quot; kendobutton=&quot;&quot; title=&quot;Expand All&quot; class=&quot;k-button k-button-md k-rounded-md k-button-rectangle k-button-solid-base k-button-solid&quot; role=&quot;button&quot; aria-disabled=&quot;false&quot; dir=&quot;ltr&quot;&gt;...&lt;/button&gt; is not clickable at point (350, 211). Other element would receive the click: &lt;div _ngcontent-kai-c574=&quot;&quot; class=&quot;ngx-overlay loading-foreground&quot; style=&quot;background-color: rgba(40, 40, 40, 0.8); border-radius: 0px;&quot;&gt;...&lt;/div&gt;
  (Session info: chrome=109.0.5414.122)
Build info: version: &#039;3.141.59&#039;, revision: &#039;e82be7d358&#039;, time: &#039;2018-11-14T08:17:03&#039;
System info: host: &#039;DESKTOP-GIUBRHR&#039;, ip: &#039;192.168.2.243&#039;, os.name: &#039;Windows 10&#039;, os.arch: &#039;amd64&#039;, os.version: &#039;10.0&#039;, java.version: &#039;17.0.4.1&#039;
Driver info: org.openqa.selenium.chrome.ChromeDriver
Capabilities {acceptInsecureCerts: false, browserName: chrome, browserVersion: 109.0.5414.122, chrome: {chromedriverVersion: 109.0.5414.74 (e7c5703604da..., userDataDir: C:\Users\NKadam\AppData\Loc...}, goog:chromeOptions: {debuggerAddress: localhost:63068}, javascriptEnabled: true, networkConnectionEnabled: false, pageLoadStrategy: normal, platform: WINDOWS, platformName: WINDOWS, proxy: Proxy(), setWindowRect: true, strictFileInteractability: false, timeouts: {implicit: 0, pageLoad: 300000, script: 30000}, unhandledPromptBehavior: dismiss and notify, webauthn:extension:credBlob: true, webauthn:extension:largeBlob: true, webauthn:virtualAuthenticators: true}
Session ID: 5e1caa21c1fea98807740147147405c1" type="java.lang.AssertionError">
      <![CDATA[java.lang.AssertionError: Failed to click on the button: ExpandAll : element click intercepted: Element <button _ngcontent-kai-c666="" kendobutton="" title="Expand All" class="k-button k-button-md k-rounded-md k-button-rectangle k-button-solid-base k-button-solid" role="button" aria-disabled="false" dir="ltr">...</button> is not clickable at point (350, 211). Other element would receive the click: <div _ngcontent-kai-c574="" class="ngx-overlay loading-foreground" style="background-color: rgba(40, 40, 40, 0.8); border-radius: 0px;">...</div>
  (Session info: chrome=109.0.5414.122)
Build info: version: '3.141.59', revision: 'e82be7d358', time: '2018-11-14T08:17:03'
System info: host: 'DESKTOP-GIUBRHR', ip: '192.168.2.243', os.name: 'Windows 10', os.arch: 'amd64', os.version: '10.0', java.version: '17.0.4.1'
Driver info: org.openqa.selenium.chrome.ChromeDriver
Capabilities {acceptInsecureCerts: false, browserName: chrome, browserVersion: 109.0.5414.122, chrome: {chromedriverVersion: 109.0.5414.74 (e7c5703604da..., userDataDir: C:\Users\NKadam\AppData\Loc...}, goog:chromeOptions: {debuggerAddress: localhost:63068}, javascriptEnabled: true, networkConnectionEnabled: false, pageLoadStrategy: normal, platform: WINDOWS, platformName: WINDOWS, proxy: Proxy(), setWindowRect: true, strictFileInteractability: false, timeouts: {implicit: 0, pageLoad: 300000, script: 30000}, unhandledPromptBehavior: dismiss and notify, webauthn:extension:credBlob: true, webauthn:extension:largeBlob: true, webauthn:virtualAuthenticators: true}
Session ID: 5e1caa21c1fea98807740147147405c1
at org.testng.Assert.fail(Assert.java:97)
at utils.BrowserActionBase.clickButton(BrowserActionBase.java:43)
at pages.PmoMyWorkspaceModule.PmoMyworkspaceTaskOptimizationModule.ExpandAllButton(PmoMyworkspaceTaskOptimizationModule.java:153)
at pmoMyWorkspaceModuleTest.PmoMyWorkspaceTaskOptimizationTest.ExpandAllFunctionality(PmoMyWorkspaceTaskOptimizationTest.java:96)
at java.base/jdk.internal.reflect.NativeMethodAccessorImpl.invoke0(Native Method)
at java.base/jdk.internal.reflect.NativeMethodAccessorImpl.invoke(NativeMethodAccessorImpl.java:77)
at java.base/jdk.internal.reflect.DelegatingMethodAccessorImpl.invoke(DelegatingMethodAccessorImpl.java:43)
at java.base/java.lang.reflect.Method.invoke(Method.java:568)
at org.testng.internal.MethodInvocationHelper.invokeMethod(MethodInvocationHelper.java:133)
at org.testng.internal.TestInvoker.invokeMethod(TestInvoker.java:584)
at org.testng.internal.TestInvoker.invokeTestMethod(TestInvoker.java:172)
at org.testng.internal.MethodRunner.runInSequence(MethodRunner.java:46)
at org.testng.internal.TestInvoker$MethodInvocationAgent.invoke(TestInvoker.java:804)
at org.testng.internal.TestInvoker.invokeTestMethods(TestInvoker.java:145)
at org.testng.internal.TestMethodWorker.invokeTestMethods(TestMethodWorker.java:146)
at org.testng.internal.TestMethodWorker.run(TestMethodWorker.java:128)
at java.base/java.util.ArrayList.forEach(ArrayList.java:1511)
at org.testng.TestRunner.privateRun(TestRunner.java:770)
at org.testng.TestRunner.run(TestRunner.java:591)
at org.testng.SuiteRunner.runTest(SuiteRunner.java:402)
at org.testng.SuiteRunner.runSequentially(SuiteRunner.java:396)
at org.testng.SuiteRunner.privateRun(SuiteRunner.java:355)
at org.testng.SuiteRunner.run(SuiteRunner.java:304)
at org.testng.SuiteRunnerWorker.runSuite(SuiteRunnerWorker.java:53)
at org.testng.SuiteRunnerWorker.run(SuiteRunnerWorker.java:96)
at org.testng.TestNG.runSuitesSequentially(TestNG.java:1180)
at org.testng.TestNG.runSuitesLocally(TestNG.java:1102)
at org.testng.TestNG.runSuites(TestNG.java:1032)
at org.testng.TestNG.run(TestNG.java:1000)
at org.testng.remote.AbstractRemoteTestNG.run(AbstractRemoteTestNG.java:115)
at org.testng.remote.RemoteTestNG.initAndRun(RemoteTestNG.java:251)
at org.testng.remote.RemoteTestNG.main(RemoteTestNG.java:77)
]]>
    </failure>
  </testcase> <!-- ExpandAllFunctionality -->
  <testcase classname="pmoMyWorkspaceModuleTest.PmoMyWorkspaceTaskOptimizationTest" name="Exporttoexcle" time="2.933">
    <failure message="Failed to click on the button: exortTOExcle : element click intercepted: Element &lt;button _ngcontent-kai-c666=&quot;&quot; kendobutton=&quot;&quot; title=&quot;Collapse All&quot; class=&quot;k-button k-button-md k-rounded-md k-button-rectangle k-button-solid-base k-button-solid&quot; role=&quot;button&quot; aria-disabled=&quot;false&quot; dir=&quot;ltr&quot;&gt;...&lt;/button&gt; is not clickable at point (378, 211). Other element would receive the click: &lt;div _ngcontent-kai-c574=&quot;&quot; class=&quot;ngx-overlay loading-foreground&quot; style=&quot;background-color: rgba(40, 40, 40, 0.8); border-radius: 0px;&quot;&gt;...&lt;/div&gt;
  (Session info: chrome=109.0.5414.122)
Build info: version: &#039;3.141.59&#039;, revision: &#039;e82be7d358&#039;, time: &#039;2018-11-14T08:17:03&#039;
System info: host: &#039;DESKTOP-GIUBRHR&#039;, ip: &#039;192.168.2.243&#039;, os.name: &#039;Windows 10&#039;, os.arch: &#039;amd64&#039;, os.version: &#039;10.0&#039;, java.version: &#039;17.0.4.1&#039;
Driver info: org.openqa.selenium.chrome.ChromeDriver
Capabilities {acceptInsecureCerts: false, browserName: chrome, browserVersion: 109.0.5414.122, chrome: {chromedriverVersion: 109.0.5414.74 (e7c5703604da..., userDataDir: C:\Users\NKadam\AppData\Loc...}, goog:chromeOptions: {debuggerAddress: localhost:63068}, javascriptEnabled: true, networkConnectionEnabled: false, pageLoadStrategy: normal, platform: WINDOWS, platformName: WINDOWS, proxy: Proxy(), setWindowRect: true, strictFileInteractability: false, timeouts: {implicit: 0, pageLoad: 300000, script: 30000}, unhandledPromptBehavior: dismiss and notify, webauthn:extension:credBlob: true, webauthn:extension:largeBlob: true, webauthn:virtualAuthenticators: true}
Session ID: 5e1caa21c1fea98807740147147405c1" type="java.lang.AssertionError">
      <![CDATA[java.lang.AssertionError: Failed to click on the button: exortTOExcle : element click intercepted: Element <button _ngcontent-kai-c666="" kendobutton="" title="Collapse All" class="k-button k-button-md k-rounded-md k-button-rectangle k-button-solid-base k-button-solid" role="button" aria-disabled="false" dir="ltr">...</button> is not clickable at point (378, 211). Other element would receive the click: <div _ngcontent-kai-c574="" class="ngx-overlay loading-foreground" style="background-color: rgba(40, 40, 40, 0.8); border-radius: 0px;">...</div>
  (Session info: chrome=109.0.5414.122)
Build info: version: '3.141.59', revision: 'e82be7d358', time: '2018-11-14T08:17:03'
System info: host: 'DESKTOP-GIUBRHR', ip: '192.168.2.243', os.name: 'Windows 10', os.arch: 'amd64', os.version: '10.0', java.version: '17.0.4.1'
Driver info: org.openqa.selenium.chrome.ChromeDriver
Capabilities {acceptInsecureCerts: false, browserName: chrome, browserVersion: 109.0.5414.122, chrome: {chromedriverVersion: 109.0.5414.74 (e7c5703604da..., userDataDir: C:\Users\NKadam\AppData\Loc...}, goog:chromeOptions: {debuggerAddress: localhost:63068}, javascriptEnabled: true, networkConnectionEnabled: false, pageLoadStrategy: normal, platform: WINDOWS, platformName: WINDOWS, proxy: Proxy(), setWindowRect: true, strictFileInteractability: false, timeouts: {implicit: 0, pageLoad: 300000, script: 30000}, unhandledPromptBehavior: dismiss and notify, webauthn:extension:credBlob: true, webauthn:extension:largeBlob: true, webauthn:virtualAuthenticators: true}
Session ID: 5e1caa21c1fea98807740147147405c1
at org.testng.Assert.fail(Assert.java:97)
at utils.BrowserActionBase.clickButton(BrowserActionBase.java:43)
at pages.PmoMyWorkspaceModule.PmoMyworkspaceTaskOptimizationModule.exortTOExcleButton(PmoMyworkspaceTaskOptimizationModule.java:183)
at pmoMyWorkspaceModuleTest.PmoMyWorkspaceTaskOptimizationTest.Exporttoexcle(PmoMyWorkspaceTaskOptimizationTest.java:102)
at java.base/jdk.internal.reflect.NativeMethodAccessorImpl.invoke0(Native Method)
at java.base/jdk.internal.reflect.NativeMethodAccessorImpl.invoke(NativeMethodAccessorImpl.java:77)
at java.base/jdk.internal.reflect.DelegatingMethodAccessorImpl.invoke(DelegatingMethodAccessorImpl.java:43)
at java.base/java.lang.reflect.Method.invoke(Method.java:568)
at org.testng.internal.MethodInvocationHelper.invokeMethod(MethodInvocationHelper.java:133)
at org.testng.internal.TestInvoker.invokeMethod(TestInvoker.java:584)
at org.testng.internal.TestInvoker.invokeTestMethod(TestInvoker.java:172)
at org.testng.internal.MethodRunner.runInSequence(MethodRunner.java:46)
at org.testng.internal.TestInvoker$MethodInvocationAgent.invoke(TestInvoker.java:804)
at org.testng.internal.TestInvoker.invokeTestMethods(TestInvoker.java:145)
at org.testng.internal.TestMethodWorker.invokeTestMethods(TestMethodWorker.java:146)
at org.testng.internal.TestMethodWorker.run(TestMethodWorker.java:128)
at java.base/java.util.ArrayList.forEach(ArrayList.java:1511)
at org.testng.TestRunner.privateRun(TestRunner.java:770)
at org.testng.TestRunner.run(TestRunner.java:591)
at org.testng.SuiteRunner.runTest(SuiteRunner.java:402)
at org.testng.SuiteRunner.runSequentially(SuiteRunner.java:396)
at org.testng.SuiteRunner.privateRun(SuiteRunner.java:355)
at org.testng.SuiteRunner.run(SuiteRunner.java:304)
at org.testng.SuiteRunnerWorker.runSuite(SuiteRunnerWorker.java:53)
at org.testng.SuiteRunnerWorker.run(SuiteRunnerWorker.java:96)
at org.testng.TestNG.runSuitesSequentially(TestNG.java:1180)
at org.testng.TestNG.runSuitesLocally(TestNG.java:1102)
at org.testng.TestNG.runSuites(TestNG.java:1032)
at org.testng.TestNG.run(TestNG.java:1000)
at org.testng.remote.AbstractRemoteTestNG.run(AbstractRemoteTestNG.java:115)
at org.testng.remote.RemoteTestNG.initAndRun(RemoteTestNG.java:251)
at org.testng.remote.RemoteTestNG.main(RemoteTestNG.java:77)
]]>
    </failure>
  </testcase> <!-- Exporttoexcle -->
  <testcase classname="pmoMyWorkspaceModuleTest.PmoMyWorkspaceTaskOptimizationTest" name="deleteTaskButtonfunctionality" time="3.207">
    <failure message="Failed to click on the button: deleteTask : element click intercepted: Element &lt;button _ngcontent-kai-c666=&quot;&quot; kendobutton=&quot;&quot; title=&quot;Collapse All&quot; class=&quot;k-button k-button-md k-rounded-md k-button-rectangle k-button-solid-base k-button-solid&quot; role=&quot;button&quot; aria-disabled=&quot;false&quot; dir=&quot;ltr&quot;&gt;...&lt;/button&gt; is not clickable at point (378, 211). Other element would receive the click: &lt;div _ngcontent-kai-c574=&quot;&quot; class=&quot;ngx-overlay loading-foreground&quot; style=&quot;background-color: rgba(40, 40, 40, 0.8); border-radius: 0px;&quot;&gt;...&lt;/div&gt;
  (Session info: chrome=109.0.5414.122)
Build info: version: &#039;3.141.59&#039;, revision: &#039;e82be7d358&#039;, time: &#039;2018-11-14T08:17:03&#039;
System info: host: &#039;DESKTOP-GIUBRHR&#039;, ip: &#039;192.168.2.243&#039;, os.name: &#039;Windows 10&#039;, os.arch: &#039;amd64&#039;, os.version: &#039;10.0&#039;, java.version: &#039;17.0.4.1&#039;
Driver info: org.openqa.selenium.chrome.ChromeDriver
Capabilities {acceptInsecureCerts: false, browserName: chrome, browserVersion: 109.0.5414.122, chrome: {chromedriverVersion: 109.0.5414.74 (e7c5703604da..., userDataDir: C:\Users\NKadam\AppData\Loc...}, goog:chromeOptions: {debuggerAddress: localhost:63068}, javascriptEnabled: true, networkConnectionEnabled: false, pageLoadStrategy: normal, platform: WINDOWS, platformName: WINDOWS, proxy: Proxy(), setWindowRect: true, strictFileInteractability: false, timeouts: {implicit: 0, pageLoad: 300000, script: 30000}, unhandledPromptBehavior: dismiss and notify, webauthn:extension:credBlob: true, webauthn:extension:largeBlob: true, webauthn:virtualAuthenticators: true}
Session ID: 5e1caa21c1fea98807740147147405c1" type="java.lang.AssertionError">
      <![CDATA[java.lang.AssertionError: Failed to click on the button: deleteTask : element click intercepted: Element <button _ngcontent-kai-c666="" kendobutton="" title="Collapse All" class="k-button k-button-md k-rounded-md k-button-rectangle k-button-solid-base k-button-solid" role="button" aria-disabled="false" dir="ltr">...</button> is not clickable at point (378, 211). Other element would receive the click: <div _ngcontent-kai-c574="" class="ngx-overlay loading-foreground" style="background-color: rgba(40, 40, 40, 0.8); border-radius: 0px;">...</div>
  (Session info: chrome=109.0.5414.122)
Build info: version: '3.141.59', revision: 'e82be7d358', time: '2018-11-14T08:17:03'
System info: host: 'DESKTOP-GIUBRHR', ip: '192.168.2.243', os.name: 'Windows 10', os.arch: 'amd64', os.version: '10.0', java.version: '17.0.4.1'
Driver info: org.openqa.selenium.chrome.ChromeDriver
Capabilities {acceptInsecureCerts: false, browserName: chrome, browserVersion: 109.0.5414.122, chrome: {chromedriverVersion: 109.0.5414.74 (e7c5703604da..., userDataDir: C:\Users\NKadam\AppData\Loc...}, goog:chromeOptions: {debuggerAddress: localhost:63068}, javascriptEnabled: true, networkConnectionEnabled: false, pageLoadStrategy: normal, platform: WINDOWS, platformName: WINDOWS, proxy: Proxy(), setWindowRect: true, strictFileInteractability: false, timeouts: {implicit: 0, pageLoad: 300000, script: 30000}, unhandledPromptBehavior: dismiss and notify, webauthn:extension:credBlob: true, webauthn:extension:largeBlob: true, webauthn:virtualAuthenticators: true}
Session ID: 5e1caa21c1fea98807740147147405c1
at org.testng.Assert.fail(Assert.java:97)
at utils.BrowserActionBase.clickButton(BrowserActionBase.java:43)
at pages.PmoMyWorkspaceModule.PmoMyworkspaceTaskOptimizationModule.deleteTaskButton(PmoMyworkspaceTaskOptimizationModule.java:199)
at pmoMyWorkspaceModuleTest.PmoMyWorkspaceTaskOptimizationTest.deleteTaskButtonfunctionality(PmoMyWorkspaceTaskOptimizationTest.java:108)
at java.base/jdk.internal.reflect.NativeMethodAccessorImpl.invoke0(Native Method)
at java.base/jdk.internal.reflect.NativeMethodAccessorImpl.invoke(NativeMethodAccessorImpl.java:77)
at java.base/jdk.internal.reflect.DelegatingMethodAccessorImpl.invoke(DelegatingMethodAccessorImpl.java:43)
at java.base/java.lang.reflect.Method.invoke(Method.java:568)
at org.testng.internal.MethodInvocationHelper.invokeMethod(MethodInvocationHelper.java:133)
at org.testng.internal.TestInvoker.invokeMethod(TestInvoker.java:584)
at org.testng.internal.TestInvoker.invokeTestMethod(TestInvoker.java:172)
at org.testng.internal.MethodRunner.runInSequence(MethodRunner.java:46)
at org.testng.internal.TestInvoker$MethodInvocationAgent.invoke(TestInvoker.java:804)
at org.testng.internal.TestInvoker.invokeTestMethods(TestInvoker.java:145)
at org.testng.internal.TestMethodWorker.invokeTestMethods(TestMethodWorker.java:146)
at org.testng.internal.TestMethodWorker.run(TestMethodWorker.java:128)
at java.base/java.util.ArrayList.forEach(ArrayList.java:1511)
at org.testng.TestRunner.privateRun(TestRunner.java:770)
at org.testng.TestRunner.run(TestRunner.java:591)
at org.testng.SuiteRunner.runTest(SuiteRunner.java:402)
at org.testng.SuiteRunner.runSequentially(SuiteRunner.java:396)
at org.testng.SuiteRunner.privateRun(SuiteRunner.java:355)
at org.testng.SuiteRunner.run(SuiteRunner.java:304)
at org.testng.SuiteRunnerWorker.runSuite(SuiteRunnerWorker.java:53)
at org.testng.SuiteRunnerWorker.run(SuiteRunnerWorker.java:96)
at org.testng.TestNG.runSuitesSequentially(TestNG.java:1180)
at org.testng.TestNG.runSuitesLocally(TestNG.java:1102)
at org.testng.TestNG.runSuites(TestNG.java:1032)
at org.testng.TestNG.run(TestNG.java:1000)
at org.testng.remote.AbstractRemoteTestNG.run(AbstractRemoteTestNG.java:115)
at org.testng.remote.RemoteTestNG.initAndRun(RemoteTestNG.java:251)
at org.testng.remote.RemoteTestNG.main(RemoteTestNG.java:77)
]]>
    </failure>
  </testcase> <!-- deleteTaskButtonfunctionality -->
  <testcase classname="pmoMyWorkspaceModuleTest.PmoMyWorkspaceTaskOptimizationTest" name="changeFunctionComponent" time="2.371">
    <failure message="Failed to click on the button: changeComponent : element click intercepted: Element &lt;button _ngcontent-kai-c666=&quot;&quot; kendobutton=&quot;&quot; title=&quot;Collapse All&quot; class=&quot;k-button k-button-md k-rounded-md k-button-rectangle k-button-solid-base k-button-solid&quot; role=&quot;button&quot; aria-disabled=&quot;false&quot; dir=&quot;ltr&quot;&gt;...&lt;/button&gt; is not clickable at point (378, 211). Other element would receive the click: &lt;div _ngcontent-kai-c574=&quot;&quot; class=&quot;ngx-overlay loading-foreground&quot; style=&quot;background-color: rgba(40, 40, 40, 0.8); border-radius: 0px;&quot;&gt;...&lt;/div&gt;
  (Session info: chrome=109.0.5414.122)
Build info: version: &#039;3.141.59&#039;, revision: &#039;e82be7d358&#039;, time: &#039;2018-11-14T08:17:03&#039;
System info: host: &#039;DESKTOP-GIUBRHR&#039;, ip: &#039;192.168.2.243&#039;, os.name: &#039;Windows 10&#039;, os.arch: &#039;amd64&#039;, os.version: &#039;10.0&#039;, java.version: &#039;17.0.4.1&#039;
Driver info: org.openqa.selenium.chrome.ChromeDriver
Capabilities {acceptInsecureCerts: false, browserName: chrome, browserVersion: 109.0.5414.122, chrome: {chromedriverVersion: 109.0.5414.74 (e7c5703604da..., userDataDir: C:\Users\NKadam\AppData\Loc...}, goog:chromeOptions: {debuggerAddress: localhost:63068}, javascriptEnabled: true, networkConnectionEnabled: false, pageLoadStrategy: normal, platform: WINDOWS, platformName: WINDOWS, proxy: Proxy(), setWindowRect: true, strictFileInteractability: false, timeouts: {implicit: 0, pageLoad: 300000, script: 30000}, unhandledPromptBehavior: dismiss and notify, webauthn:extension:credBlob: true, webauthn:extension:largeBlob: true, webauthn:virtualAuthenticators: true}
Session ID: 5e1caa21c1fea98807740147147405c1" type="java.lang.AssertionError">
      <![CDATA[java.lang.AssertionError: Failed to click on the button: changeComponent : element click intercepted: Element <button _ngcontent-kai-c666="" kendobutton="" title="Collapse All" class="k-button k-button-md k-rounded-md k-button-rectangle k-button-solid-base k-button-solid" role="button" aria-disabled="false" dir="ltr">...</button> is not clickable at point (378, 211). Other element would receive the click: <div _ngcontent-kai-c574="" class="ngx-overlay loading-foreground" style="background-color: rgba(40, 40, 40, 0.8); border-radius: 0px;">...</div>
  (Session info: chrome=109.0.5414.122)
Build info: version: '3.141.59', revision: 'e82be7d358', time: '2018-11-14T08:17:03'
System info: host: 'DESKTOP-GIUBRHR', ip: '192.168.2.243', os.name: 'Windows 10', os.arch: 'amd64', os.version: '10.0', java.version: '17.0.4.1'
Driver info: org.openqa.selenium.chrome.ChromeDriver
Capabilities {acceptInsecureCerts: false, browserName: chrome, browserVersion: 109.0.5414.122, chrome: {chromedriverVersion: 109.0.5414.74 (e7c5703604da..., userDataDir: C:\Users\NKadam\AppData\Loc...}, goog:chromeOptions: {debuggerAddress: localhost:63068}, javascriptEnabled: true, networkConnectionEnabled: false, pageLoadStrategy: normal, platform: WINDOWS, platformName: WINDOWS, proxy: Proxy(), setWindowRect: true, strictFileInteractability: false, timeouts: {implicit: 0, pageLoad: 300000, script: 30000}, unhandledPromptBehavior: dismiss and notify, webauthn:extension:credBlob: true, webauthn:extension:largeBlob: true, webauthn:virtualAuthenticators: true}
Session ID: 5e1caa21c1fea98807740147147405c1
at org.testng.Assert.fail(Assert.java:97)
at utils.BrowserActionBase.clickButton(BrowserActionBase.java:43)
at pages.PmoMyWorkspaceModule.PmoMyworkspaceTaskOptimizationModule.changeComponentButton(PmoMyworkspaceTaskOptimizationModule.java:216)
at pmoMyWorkspaceModuleTest.PmoMyWorkspaceTaskOptimizationTest.changeFunctionComponent(PmoMyWorkspaceTaskOptimizationTest.java:115)
at java.base/jdk.internal.reflect.NativeMethodAccessorImpl.invoke0(Native Method)
at java.base/jdk.internal.reflect.NativeMethodAccessorImpl.invoke(NativeMethodAccessorImpl.java:77)
at java.base/jdk.internal.reflect.DelegatingMethodAccessorImpl.invoke(DelegatingMethodAccessorImpl.java:43)
at java.base/java.lang.reflect.Method.invoke(Method.java:568)
at org.testng.internal.MethodInvocationHelper.invokeMethod(MethodInvocationHelper.java:133)
at org.testng.internal.TestInvoker.invokeMethod(TestInvoker.java:584)
at org.testng.internal.TestInvoker.invokeTestMethod(TestInvoker.java:172)
at org.testng.internal.MethodRunner.runInSequence(MethodRunner.java:46)
at org.testng.internal.TestInvoker$MethodInvocationAgent.invoke(TestInvoker.java:804)
at org.testng.internal.TestInvoker.invokeTestMethods(TestInvoker.java:145)
at org.testng.internal.TestMethodWorker.invokeTestMethods(TestMethodWorker.java:146)
at org.testng.internal.TestMethodWorker.run(TestMethodWorker.java:128)
at java.base/java.util.ArrayList.forEach(ArrayList.java:1511)
at org.testng.TestRunner.privateRun(TestRunner.java:770)
at org.testng.TestRunner.run(TestRunner.java:591)
at org.testng.SuiteRunner.runTest(SuiteRunner.java:402)
at org.testng.SuiteRunner.runSequentially(SuiteRunner.java:396)
at org.testng.SuiteRunner.privateRun(SuiteRunner.java:355)
at org.testng.SuiteRunner.run(SuiteRunner.java:304)
at org.testng.SuiteRunnerWorker.runSuite(SuiteRunnerWorker.java:53)
at org.testng.SuiteRunnerWorker.run(SuiteRunnerWorker.java:96)
at org.testng.TestNG.runSuitesSequentially(TestNG.java:1180)
at org.testng.TestNG.runSuitesLocally(TestNG.java:1102)
at org.testng.TestNG.runSuites(TestNG.java:1032)
at org.testng.TestNG.run(TestNG.java:1000)
at org.testng.remote.AbstractRemoteTestNG.run(AbstractRemoteTestNG.java:115)
at org.testng.remote.RemoteTestNG.initAndRun(RemoteTestNG.java:251)
at org.testng.remote.RemoteTestNG.main(RemoteTestNG.java:77)
]]>
    </failure>
  </testcase> <!-- changeFunctionComponent -->
  <testcase classname="pmoMyWorkspaceModuleTest.PmoMyWorkspaceTaskOptimizationTest" name="cancleChangeFunctionComponent" time="2.764">
    <failure message="Failed to click on the button: changeComponent : element click intercepted: Element &lt;button _ngcontent-kai-c666=&quot;&quot; kendobutton=&quot;&quot; title=&quot;Collapse All&quot; class=&quot;k-button k-button-md k-rounded-md k-button-rectangle k-button-solid-base k-button-solid&quot; role=&quot;button&quot; aria-disabled=&quot;false&quot; dir=&quot;ltr&quot;&gt;...&lt;/button&gt; is not clickable at point (378, 211). Other element would receive the click: &lt;div _ngcontent-kai-c574=&quot;&quot; class=&quot;ngx-overlay loading-foreground&quot; style=&quot;background-color: rgba(40, 40, 40, 0.8); border-radius: 0px;&quot;&gt;...&lt;/div&gt;
  (Session info: chrome=109.0.5414.122)
Build info: version: &#039;3.141.59&#039;, revision: &#039;e82be7d358&#039;, time: &#039;2018-11-14T08:17:03&#039;
System info: host: &#039;DESKTOP-GIUBRHR&#039;, ip: &#039;192.168.2.243&#039;, os.name: &#039;Windows 10&#039;, os.arch: &#039;amd64&#039;, os.version: &#039;10.0&#039;, java.version: &#039;17.0.4.1&#039;
Driver info: org.openqa.selenium.chrome.ChromeDriver
Capabilities {acceptInsecureCerts: false, browserName: chrome, browserVersion: 109.0.5414.122, chrome: {chromedriverVersion: 109.0.5414.74 (e7c5703604da..., userDataDir: C:\Users\NKadam\AppData\Loc...}, goog:chromeOptions: {debuggerAddress: localhost:63068}, javascriptEnabled: true, networkConnectionEnabled: false, pageLoadStrategy: normal, platform: WINDOWS, platformName: WINDOWS, proxy: Proxy(), setWindowRect: true, strictFileInteractability: false, timeouts: {implicit: 0, pageLoad: 300000, script: 30000}, unhandledPromptBehavior: dismiss and notify, webauthn:extension:credBlob: true, webauthn:extension:largeBlob: true, webauthn:virtualAuthenticators: true}
Session ID: 5e1caa21c1fea98807740147147405c1" type="java.lang.AssertionError">
      <![CDATA[java.lang.AssertionError: Failed to click on the button: changeComponent : element click intercepted: Element <button _ngcontent-kai-c666="" kendobutton="" title="Collapse All" class="k-button k-button-md k-rounded-md k-button-rectangle k-button-solid-base k-button-solid" role="button" aria-disabled="false" dir="ltr">...</button> is not clickable at point (378, 211). Other element would receive the click: <div _ngcontent-kai-c574="" class="ngx-overlay loading-foreground" style="background-color: rgba(40, 40, 40, 0.8); border-radius: 0px;">...</div>
  (Session info: chrome=109.0.5414.122)
Build info: version: '3.141.59', revision: 'e82be7d358', time: '2018-11-14T08:17:03'
System info: host: 'DESKTOP-GIUBRHR', ip: '192.168.2.243', os.name: 'Windows 10', os.arch: 'amd64', os.version: '10.0', java.version: '17.0.4.1'
Driver info: org.openqa.selenium.chrome.ChromeDriver
Capabilities {acceptInsecureCerts: false, browserName: chrome, browserVersion: 109.0.5414.122, chrome: {chromedriverVersion: 109.0.5414.74 (e7c5703604da..., userDataDir: C:\Users\NKadam\AppData\Loc...}, goog:chromeOptions: {debuggerAddress: localhost:63068}, javascriptEnabled: true, networkConnectionEnabled: false, pageLoadStrategy: normal, platform: WINDOWS, platformName: WINDOWS, proxy: Proxy(), setWindowRect: true, strictFileInteractability: false, timeouts: {implicit: 0, pageLoad: 300000, script: 30000}, unhandledPromptBehavior: dismiss and notify, webauthn:extension:credBlob: true, webauthn:extension:largeBlob: true, webauthn:virtualAuthenticators: true}
Session ID: 5e1caa21c1fea98807740147147405c1
at org.testng.Assert.fail(Assert.java:97)
at utils.BrowserActionBase.clickButton(BrowserActionBase.java:43)
at pages.PmoMyWorkspaceModule.PmoMyworkspaceTaskOptimizationModule.changeComponentButton(PmoMyworkspaceTaskOptimizationModule.java:216)
at pmoMyWorkspaceModuleTest.PmoMyWorkspaceTaskOptimizationTest.cancleChangeFunctionComponent(PmoMyWorkspaceTaskOptimizationTest.java:126)
at java.base/jdk.internal.reflect.NativeMethodAccessorImpl.invoke0(Native Method)
at java.base/jdk.internal.reflect.NativeMethodAccessorImpl.invoke(NativeMethodAccessorImpl.java:77)
at java.base/jdk.internal.reflect.DelegatingMethodAccessorImpl.invoke(DelegatingMethodAccessorImpl.java:43)
at java.base/java.lang.reflect.Method.invoke(Method.java:568)
at org.testng.internal.MethodInvocationHelper.invokeMethod(MethodInvocationHelper.java:133)
at org.testng.internal.TestInvoker.invokeMethod(TestInvoker.java:584)
at org.testng.internal.TestInvoker.invokeTestMethod(TestInvoker.java:172)
at org.testng.internal.MethodRunner.runInSequence(MethodRunner.java:46)
at org.testng.internal.TestInvoker$MethodInvocationAgent.invoke(TestInvoker.java:804)
at org.testng.internal.TestInvoker.invokeTestMethods(TestInvoker.java:145)
at org.testng.internal.TestMethodWorker.invokeTestMethods(TestMethodWorker.java:146)
at org.testng.internal.TestMethodWorker.run(TestMethodWorker.java:128)
at java.base/java.util.ArrayList.forEach(ArrayList.java:1511)
at org.testng.TestRunner.privateRun(TestRunner.java:770)
at org.testng.TestRunner.run(TestRunner.java:591)
at org.testng.SuiteRunner.runTest(SuiteRunner.java:402)
at org.testng.SuiteRunner.runSequentially(SuiteRunner.java:396)
at org.testng.SuiteRunner.privateRun(SuiteRunner.java:355)
at org.testng.SuiteRunner.run(SuiteRunner.java:304)
at org.testng.SuiteRunnerWorker.runSuite(SuiteRunnerWorker.java:53)
at org.testng.SuiteRunnerWorker.run(SuiteRunnerWorker.java:96)
at org.testng.TestNG.runSuitesSequentially(TestNG.java:1180)
at org.testng.TestNG.runSuitesLocally(TestNG.java:1102)
at org.testng.TestNG.runSuites(TestNG.java:1032)
at org.testng.TestNG.run(TestNG.java:1000)
at org.testng.remote.AbstractRemoteTestNG.run(AbstractRemoteTestNG.java:115)
at org.testng.remote.RemoteTestNG.initAndRun(RemoteTestNG.java:251)
at org.testng.remote.RemoteTestNG.main(RemoteTestNG.java:77)
]]>
    </failure>
  </testcase> <!-- cancleChangeFunctionComponent -->
  <testcase classname="pmoMyWorkspaceModuleTest.PmoMyWorkspaceTaskOptimizationTest" name="resetButtonfunctionality" time="2.905">
    <failure message="Failed to click on the button: reset : element click intercepted: Element &lt;button _ngcontent-kai-c666=&quot;&quot; kendobutton=&quot;&quot; title=&quot;Collapse All&quot; class=&quot;k-button k-button-md k-rounded-md k-button-rectangle k-button-solid-base k-button-solid&quot; role=&quot;button&quot; aria-disabled=&quot;false&quot; dir=&quot;ltr&quot;&gt;...&lt;/button&gt; is not clickable at point (378, 211). Other element would receive the click: &lt;div _ngcontent-kai-c574=&quot;&quot; class=&quot;ngx-overlay loading-foreground&quot; style=&quot;background-color: rgba(40, 40, 40, 0.8); border-radius: 0px;&quot;&gt;...&lt;/div&gt;
  (Session info: chrome=109.0.5414.122)
Build info: version: &#039;3.141.59&#039;, revision: &#039;e82be7d358&#039;, time: &#039;2018-11-14T08:17:03&#039;
System info: host: &#039;DESKTOP-GIUBRHR&#039;, ip: &#039;192.168.2.243&#039;, os.name: &#039;Windows 10&#039;, os.arch: &#039;amd64&#039;, os.version: &#039;10.0&#039;, java.version: &#039;17.0.4.1&#039;
Driver info: org.openqa.selenium.chrome.ChromeDriver
Capabilities {acceptInsecureCerts: false, browserName: chrome, browserVersion: 109.0.5414.122, chrome: {chromedriverVersion: 109.0.5414.74 (e7c5703604da..., userDataDir: C:\Users\NKadam\AppData\Loc...}, goog:chromeOptions: {debuggerAddress: localhost:63068}, javascriptEnabled: true, networkConnectionEnabled: false, pageLoadStrategy: normal, platform: WINDOWS, platformName: WINDOWS, proxy: Proxy(), setWindowRect: true, strictFileInteractability: false, timeouts: {implicit: 0, pageLoad: 300000, script: 30000}, unhandledPromptBehavior: dismiss and notify, webauthn:extension:credBlob: true, webauthn:extension:largeBlob: true, webauthn:virtualAuthenticators: true}
Session ID: 5e1caa21c1fea98807740147147405c1" type="java.lang.AssertionError">
      <![CDATA[java.lang.AssertionError: Failed to click on the button: reset : element click intercepted: Element <button _ngcontent-kai-c666="" kendobutton="" title="Collapse All" class="k-button k-button-md k-rounded-md k-button-rectangle k-button-solid-base k-button-solid" role="button" aria-disabled="false" dir="ltr">...</button> is not clickable at point (378, 211). Other element would receive the click: <div _ngcontent-kai-c574="" class="ngx-overlay loading-foreground" style="background-color: rgba(40, 40, 40, 0.8); border-radius: 0px;">...</div>
  (Session info: chrome=109.0.5414.122)
Build info: version: '3.141.59', revision: 'e82be7d358', time: '2018-11-14T08:17:03'
System info: host: 'DESKTOP-GIUBRHR', ip: '192.168.2.243', os.name: 'Windows 10', os.arch: 'amd64', os.version: '10.0', java.version: '17.0.4.1'
Driver info: org.openqa.selenium.chrome.ChromeDriver
Capabilities {acceptInsecureCerts: false, browserName: chrome, browserVersion: 109.0.5414.122, chrome: {chromedriverVersion: 109.0.5414.74 (e7c5703604da..., userDataDir: C:\Users\NKadam\AppData\Loc...}, goog:chromeOptions: {debuggerAddress: localhost:63068}, javascriptEnabled: true, networkConnectionEnabled: false, pageLoadStrategy: normal, platform: WINDOWS, platformName: WINDOWS, proxy: Proxy(), setWindowRect: true, strictFileInteractability: false, timeouts: {implicit: 0, pageLoad: 300000, script: 30000}, unhandledPromptBehavior: dismiss and notify, webauthn:extension:credBlob: true, webauthn:extension:largeBlob: true, webauthn:virtualAuthenticators: true}
Session ID: 5e1caa21c1fea98807740147147405c1
at org.testng.Assert.fail(Assert.java:97)
at utils.BrowserActionBase.clickButton(BrowserActionBase.java:43)
at pages.PmoMyWorkspaceModule.PmoMyworkspaceTaskOptimizationModule.resetButton(PmoMyworkspaceTaskOptimizationModule.java:330)
at pmoMyWorkspaceModuleTest.PmoMyWorkspaceTaskOptimizationTest.resetButtonfunctionality(PmoMyWorkspaceTaskOptimizationTest.java:138)
at java.base/jdk.internal.reflect.NativeMethodAccessorImpl.invoke0(Native Method)
at java.base/jdk.internal.reflect.NativeMethodAccessorImpl.invoke(NativeMethodAccessorImpl.java:77)
at java.base/jdk.internal.reflect.DelegatingMethodAccessorImpl.invoke(DelegatingMethodAccessorImpl.java:43)
at java.base/java.lang.reflect.Method.invoke(Method.java:568)
at org.testng.internal.MethodInvocationHelper.invokeMethod(MethodInvocationHelper.java:133)
at org.testng.internal.TestInvoker.invokeMethod(TestInvoker.java:584)
at org.testng.internal.TestInvoker.invokeTestMethod(TestInvoker.java:172)
at org.testng.internal.MethodRunner.runInSequence(MethodRunner.java:46)
at org.testng.internal.TestInvoker$MethodInvocationAgent.invoke(TestInvoker.java:804)
at org.testng.internal.TestInvoker.invokeTestMethods(TestInvoker.java:145)
at org.testng.internal.TestMethodWorker.invokeTestMethods(TestMethodWorker.java:146)
at org.testng.internal.TestMethodWorker.run(TestMethodWorker.java:128)
at java.base/java.util.ArrayList.forEach(ArrayList.java:1511)
at org.testng.TestRunner.privateRun(TestRunner.java:770)
at org.testng.TestRunner.run(TestRunner.java:591)
at org.testng.SuiteRunner.runTest(SuiteRunner.java:402)
at org.testng.SuiteRunner.runSequentially(SuiteRunner.java:396)
at org.testng.SuiteRunner.privateRun(SuiteRunner.java:355)
at org.testng.SuiteRunner.run(SuiteRunner.java:304)
at org.testng.SuiteRunnerWorker.runSuite(SuiteRunnerWorker.java:53)
at org.testng.SuiteRunnerWorker.run(SuiteRunnerWorker.java:96)
at org.testng.TestNG.runSuitesSequentially(TestNG.java:1180)
at org.testng.TestNG.runSuitesLocally(TestNG.java:1102)
at org.testng.TestNG.runSuites(TestNG.java:1032)
at org.testng.TestNG.run(TestNG.java:1000)
at org.testng.remote.AbstractRemoteTestNG.run(AbstractRemoteTestNG.java:115)
at org.testng.remote.RemoteTestNG.initAndRun(RemoteTestNG.java:251)
at org.testng.remote.RemoteTestNG.main(RemoteTestNG.java:77)
]]>
    </failure>
  </testcase> <!-- resetButtonfunctionality -->
  <testcase classname="pmoMyWorkspaceModuleTest.PmoMyWorkspaceTaskOptimizationTest" name="addSupplimentaryTaskButtonfunctionality" time="2.983">
    <failure message="Failed to click on the button: addSupplimentaryTask : element click intercepted: Element &lt;button _ngcontent-kai-c666=&quot;&quot; kendobutton=&quot;&quot; title=&quot;Collapse All&quot; class=&quot;k-button k-button-md k-rounded-md k-button-rectangle k-button-solid-base k-button-solid&quot; role=&quot;button&quot; aria-disabled=&quot;false&quot; dir=&quot;ltr&quot;&gt;...&lt;/button&gt; is not clickable at point (378, 211). Other element would receive the click: &lt;div _ngcontent-kai-c574=&quot;&quot; class=&quot;ngx-overlay loading-foreground&quot; style=&quot;background-color: rgba(40, 40, 40, 0.8); border-radius: 0px;&quot;&gt;...&lt;/div&gt;
  (Session info: chrome=109.0.5414.122)
Build info: version: &#039;3.141.59&#039;, revision: &#039;e82be7d358&#039;, time: &#039;2018-11-14T08:17:03&#039;
System info: host: &#039;DESKTOP-GIUBRHR&#039;, ip: &#039;192.168.2.243&#039;, os.name: &#039;Windows 10&#039;, os.arch: &#039;amd64&#039;, os.version: &#039;10.0&#039;, java.version: &#039;17.0.4.1&#039;
Driver info: org.openqa.selenium.chrome.ChromeDriver
Capabilities {acceptInsecureCerts: false, browserName: chrome, browserVersion: 109.0.5414.122, chrome: {chromedriverVersion: 109.0.5414.74 (e7c5703604da..., userDataDir: C:\Users\NKadam\AppData\Loc...}, goog:chromeOptions: {debuggerAddress: localhost:63068}, javascriptEnabled: true, networkConnectionEnabled: false, pageLoadStrategy: normal, platform: WINDOWS, platformName: WINDOWS, proxy: Proxy(), setWindowRect: true, strictFileInteractability: false, timeouts: {implicit: 0, pageLoad: 300000, script: 30000}, unhandledPromptBehavior: dismiss and notify, webauthn:extension:credBlob: true, webauthn:extension:largeBlob: true, webauthn:virtualAuthenticators: true}
Session ID: 5e1caa21c1fea98807740147147405c1" type="java.lang.AssertionError">
      <![CDATA[java.lang.AssertionError: Failed to click on the button: addSupplimentaryTask : element click intercepted: Element <button _ngcontent-kai-c666="" kendobutton="" title="Collapse All" class="k-button k-button-md k-rounded-md k-button-rectangle k-button-solid-base k-button-solid" role="button" aria-disabled="false" dir="ltr">...</button> is not clickable at point (378, 211). Other element would receive the click: <div _ngcontent-kai-c574="" class="ngx-overlay loading-foreground" style="background-color: rgba(40, 40, 40, 0.8); border-radius: 0px;">...</div>
  (Session info: chrome=109.0.5414.122)
Build info: version: '3.141.59', revision: 'e82be7d358', time: '2018-11-14T08:17:03'
System info: host: 'DESKTOP-GIUBRHR', ip: '192.168.2.243', os.name: 'Windows 10', os.arch: 'amd64', os.version: '10.0', java.version: '17.0.4.1'
Driver info: org.openqa.selenium.chrome.ChromeDriver
Capabilities {acceptInsecureCerts: false, browserName: chrome, browserVersion: 109.0.5414.122, chrome: {chromedriverVersion: 109.0.5414.74 (e7c5703604da..., userDataDir: C:\Users\NKadam\AppData\Loc...}, goog:chromeOptions: {debuggerAddress: localhost:63068}, javascriptEnabled: true, networkConnectionEnabled: false, pageLoadStrategy: normal, platform: WINDOWS, platformName: WINDOWS, proxy: Proxy(), setWindowRect: true, strictFileInteractability: false, timeouts: {implicit: 0, pageLoad: 300000, script: 30000}, unhandledPromptBehavior: dismiss and notify, webauthn:extension:credBlob: true, webauthn:extension:largeBlob: true, webauthn:virtualAuthenticators: true}
Session ID: 5e1caa21c1fea98807740147147405c1
at org.testng.Assert.fail(Assert.java:97)
at utils.BrowserActionBase.clickButton(BrowserActionBase.java:43)
at pages.PmoMyWorkspaceModule.PmoMyworkspaceTaskOptimizationModule.addSupplimentaryTaskButton(PmoMyworkspaceTaskOptimizationModule.java:346)
at pmoMyWorkspaceModuleTest.PmoMyWorkspaceTaskOptimizationTest.addSupplimentaryTaskButtonfunctionality(PmoMyWorkspaceTaskOptimizationTest.java:144)
at java.base/jdk.internal.reflect.NativeMethodAccessorImpl.invoke0(Native Method)
at java.base/jdk.internal.reflect.NativeMethodAccessorImpl.invoke(NativeMethodAccessorImpl.java:77)
at java.base/jdk.internal.reflect.DelegatingMethodAccessorImpl.invoke(DelegatingMethodAccessorImpl.java:43)
at java.base/java.lang.reflect.Method.invoke(Method.java:568)
at org.testng.internal.MethodInvocationHelper.invokeMethod(MethodInvocationHelper.java:133)
at org.testng.internal.TestInvoker.invokeMethod(TestInvoker.java:584)
at org.testng.internal.TestInvoker.invokeTestMethod(TestInvoker.java:172)
at org.testng.internal.MethodRunner.runInSequence(MethodRunner.java:46)
at org.testng.internal.TestInvoker$MethodInvocationAgent.invoke(TestInvoker.java:804)
at org.testng.internal.TestInvoker.invokeTestMethods(TestInvoker.java:145)
at org.testng.internal.TestMethodWorker.invokeTestMethods(TestMethodWorker.java:146)
at org.testng.internal.TestMethodWorker.run(TestMethodWorker.java:128)
at java.base/java.util.ArrayList.forEach(ArrayList.java:1511)
at org.testng.TestRunner.privateRun(TestRunner.java:770)
at org.testng.TestRunner.run(TestRunner.java:591)
at org.testng.SuiteRunner.runTest(SuiteRunner.java:402)
at org.testng.SuiteRunner.runSequentially(SuiteRunner.java:396)
at org.testng.SuiteRunner.privateRun(SuiteRunner.java:355)
at org.testng.SuiteRunner.run(SuiteRunner.java:304)
at org.testng.SuiteRunnerWorker.runSuite(SuiteRunnerWorker.java:53)
at org.testng.SuiteRunnerWorker.run(SuiteRunnerWorker.java:96)
at org.testng.TestNG.runSuitesSequentially(TestNG.java:1180)
at org.testng.TestNG.runSuitesLocally(TestNG.java:1102)
at org.testng.TestNG.runSuites(TestNG.java:1032)
at org.testng.TestNG.run(TestNG.java:1000)
at org.testng.remote.AbstractRemoteTestNG.run(AbstractRemoteTestNG.java:115)
at org.testng.remote.RemoteTestNG.initAndRun(RemoteTestNG.java:251)
at org.testng.remote.RemoteTestNG.main(RemoteTestNG.java:77)
]]>
    </failure>
  </testcase> <!-- addSupplimentaryTaskButtonfunctionality -->
  <testcase classname="pmoMyWorkspaceModuleTest.PmoMyWorkspaceTaskOptimizationTest" name="selectTaskforOptimization" time="72.577">
    <failure message="Task link is not clickable" type="java.lang.AssertionError">
      <![CDATA[java.lang.AssertionError: Task link is not clickable
at org.testng.Assert.fail(Assert.java:97)
at pages.PmoMyWorkspaceModule.PmoMyworkspaceTaskOptimizationModule.selectTaskLink(PmoMyworkspaceTaskOptimizationModule.java:393)
at pmoMyWorkspaceModuleTest.PmoMyWorkspaceTaskOptimizationTest.selectTaskforOptimization(PmoMyWorkspaceTaskOptimizationTest.java:152)
at java.base/jdk.internal.reflect.NativeMethodAccessorImpl.invoke0(Native Method)
at java.base/jdk.internal.reflect.NativeMethodAccessorImpl.invoke(NativeMethodAccessorImpl.java:77)
at java.base/jdk.internal.reflect.DelegatingMethodAccessorImpl.invoke(DelegatingMethodAccessorImpl.java:43)
at java.base/java.lang.reflect.Method.invoke(Method.java:568)
at org.testng.internal.MethodInvocationHelper.invokeMethod(MethodInvocationHelper.java:133)
at org.testng.internal.TestInvoker.invokeMethod(TestInvoker.java:584)
at org.testng.internal.TestInvoker.invokeTestMethod(TestInvoker.java:172)
at org.testng.internal.MethodRunner.runInSequence(MethodRunner.java:46)
at org.testng.internal.TestInvoker$MethodInvocationAgent.invoke(TestInvoker.java:804)
at org.testng.internal.TestInvoker.invokeTestMethods(TestInvoker.java:145)
at org.testng.internal.TestMethodWorker.invokeTestMethods(TestMethodWorker.java:146)
at org.testng.internal.TestMethodWorker.run(TestMethodWorker.java:128)
at java.base/java.util.ArrayList.forEach(ArrayList.java:1511)
at org.testng.TestRunner.privateRun(TestRunner.java:770)
at org.testng.TestRunner.run(TestRunner.java:591)
at org.testng.SuiteRunner.runTest(SuiteRunner.java:402)
at org.testng.SuiteRunner.runSequentially(SuiteRunner.java:396)
at org.testng.SuiteRunner.privateRun(SuiteRunner.java:355)
at org.testng.SuiteRunner.run(SuiteRunner.java:304)
at org.testng.SuiteRunnerWorker.runSuite(SuiteRunnerWorker.java:53)
at org.testng.SuiteRunnerWorker.run(SuiteRunnerWorker.java:96)
at org.testng.TestNG.runSuitesSequentially(TestNG.java:1180)
at org.testng.TestNG.runSuitesLocally(TestNG.java:1102)
at org.testng.TestNG.runSuites(TestNG.java:1032)
at org.testng.TestNG.run(TestNG.java:1000)
at org.testng.remote.AbstractRemoteTestNG.run(AbstractRemoteTestNG.java:115)
at org.testng.remote.RemoteTestNG.initAndRun(RemoteTestNG.java:251)
at org.testng.remote.RemoteTestNG.main(RemoteTestNG.java:77)
]]>
    </failure>
  </testcase> <!-- selectTaskforOptimization -->
  <testcase classname="pmoMyWorkspaceModuleTest.PmoMyWorkspaceTaskOptimizationTest" name="OptimizationofOriginatask" time="61.250">
    <failure message="Mirror task Button is not clikable" type="java.lang.AssertionError">
      <![CDATA[java.lang.AssertionError: Mirror task Button is not clikable
at org.testng.Assert.fail(Assert.java:97)
at pages.PmoMyWorkspaceModule.PmoMyworkspaceTaskOptimizationModule.mirrorTaskButton(PmoMyworkspaceTaskOptimizationModule.java:408)
at pmoMyWorkspaceModuleTest.PmoMyWorkspaceTaskOptimizationTest.OptimizationofOriginatask(PmoMyWorkspaceTaskOptimizationTest.java:158)
at java.base/jdk.internal.reflect.NativeMethodAccessorImpl.invoke0(Native Method)
at java.base/jdk.internal.reflect.NativeMethodAccessorImpl.invoke(NativeMethodAccessorImpl.java:77)
at java.base/jdk.internal.reflect.DelegatingMethodAccessorImpl.invoke(DelegatingMethodAccessorImpl.java:43)
at java.base/java.lang.reflect.Method.invoke(Method.java:568)
at org.testng.internal.MethodInvocationHelper.invokeMethod(MethodInvocationHelper.java:133)
at org.testng.internal.TestInvoker.invokeMethod(TestInvoker.java:584)
at org.testng.internal.TestInvoker.invokeTestMethod(TestInvoker.java:172)
at org.testng.internal.MethodRunner.runInSequence(MethodRunner.java:46)
at org.testng.internal.TestInvoker$MethodInvocationAgent.invoke(TestInvoker.java:804)
at org.testng.internal.TestInvoker.invokeTestMethods(TestInvoker.java:145)
at org.testng.internal.TestMethodWorker.invokeTestMethods(TestMethodWorker.java:146)
at org.testng.internal.TestMethodWorker.run(TestMethodWorker.java:128)
at java.base/java.util.ArrayList.forEach(ArrayList.java:1511)
at org.testng.TestRunner.privateRun(TestRunner.java:770)
at org.testng.TestRunner.run(TestRunner.java:591)
at org.testng.SuiteRunner.runTest(SuiteRunner.java:402)
at org.testng.SuiteRunner.runSequentially(SuiteRunner.java:396)
at org.testng.SuiteRunner.privateRun(SuiteRunner.java:355)
at org.testng.SuiteRunner.run(SuiteRunner.java:304)
at org.testng.SuiteRunnerWorker.runSuite(SuiteRunnerWorker.java:53)
at org.testng.SuiteRunnerWorker.run(SuiteRunnerWorker.java:96)
at org.testng.TestNG.runSuitesSequentially(TestNG.java:1180)
at org.testng.TestNG.runSuitesLocally(TestNG.java:1102)
at org.testng.TestNG.runSuites(TestNG.java:1032)
at org.testng.TestNG.run(TestNG.java:1000)
at org.testng.remote.AbstractRemoteTestNG.run(AbstractRemoteTestNG.java:115)
at org.testng.remote.RemoteTestNG.initAndRun(RemoteTestNG.java:251)
at org.testng.remote.RemoteTestNG.main(RemoteTestNG.java:77)
]]>
    </failure>
  </testcase> <!-- OptimizationofOriginatask -->
</testsuite> <!-- pmoMyWorkspaceModuleTest.PmoMyWorkspaceTaskOptimizationTest -->
