<?xml version="1.0" encoding="UTF-8"?>
<!-- Generated by org.testng.reporters.JUnitReportReporter -->
<testsuite hostname="DESKTOP-AUNNS5C" failures="1" tests="17" name="pmoMyWorkspaceModuleTest.PmoMyWorkspaceReviewJobTest" time="607.720" errors="0" timestamp="2023-02-01T16:14:53 IST" skipped="0">
  <testcase classname="pmoMyWorkspaceModuleTest.PmoMyWorkspaceReviewJobTest" name="LaunchPmomodule" time="46.615"/>
  <testcase classname="pmoMyWorkspaceModuleTest.PmoMyWorkspaceReviewJobTest" name="searchAsset" time="2.572"/>
  <testcase classname="pmoMyWorkspaceModuleTest.PmoMyWorkspaceReviewJobTest" name="ContinueButton" time="14.056"/>
  <testcase classname="pmoMyWorkspaceModuleTest.PmoMyWorkspaceReviewJobTest" name="collapseAll" time="22.715"/>
  <testcase classname="pmoMyWorkspaceModuleTest.PmoMyWorkspaceReviewJobTest" name="generateJobPlanButton" time="23.087"/>
  <testcase classname="pmoMyWorkspaceModuleTest.PmoMyWorkspaceReviewJobTest" name="NextButton" time="7.572"/>
  <testcase classname="pmoMyWorkspaceModuleTest.PmoMyWorkspaceReviewJobTest" name="ClickOnTask" time="23.036"/>
  <testcase classname="pmoMyWorkspaceModuleTest.PmoMyWorkspaceReviewJobTest" name="ClickOnSearchTask" time="22.608"/>
  <testcase classname="pmoMyWorkspaceModuleTest.PmoMyWorkspaceReviewJobTest" name="ClickOnDeleteTask" time="23.255"/>
  <testcase classname="pmoMyWorkspaceModuleTest.PmoMyWorkspaceReviewJobTest" name="ClickOnSaveTask" time="22.744"/>
  <testcase classname="pmoMyWorkspaceModuleTest.PmoMyWorkspaceReviewJobTest" name="addtask" time="70.285"/>
  <testcase classname="pmoMyWorkspaceModuleTest.PmoMyWorkspaceReviewJobTest" name="Recorder" time="79.478"/>
  <testcase classname="pmoMyWorkspaceModuleTest.PmoMyWorkspaceReviewJobTest" name="excel" time="60.313"/>
  <testcase classname="pmoMyWorkspaceModuleTest.PmoMyWorkspaceReviewJobTest" name="ActionButton" time="12.308"/>
  <testcase classname="pmoMyWorkspaceModuleTest.PmoMyWorkspaceReviewJobTest" name="AddAction" time="74.743"/>
  <testcase classname="pmoMyWorkspaceModuleTest.PmoMyWorkspaceReviewJobTest" name="NotesTab" time="53.460"/>
  <testcase classname="pmoMyWorkspaceModuleTest.PmoMyWorkspaceReviewJobTest" name="RefreneceDocumenetTab" time="48.873">
    <failure message="not select documentSave button" type="java.lang.AssertionError">
      <![CDATA[java.lang.AssertionError: not select documentSave button
at org.testng.Assert.fail(Assert.java:97)
at pages.PmoMyWorkspaceModule.PmoMyWorkspaceReviewJobPlanModule.documentSaveButton(PmoMyWorkspaceReviewJobPlanModule.java:810)
at pmoMyWorkspaceModuleTest.PmoMyWorkspaceReviewJobTest.RefreneceDocumenetTab(PmoMyWorkspaceReviewJobTest.java:257)
at java.base/jdk.internal.reflect.NativeMethodAccessorImpl.invoke0(Native Method)
at java.base/jdk.internal.reflect.NativeMethodAccessorImpl.invoke(NativeMethodAccessorImpl.java:77)
at java.base/jdk.internal.reflect.DelegatingMethodAccessorImpl.invoke(DelegatingMethodAccessorImpl.java:43)
at java.base/java.lang.reflect.Method.invoke(Method.java:568)
at org.testng.internal.MethodInvocationHelper.invokeMethod(MethodInvocationHelper.java:133)
at org.testng.internal.TestInvoker.invokeMethod(TestInvoker.java:584)
at org.testng.internal.TestInvoker.invokeTestMethod(TestInvoker.java:172)
at org.testng.internal.MethodRunner.runInSequence(MethodRunner.java:46)
at org.testng.internal.TestInvoker$MethodInvocationAgent.invoke(TestInvoker.java:804)
at org.testng.internal.TestInvoker.invokeTestMethods(TestInvoker.java:145)
at org.testng.internal.TestMethodWorker.invokeTestMethods(TestMethodWorker.java:146)
at org.testng.internal.TestMethodWorker.run(TestMethodWorker.java:128)
at java.base/java.util.ArrayList.forEach(ArrayList.java:1511)
at org.testng.TestRunner.privateRun(TestRunner.java:770)
at org.testng.TestRunner.run(TestRunner.java:591)
at org.testng.SuiteRunner.runTest(SuiteRunner.java:402)
at org.testng.SuiteRunner.runSequentially(SuiteRunner.java:396)
at org.testng.SuiteRunner.privateRun(SuiteRunner.java:355)
at org.testng.SuiteRunner.run(SuiteRunner.java:304)
at org.testng.SuiteRunnerWorker.runSuite(SuiteRunnerWorker.java:53)
at org.testng.SuiteRunnerWorker.run(SuiteRunnerWorker.java:96)
at org.testng.TestNG.runSuitesSequentially(TestNG.java:1180)
at org.testng.TestNG.runSuitesLocally(TestNG.java:1102)
at org.testng.TestNG.runSuites(TestNG.java:1032)
at org.testng.TestNG.run(TestNG.java:1000)
at org.testng.remote.AbstractRemoteTestNG.run(AbstractRemoteTestNG.java:115)
at org.testng.remote.RemoteTestNG.initAndRun(RemoteTestNG.java:251)
at org.testng.remote.RemoteTestNG.main(RemoteTestNG.java:77)
]]>
    </failure>
  </testcase> <!-- RefreneceDocumenetTab -->
</testsuite> <!-- pmoMyWorkspaceModuleTest.PmoMyWorkspaceReviewJobTest -->
