<?xml version="1.0" encoding="UTF-8"?>
<!-- Generated by org.testng.reporters.JUnitReportReporter -->
<testsuite hostname="DESKTOP-AUNNS5C" failures="0" tests="46" name="pmoMyWorkspaceModuleTest.PmoMyWorkspaceHierarchyModuleTest" time="787.865" errors="2" timestamp="2023-01-17T15:47:28 IST" skipped="29">
  <testcase classname="pmoMyWorkspaceModuleTest.PmoMyWorkspaceHierarchyModuleTest" name="afterMethodUpdateExtentReportWithTestDetails" time="0.115">
    <error message="no such window: target window already closed
from unknown error: web view not found
  (Session info: chrome=109.0.5414.74)
Build info: version: &#039;3.141.59&#039;, revision: &#039;e82be7d358&#039;, time: &#039;2018-11-14T08:17:03&#039;
System info: host: &#039;DESKTOP-AUNNS5C&#039;, ip: &#039;192.168.2.214&#039;, os.name: &#039;Windows 10&#039;, os.arch: &#039;amd64&#039;, os.version: &#039;10.0&#039;, java.version: &#039;17.0.4&#039;
Driver info: org.openqa.selenium.chrome.ChromeDriver
Capabilities {acceptInsecureCerts: false, browserName: chrome, browserVersion: 109.0.5414.74, chrome: {chromedriverVersion: 109.0.5414.74 (e7c5703604da..., userDataDir: C:\Users\RChavan\AppData\Lo...}, goog:chromeOptions: {debuggerAddress: localhost:62518}, javascriptEnabled: true, networkConnectionEnabled: false, pageLoadStrategy: normal, platform: WINDOWS, platformName: WINDOWS, proxy: Proxy(), setWindowRect: true, strictFileInteractability: false, timeouts: {implicit: 0, pageLoad: 300000, script: 30000}, unhandledPromptBehavior: dismiss and notify, webauthn:extension:credBlob: true, webauthn:extension:largeBlob: true, webauthn:virtualAuthenticators: true}
Session ID: 999e1295b030f862e72a59a19db5bed1" type="org.openqa.selenium.NoSuchWindowException">
      <![CDATA[org.openqa.selenium.NoSuchWindowException: no such window: target window already closed
from unknown error: web view not found
  (Session info: chrome=109.0.5414.74)
Build info: version: '3.141.59', revision: 'e82be7d358', time: '2018-11-14T08:17:03'
System info: host: 'DESKTOP-AUNNS5C', ip: '192.168.2.214', os.name: 'Windows 10', os.arch: 'amd64', os.version: '10.0', java.version: '17.0.4'
Driver info: org.openqa.selenium.chrome.ChromeDriver
Capabilities {acceptInsecureCerts: false, browserName: chrome, browserVersion: 109.0.5414.74, chrome: {chromedriverVersion: 109.0.5414.74 (e7c5703604da..., userDataDir: C:\Users\RChavan\AppData\Lo...}, goog:chromeOptions: {debuggerAddress: localhost:62518}, javascriptEnabled: true, networkConnectionEnabled: false, pageLoadStrategy: normal, platform: WINDOWS, platformName: WINDOWS, proxy: Proxy(), setWindowRect: true, strictFileInteractability: false, timeouts: {implicit: 0, pageLoad: 300000, script: 30000}, unhandledPromptBehavior: dismiss and notify, webauthn:extension:credBlob: true, webauthn:extension:largeBlob: true, webauthn:virtualAuthenticators: true}
Session ID: 999e1295b030f862e72a59a19db5bed1
at java.base/jdk.internal.reflect.NativeConstructorAccessorImpl.newInstance0(Native Method)
at java.base/jdk.internal.reflect.NativeConstructorAccessorImpl.newInstance(NativeConstructorAccessorImpl.java:77)
at java.base/jdk.internal.reflect.DelegatingConstructorAccessorImpl.newInstance(DelegatingConstructorAccessorImpl.java:45)
at java.base/java.lang.reflect.Constructor.newInstanceWithCaller(Constructor.java:499)
at java.base/java.lang.reflect.Constructor.newInstance(Constructor.java:480)
at org.openqa.selenium.remote.http.W3CHttpResponseCodec.createException(W3CHttpResponseCodec.java:187)
at org.openqa.selenium.remote.http.W3CHttpResponseCodec.decode(W3CHttpResponseCodec.java:122)
at org.openqa.selenium.remote.http.W3CHttpResponseCodec.decode(W3CHttpResponseCodec.java:49)
at org.openqa.selenium.remote.HttpCommandExecutor.execute(HttpCommandExecutor.java:158)
at org.openqa.selenium.remote.service.DriverCommandExecutor.execute(DriverCommandExecutor.java:83)
at org.openqa.selenium.remote.RemoteWebDriver.execute(RemoteWebDriver.java:552)
at org.openqa.selenium.remote.RemoteWebDriver.execute(RemoteWebDriver.java:609)
at org.openqa.selenium.remote.RemoteWebDriver.getScreenshotAs(RemoteWebDriver.java:295)
at utils.ScreenshotHelper.takeScreenshot(ScreenshotHelper.java:53)
at utils.ExtentReport.addScreenshot(ExtentReport.java:223)
at utils.logger.LogsManager.addScreenshot(LogsManager.java:258)
at tests.TestBase.afterMethodUpdateExtentReportWithTestDetails(TestBase.java:136)
at java.base/jdk.internal.reflect.NativeMethodAccessorImpl.invoke0(Native Method)
at java.base/jdk.internal.reflect.NativeMethodAccessorImpl.invoke(NativeMethodAccessorImpl.java:77)
at java.base/jdk.internal.reflect.DelegatingMethodAccessorImpl.invoke(DelegatingMethodAccessorImpl.java:43)
at java.base/java.lang.reflect.Method.invoke(Method.java:568)
at org.testng.internal.MethodInvocationHelper.invokeMethod(MethodInvocationHelper.java:133)
at org.testng.internal.MethodInvocationHelper.invokeMethodConsideringTimeout(MethodInvocationHelper.java:62)
at org.testng.internal.ConfigInvoker.invokeConfigurationMethod(ConfigInvoker.java:340)
at org.testng.internal.ConfigInvoker.invokeConfigurations(ConfigInvoker.java:294)
at org.testng.internal.TestInvoker.runConfigMethods(TestInvoker.java:683)
at org.testng.internal.TestInvoker.runAfterGroupsConfigurations(TestInvoker.java:658)
at org.testng.internal.TestInvoker.invokeMethod(TestInvoker.java:642)
at org.testng.internal.TestInvoker.invokeTestMethod(TestInvoker.java:172)
at org.testng.internal.MethodRunner.runInSequence(MethodRunner.java:46)
at org.testng.internal.TestInvoker$MethodInvocationAgent.invoke(TestInvoker.java:804)
at org.testng.internal.TestInvoker.invokeTestMethods(TestInvoker.java:145)
at org.testng.internal.TestMethodWorker.invokeTestMethods(TestMethodWorker.java:146)
at org.testng.internal.TestMethodWorker.run(TestMethodWorker.java:128)
at java.base/java.util.ArrayList.forEach(ArrayList.java:1511)
at org.testng.TestRunner.privateRun(TestRunner.java:770)
at org.testng.TestRunner.run(TestRunner.java:591)
at org.testng.SuiteRunner.runTest(SuiteRunner.java:402)
at org.testng.SuiteRunner.runSequentially(SuiteRunner.java:396)
at org.testng.SuiteRunner.privateRun(SuiteRunner.java:355)
at org.testng.SuiteRunner.run(SuiteRunner.java:304)
at org.testng.SuiteRunnerWorker.runSuite(SuiteRunnerWorker.java:53)
at org.testng.SuiteRunnerWorker.run(SuiteRunnerWorker.java:96)
at org.testng.TestNG.runSuitesSequentially(TestNG.java:1180)
at org.testng.TestNG.runSuitesLocally(TestNG.java:1102)
at org.testng.TestNG.runSuites(TestNG.java:1032)
at org.testng.TestNG.run(TestNG.java:1000)
at org.testng.remote.AbstractRemoteTestNG.run(AbstractRemoteTestNG.java:115)
at org.testng.remote.RemoteTestNG.initAndRun(RemoteTestNG.java:251)
at org.testng.remote.RemoteTestNG.main(RemoteTestNG.java:77)
]]>
    </error>
  </testcase> <!-- afterMethodUpdateExtentReportWithTestDetails -->
  <testcase classname="pmoMyWorkspaceModuleTest.PmoMyWorkspaceHierarchyModuleTest" name="LaunchPmomodule" time="48.499"/>
  <testcase classname="pmoMyWorkspaceModuleTest.PmoMyWorkspaceHierarchyModuleTest" name="searchAsset" time="2.870"/>
  <testcase classname="pmoMyWorkspaceModuleTest.PmoMyWorkspaceHierarchyModuleTest" name="ContinueButton" time="14.824"/>
  <testcase classname="pmoMyWorkspaceModuleTest.PmoMyWorkspaceHierarchyModuleTest" name="validateAssetnumText" time="2.461"/>
  <testcase classname="pmoMyWorkspaceModuleTest.PmoMyWorkspaceHierarchyModuleTest" name="ECRButton" time="22.515"/>
  <testcase classname="pmoMyWorkspaceModuleTest.PmoMyWorkspaceHierarchyModuleTest" name="ECR_RadioButton" time="295.449"/>
  <testcase classname="pmoMyWorkspaceModuleTest.PmoMyWorkspaceHierarchyModuleTest" name="ECRTabButton" time="12.559"/>
  <testcase classname="pmoMyWorkspaceModuleTest.PmoMyWorkspaceHierarchyModuleTest" name="ECRTabpagination" time="62.669"/>
  <testcase classname="pmoMyWorkspaceModuleTest.PmoMyWorkspaceHierarchyModuleTest" name="ECRCloseButton" time="2.439"/>
  <testcase classname="pmoMyWorkspaceModuleTest.PmoMyWorkspaceHierarchyModuleTest" name="ECRcountvalidation" time="43.142"/>
  <testcase classname="pmoMyWorkspaceModuleTest.PmoMyWorkspaceHierarchyModuleTest" name="Assetimage" time="42.173"/>
  <testcase classname="pmoMyWorkspaceModuleTest.PmoMyWorkspaceHierarchyModuleTest" name="AssetDocumenet" time="81.372"/>
  <testcase classname="pmoMyWorkspaceModuleTest.PmoMyWorkspaceHierarchyModuleTest" name="AssetURL" time="56.587"/>
  <testcase classname="pmoMyWorkspaceModuleTest.PmoMyWorkspaceHierarchyModuleTest" name="FunctionTab" time="21.821"/>
  <testcase classname="pmoMyWorkspaceModuleTest.PmoMyWorkspaceHierarchyModuleTest" name="AddFunction" time="58.914"/>
  <testcase classname="pmoMyWorkspaceModuleTest.PmoMyWorkspaceHierarchyModuleTest" name="AddFunctionvalidation" time="19.456">
    <error message="no such window: target window already closed
from unknown error: web view not found
  (Session info: chrome=109.0.5414.74)
Build info: version: &#039;3.141.59&#039;, revision: &#039;e82be7d358&#039;, time: &#039;2018-11-14T08:17:03&#039;
System info: host: &#039;DESKTOP-AUNNS5C&#039;, ip: &#039;192.168.2.214&#039;, os.name: &#039;Windows 10&#039;, os.arch: &#039;amd64&#039;, os.version: &#039;10.0&#039;, java.version: &#039;17.0.4&#039;
Driver info: org.openqa.selenium.chrome.ChromeDriver
Capabilities {acceptInsecureCerts: false, browserName: chrome, browserVersion: 109.0.5414.74, chrome: {chromedriverVersion: 109.0.5414.74 (e7c5703604da..., userDataDir: C:\Users\RChavan\AppData\Lo...}, goog:chromeOptions: {debuggerAddress: localhost:62518}, javascriptEnabled: true, networkConnectionEnabled: false, pageLoadStrategy: normal, platform: WINDOWS, platformName: WINDOWS, proxy: Proxy(), setWindowRect: true, strictFileInteractability: false, timeouts: {implicit: 0, pageLoad: 300000, script: 30000}, unhandledPromptBehavior: dismiss and notify, webauthn:extension:credBlob: true, webauthn:extension:largeBlob: true, webauthn:virtualAuthenticators: true}
Session ID: 999e1295b030f862e72a59a19db5bed1" type="org.openqa.selenium.NoSuchWindowException">
      <![CDATA[org.openqa.selenium.NoSuchWindowException: no such window: target window already closed
from unknown error: web view not found
  (Session info: chrome=109.0.5414.74)
Build info: version: '3.141.59', revision: 'e82be7d358', time: '2018-11-14T08:17:03'
System info: host: 'DESKTOP-AUNNS5C', ip: '192.168.2.214', os.name: 'Windows 10', os.arch: 'amd64', os.version: '10.0', java.version: '17.0.4'
Driver info: org.openqa.selenium.chrome.ChromeDriver
Capabilities {acceptInsecureCerts: false, browserName: chrome, browserVersion: 109.0.5414.74, chrome: {chromedriverVersion: 109.0.5414.74 (e7c5703604da..., userDataDir: C:\Users\RChavan\AppData\Lo...}, goog:chromeOptions: {debuggerAddress: localhost:62518}, javascriptEnabled: true, networkConnectionEnabled: false, pageLoadStrategy: normal, platform: WINDOWS, platformName: WINDOWS, proxy: Proxy(), setWindowRect: true, strictFileInteractability: false, timeouts: {implicit: 0, pageLoad: 300000, script: 30000}, unhandledPromptBehavior: dismiss and notify, webauthn:extension:credBlob: true, webauthn:extension:largeBlob: true, webauthn:virtualAuthenticators: true}
Session ID: 999e1295b030f862e72a59a19db5bed1
at java.base/jdk.internal.reflect.NativeConstructorAccessorImpl.newInstance0(Native Method)
at java.base/jdk.internal.reflect.NativeConstructorAccessorImpl.newInstance(NativeConstructorAccessorImpl.java:77)
at java.base/jdk.internal.reflect.DelegatingConstructorAccessorImpl.newInstance(DelegatingConstructorAccessorImpl.java:45)
at java.base/java.lang.reflect.Constructor.newInstanceWithCaller(Constructor.java:499)
at java.base/java.lang.reflect.Constructor.newInstance(Constructor.java:480)
at org.openqa.selenium.remote.http.W3CHttpResponseCodec.createException(W3CHttpResponseCodec.java:187)
at org.openqa.selenium.remote.http.W3CHttpResponseCodec.decode(W3CHttpResponseCodec.java:122)
at org.openqa.selenium.remote.http.W3CHttpResponseCodec.decode(W3CHttpResponseCodec.java:49)
at org.openqa.selenium.remote.HttpCommandExecutor.execute(HttpCommandExecutor.java:158)
at org.openqa.selenium.remote.service.DriverCommandExecutor.execute(DriverCommandExecutor.java:83)
at org.openqa.selenium.remote.RemoteWebDriver.execute(RemoteWebDriver.java:552)
at org.openqa.selenium.remote.RemoteWebDriver.execute(RemoteWebDriver.java:609)
at org.openqa.selenium.remote.RemoteWebDriver.getScreenshotAs(RemoteWebDriver.java:295)
at utils.ScreenshotHelper.takeScreenshot(ScreenshotHelper.java:53)
at utils.ExtentReport.addScreenshot(ExtentReport.java:223)
at utils.logger.LogsManager.addScreenshot(LogsManager.java:258)
at utils.BrowserActions.getTextContentOfElement(BrowserActions.java:166)
at pages.PmoMyWorkspaceModule.PmoMyWorkspaceHierarchyModule.functionValiText(PmoMyWorkspaceHierarchyModule.java:509)
at pmoMyWorkspaceModuleTest.PmoMyWorkspaceHierarchyModuleTest.AddFunctionvalidation(PmoMyWorkspaceHierarchyModuleTest.java:195)
at java.base/jdk.internal.reflect.NativeMethodAccessorImpl.invoke0(Native Method)
at java.base/jdk.internal.reflect.NativeMethodAccessorImpl.invoke(NativeMethodAccessorImpl.java:77)
at java.base/jdk.internal.reflect.DelegatingMethodAccessorImpl.invoke(DelegatingMethodAccessorImpl.java:43)
at java.base/java.lang.reflect.Method.invoke(Method.java:568)
at org.testng.internal.MethodInvocationHelper.invokeMethod(MethodInvocationHelper.java:133)
at org.testng.internal.TestInvoker.invokeMethod(TestInvoker.java:584)
at org.testng.internal.TestInvoker.invokeTestMethod(TestInvoker.java:172)
at org.testng.internal.MethodRunner.runInSequence(MethodRunner.java:46)
at org.testng.internal.TestInvoker$MethodInvocationAgent.invoke(TestInvoker.java:804)
at org.testng.internal.TestInvoker.invokeTestMethods(TestInvoker.java:145)
at org.testng.internal.TestMethodWorker.invokeTestMethods(TestMethodWorker.java:146)
at org.testng.internal.TestMethodWorker.run(TestMethodWorker.java:128)
at java.base/java.util.ArrayList.forEach(ArrayList.java:1511)
at org.testng.TestRunner.privateRun(TestRunner.java:770)
at org.testng.TestRunner.run(TestRunner.java:591)
at org.testng.SuiteRunner.runTest(SuiteRunner.java:402)
at org.testng.SuiteRunner.runSequentially(SuiteRunner.java:396)
at org.testng.SuiteRunner.privateRun(SuiteRunner.java:355)
at org.testng.SuiteRunner.run(SuiteRunner.java:304)
at org.testng.SuiteRunnerWorker.runSuite(SuiteRunnerWorker.java:53)
at org.testng.SuiteRunnerWorker.run(SuiteRunnerWorker.java:96)
at org.testng.TestNG.runSuitesSequentially(TestNG.java:1180)
at org.testng.TestNG.runSuitesLocally(TestNG.java:1102)
at org.testng.TestNG.runSuites(TestNG.java:1032)
at org.testng.TestNG.run(TestNG.java:1000)
at org.testng.remote.AbstractRemoteTestNG.run(AbstractRemoteTestNG.java:115)
at org.testng.remote.RemoteTestNG.initAndRun(RemoteTestNG.java:251)
at org.testng.remote.RemoteTestNG.main(RemoteTestNG.java:77)
]]>
    </error>
  </testcase> <!-- AddFunctionvalidation -->
  <testcase classname="pmoMyWorkspaceModuleTest.PmoMyWorkspaceHierarchyModuleTest" name="ResetFunction" time="0.000">
    <skipped/>
  </testcase> <!-- ResetFunction -->
  <testcase classname="pmoMyWorkspaceModuleTest.PmoMyWorkspaceHierarchyModuleTest" name="ResetFunctionvalidation" time="0.000">
    <skipped/>
  </testcase> <!-- ResetFunctionvalidation -->
  <testcase classname="pmoMyWorkspaceModuleTest.PmoMyWorkspaceHierarchyModuleTest" name="FunctionExporttoexcelButton" time="0.000">
    <skipped/>
  </testcase> <!-- FunctionExporttoexcelButton -->
  <testcase classname="pmoMyWorkspaceModuleTest.PmoMyWorkspaceHierarchyModuleTest" name="FunctionValidation" time="0.000">
    <skipped/>
  </testcase> <!-- FunctionValidation -->
  <testcase classname="pmoMyWorkspaceModuleTest.PmoMyWorkspaceHierarchyModuleTest" name="DeleteFunctionValidation" time="0.000">
    <skipped/>
  </testcase> <!-- DeleteFunctionValidation -->
  <testcase classname="pmoMyWorkspaceModuleTest.PmoMyWorkspaceHierarchyModuleTest" name="NavigatecomponentButton" time="0.000">
    <skipped/>
  </testcase> <!-- NavigatecomponentButton -->
  <testcase classname="pmoMyWorkspaceModuleTest.PmoMyWorkspaceHierarchyModuleTest" name="Addcomponent" time="0.000">
    <skipped/>
  </testcase> <!-- Addcomponent -->
  <testcase classname="pmoMyWorkspaceModuleTest.PmoMyWorkspaceHierarchyModuleTest" name="ComValidation" time="0.000">
    <skipped/>
  </testcase> <!-- ComValidation -->
  <testcase classname="pmoMyWorkspaceModuleTest.PmoMyWorkspaceHierarchyModuleTest" name="Searchcomponent1" time="0.000">
    <skipped/>
  </testcase> <!-- Searchcomponent1 -->
  <testcase classname="pmoMyWorkspaceModuleTest.PmoMyWorkspaceHierarchyModuleTest" name="ComEdit" time="0.000">
    <skipped/>
  </testcase> <!-- ComEdit -->
  <testcase classname="pmoMyWorkspaceModuleTest.PmoMyWorkspaceHierarchyModuleTest" name="ComEditValidation" time="0.000">
    <skipped/>
  </testcase> <!-- ComEditValidation -->
  <testcase classname="pmoMyWorkspaceModuleTest.PmoMyWorkspaceHierarchyModuleTest" name="Searchcomponent" time="0.000">
    <skipped/>
  </testcase> <!-- Searchcomponent -->
  <testcase classname="pmoMyWorkspaceModuleTest.PmoMyWorkspaceHierarchyModuleTest" name="FunctionEditButton" time="0.000">
    <skipped/>
  </testcase> <!-- FunctionEditButton -->
  <testcase classname="pmoMyWorkspaceModuleTest.PmoMyWorkspaceHierarchyModuleTest" name="CompoResetButton" time="0.000">
    <skipped/>
  </testcase> <!-- CompoResetButton -->
  <testcase classname="pmoMyWorkspaceModuleTest.PmoMyWorkspaceHierarchyModuleTest" name="MasterFailureButton" time="0.000">
    <skipped/>
  </testcase> <!-- MasterFailureButton -->
  <testcase classname="pmoMyWorkspaceModuleTest.PmoMyWorkspaceHierarchyModuleTest" name="MasterFailureButtonValidation" time="0.000">
    <skipped/>
  </testcase> <!-- MasterFailureButtonValidation -->
  <testcase classname="pmoMyWorkspaceModuleTest.PmoMyWorkspaceHierarchyModuleTest" name="MasterFailurEditeeButton" time="0.000">
    <skipped/>
  </testcase> <!-- MasterFailurEditeeButton -->
  <testcase classname="pmoMyWorkspaceModuleTest.PmoMyWorkspaceHierarchyModuleTest" name="MasterFailureButtonVali" time="0.000">
    <skipped/>
  </testcase> <!-- MasterFailureButtonVali -->
  <testcase classname="pmoMyWorkspaceModuleTest.PmoMyWorkspaceHierarchyModuleTest" name="MasterFailurDeleteeButton" time="0.000">
    <skipped/>
  </testcase> <!-- MasterFailurDeleteeButton -->
  <testcase classname="pmoMyWorkspaceModuleTest.PmoMyWorkspaceHierarchyModuleTest" name="MasterFailurDeleteeButtonVali" time="0.000">
    <skipped/>
  </testcase> <!-- MasterFailurDeleteeButtonVali -->
  <testcase classname="pmoMyWorkspaceModuleTest.PmoMyWorkspaceHierarchyModuleTest" name="Deletecomponet" time="0.000">
    <skipped/>
  </testcase> <!-- Deletecomponet -->
  <testcase classname="pmoMyWorkspaceModuleTest.PmoMyWorkspaceHierarchyModuleTest" name="InteFunctionComp" time="0.000">
    <skipped/>
  </testcase> <!-- InteFunctionComp -->
  <testcase classname="pmoMyWorkspaceModuleTest.PmoMyWorkspaceHierarchyModuleTest" name="InteFunctionComp_2" time="0.000">
    <skipped/>
  </testcase> <!-- InteFunctionComp_2 -->
  <testcase classname="pmoMyWorkspaceModuleTest.PmoMyWorkspaceHierarchyModuleTest" name="FailureComponetcount" time="0.000">
    <skipped/>
  </testcase> <!-- FailureComponetcount -->
  <testcase classname="pmoMyWorkspaceModuleTest.PmoMyWorkspaceHierarchyModuleTest" name="internal" time="0.000">
    <skipped/>
  </testcase> <!-- internal -->
  <testcase classname="pmoMyWorkspaceModuleTest.PmoMyWorkspaceHierarchyModuleTest" name="external" time="0.000">
    <skipped/>
  </testcase> <!-- external -->
  <testcase classname="pmoMyWorkspaceModuleTest.PmoMyWorkspaceHierarchyModuleTest" name="UnFailureComponetcountApplyall">
    <skipped/>
  </testcase> <!-- UnFailureComponetcountApplyall -->
  <testcase classname="pmoMyWorkspaceModuleTest.PmoMyWorkspaceHierarchyModuleTest" name="Componetcount">
    <skipped/>
  </testcase> <!-- Componetcount -->
  <testcase classname="pmoMyWorkspaceModuleTest.PmoMyWorkspaceHierarchyModuleTest" name="UnFailureComponetcount">
    <skipped/>
  </testcase> <!-- UnFailureComponetcount -->
</testsuite> <!-- pmoMyWorkspaceModuleTest.PmoMyWorkspaceHierarchyModuleTest -->
